<?xml version="1.0" encoding="UTF-8"?>
<testsuites tests="958" failures="0" disabled="2" errors="0" time="203.188" timestamp="2025-05-20T07:56:07.362" name="AllTests">
  <testsuite name="MatmulTest" tests="6" failures="0" disabled="2" skipped="2" errors="0" time="11.187" timestamp="2025-05-20T07:56:07.362">
    <testcase name="MatmulMatmulAmpere" file="/opt/pytorch/nvfuser/tests/cpp/test_matmul.cpp" line="664" status="run" result="completed" time="10.243" timestamp="2025-05-20T07:56:07.362" classname="MatmulTest" />
    <testcase name="AmpereStridedBatchedMatmulTN" file="/opt/pytorch/nvfuser/tests/cpp/test_matmul.cpp" line="1519" status="run" result="completed" time="0.943" timestamp="2025-05-20T07:56:17.606" classname="MatmulTest" />
    <testcase name="AmpereMatmulSmemEpiloguePromotionRequiredA100" file="/opt/pytorch/nvfuser/tests/cpp/test_matmul.cpp" line="2635" status="run" result="skipped" time="0." timestamp="2025-05-20T07:56:18.550" classname="MatmulTest">
      <skipped message="/opt/pytorch/nvfuser/tests/cpp/test_matmul.cpp:2636&#x0A;Requires GPU capability &gt;= 8.0 and &lt; 9.0 to run.&#x0A;&#x0A;"><![CDATA[/opt/pytorch/nvfuser/tests/cpp/test_matmul.cpp:2636
Requires GPU capability >= 8.0 and < 9.0 to run.

]]></skipped>
    </testcase>
    <testcase name="DISABLED_MultipleNonConsecutiveMDims" file="/opt/pytorch/nvfuser/tests/cpp/test_matmul.cpp" line="3468" status="notrun" result="suppressed" time="0." timestamp="1969-12-31T16:00:00.000" classname="MatmulTest" />
    <testcase name="DISABLED_MultipleNonConsecutiveNDims" file="/opt/pytorch/nvfuser/tests/cpp/test_matmul.cpp" line="3531" status="notrun" result="suppressed" time="0." timestamp="1969-12-31T16:00:00.000" classname="MatmulTest" />
    <testcase name="MultipleMDimsBatch" file="/opt/pytorch/nvfuser/tests/cpp/test_matmul.cpp" line="3589" status="run" result="skipped" time="0." timestamp="2025-05-20T07:56:18.550" classname="MatmulTest">
      <skipped message="/opt/pytorch/nvfuser/tests/cpp/test_matmul.cpp:3590&#x0A;Requires GPU capability &gt;= 7.5 and &lt; 9.0 to run.&#x0A;&#x0A;"><![CDATA[/opt/pytorch/nvfuser/tests/cpp/test_matmul.cpp:3590
Requires GPU capability >= 7.5 and < 9.0 to run.

]]></skipped>
    </testcase>
  </testsuite>
  <testsuite name="HopperMatmulTest" tests="4" failures="0" disabled="0" skipped="0" errors="0" time="2.526" timestamp="2025-05-20T07:56:18.550">
    <testcase name="HSH_TN_UseScheduler" file="/opt/pytorch/nvfuser/tests/cpp/test_matmul.cpp" line="3919" status="run" result="completed" time="1.162" timestamp="2025-05-20T07:56:18.550" classname="HopperMatmulTest" />
    <testcase name="HSH_NT_UseScheduler_MultipleInstructionsPerWarpTile" file="/opt/pytorch/nvfuser/tests/cpp/test_matmul.cpp" line="4638" status="run" result="completed" time="0.712" timestamp="2025-05-20T07:56:19.712" classname="HopperMatmulTest" />
    <testcase name="HSH_NT_128BSwizzle_BroadcastOp" file="/opt/pytorch/nvfuser/tests/cpp/test_matmul.cpp" line="4875" status="run" result="completed" time="0.431" timestamp="2025-05-20T07:56:20.425" classname="HopperMatmulTest" />
    <testcase name="HSH_NT_SingleMathGroupSyncCheck" file="/opt/pytorch/nvfuser/tests/cpp/test_matmul.cpp" line="5322" status="run" result="completed" time="0.219" timestamp="2025-05-20T07:56:20.856" classname="HopperMatmulTest" />
  </testsuite>
  <testsuite name="MatmulSASSTest" tests="1" failures="0" disabled="0" skipped="1" errors="0" time="0." timestamp="2025-05-20T07:56:21.076">
    <testcase name="AmpereModifiersSharedMemoryEpilogue" file="/opt/pytorch/nvfuser/tests/cpp/test_matmul_sass.cpp" line="349" status="run" result="skipped" time="0." timestamp="2025-05-20T07:56:21.076" classname="MatmulSASSTest">
      <skipped message="/opt/pytorch/nvfuser/tests/cpp/test_matmul_sass.cpp:350&#x0A;Requires GPU capability &gt;= 8.0 and &lt; 9.0 to run.&#x0A;&#x0A;"><![CDATA[/opt/pytorch/nvfuser/tests/cpp/test_matmul_sass.cpp:350
Requires GPU capability >= 8.0 and < 9.0 to run.

]]></skipped>
    </testcase>
  </testsuite>
  <testsuite name="MatmulSchedulerTest" tests="5" failures="0" disabled="0" skipped="4" errors="0" time="0.255" timestamp="2025-05-20T07:56:21.076">
    <testcase name="BasicMatmulStrictCheckTT" file="/opt/pytorch/nvfuser/tests/cpp/test_matmul_scheduler.cpp" line="1074" status="run" result="skipped" time="0." timestamp="2025-05-20T07:56:21.076" classname="MatmulSchedulerTest">
      <skipped message="/opt/pytorch/nvfuser/tests/cpp/test_matmul_scheduler.cpp:1076&#x0A;Requires GPU capability &gt;= 8.0 and &lt; 9.0 to run.&#x0A;&#x0A;"><![CDATA[/opt/pytorch/nvfuser/tests/cpp/test_matmul_scheduler.cpp:1076
Requires GPU capability >= 8.0 and < 9.0 to run.

]]></skipped>
    </testcase>
    <testcase name="EpilogueAlpha" file="/opt/pytorch/nvfuser/tests/cpp/test_matmul_scheduler.cpp" line="1272" status="run" result="skipped" time="0." timestamp="2025-05-20T07:56:21.076" classname="MatmulSchedulerTest">
      <skipped message="/opt/pytorch/nvfuser/tests/cpp/test_matmul_scheduler.cpp:1274&#x0A;Requires GPU capability &gt;= 7.5 and &lt; 9.0 to run.&#x0A;&#x0A;"><![CDATA[/opt/pytorch/nvfuser/tests/cpp/test_matmul_scheduler.cpp:1274
Requires GPU capability >= 7.5 and < 9.0 to run.

]]></skipped>
    </testcase>
    <testcase name="EpilogueAlphaBeta" file="/opt/pytorch/nvfuser/tests/cpp/test_matmul_scheduler.cpp" line="1457" status="run" result="skipped" time="0." timestamp="2025-05-20T07:56:21.076" classname="MatmulSchedulerTest">
      <skipped message="/opt/pytorch/nvfuser/tests/cpp/test_matmul_scheduler.cpp:1459&#x0A;Requires GPU capability &gt;= 7.5 and &lt; 9.0 to run.&#x0A;&#x0A;"><![CDATA[/opt/pytorch/nvfuser/tests/cpp/test_matmul_scheduler.cpp:1459
Requires GPU capability >= 7.5 and < 9.0 to run.

]]></skipped>
    </testcase>
    <testcase name="SegmentMatmulOpPrologue" file="/opt/pytorch/nvfuser/tests/cpp/test_matmul_scheduler.cpp" line="2551" status="run" result="skipped" time="0." timestamp="2025-05-20T07:56:21.076" classname="MatmulSchedulerTest">
      <skipped message="/opt/pytorch/nvfuser/tests/cpp/test_matmul_scheduler.cpp:2552&#x0A;Requires GPU capability &gt;= 7.5 and &lt; 9.0 to run.&#x0A;&#x0A;"><![CDATA[/opt/pytorch/nvfuser/tests/cpp/test_matmul_scheduler.cpp:2552
Requires GPU capability >= 7.5 and < 9.0 to run.

]]></skipped>
    </testcase>
    <testcase name="PreBroadcastMmaBiasNeg" file="/opt/pytorch/nvfuser/tests/cpp/test_matmul_scheduler.cpp" line="2674" status="run" result="completed" time="0.255" timestamp="2025-05-20T07:56:21.076" classname="MatmulSchedulerTest" />
  </testsuite>
  <testsuite name="MatmulSchedulerPluginTest" tests="1" failures="0" disabled="0" skipped="1" errors="0" time="0." timestamp="2025-05-20T07:56:21.331">
    <testcase name="BasicMatmul" file="/opt/pytorch/nvfuser/tests/cpp/test_matmul_scheduler.cpp" line="2494" status="run" result="skipped" time="0." timestamp="2025-05-20T07:56:21.331" classname="MatmulSchedulerPluginTest">
      <skipped message="/opt/pytorch/nvfuser/tests/cpp/test_matmul_scheduler.cpp:2495&#x0A;Requires GPU capability &gt;= 8.0 and &lt; 9.0 to run.&#x0A;&#x0A;"><![CDATA[/opt/pytorch/nvfuser/tests/cpp/test_matmul_scheduler.cpp:2495
Requires GPU capability >= 8.0 and < 9.0 to run.

]]></skipped>
    </testcase>
  </testsuite>
  <testsuite name="CombineMulSumAsMmaTestWithLayout" tests="5" failures="0" disabled="0" skipped="3" errors="0" time="0." timestamp="2025-05-20T07:56:21.331">
    <testcase name="MulSumToMatmul_Pass/NT" value_param="4-byte object &lt;00-00 00-00&gt;" file="/opt/pytorch/nvfuser/tests/cpp/test_translate_mma.cpp" line="115" status="run" result="completed" time="0." timestamp="2025-05-20T07:56:21.331" classname="CombineMulSumAsMmaTestWithLayout" />
    <testcase name="AmpereMulSumToMatmul_Schedule/TN" value_param="4-byte object &lt;02-00 00-00&gt;" file="/opt/pytorch/nvfuser/tests/cpp/test_translate_mma.cpp" line="206" status="run" result="skipped" time="0." timestamp="2025-05-20T07:56:21.332" classname="CombineMulSumAsMmaTestWithLayout">
      <skipped message="/opt/pytorch/nvfuser/tests/cpp/test_translate_mma.cpp:207&#x0A;Requires GPU capability &gt;= 7.5 and &lt; 9.0 to run.&#x0A;&#x0A;"><![CDATA[/opt/pytorch/nvfuser/tests/cpp/test_translate_mma.cpp:207
Requires GPU capability >= 7.5 and < 9.0 to run.

]]></skipped>
    </testcase>
    <testcase name="UseMatmulScheduler/TT" value_param="4-byte object &lt;01-00 00-00&gt;" file="/opt/pytorch/nvfuser/tests/cpp/test_translate_mma.cpp" line="254" status="run" result="skipped" time="0." timestamp="2025-05-20T07:56:21.332" classname="CombineMulSumAsMmaTestWithLayout">
      <skipped message="/opt/pytorch/nvfuser/tests/cpp/test_translate_mma.cpp:255&#x0A;Requires GPU capability &gt;= 7.5 and &lt; 9.0 to run.&#x0A;&#x0A;"><![CDATA[/opt/pytorch/nvfuser/tests/cpp/test_translate_mma.cpp:255
Requires GPU capability >= 7.5 and < 9.0 to run.

]]></skipped>
    </testcase>
    <testcase name="UseMatmulScheduler/NN" value_param="4-byte object &lt;03-00 00-00&gt;" file="/opt/pytorch/nvfuser/tests/cpp/test_translate_mma.cpp" line="254" status="run" result="skipped" time="0." timestamp="2025-05-20T07:56:21.332" classname="CombineMulSumAsMmaTestWithLayout">
      <skipped message="/opt/pytorch/nvfuser/tests/cpp/test_translate_mma.cpp:255&#x0A;Requires GPU capability &gt;= 7.5 and &lt; 9.0 to run.&#x0A;&#x0A;"><![CDATA[/opt/pytorch/nvfuser/tests/cpp/test_translate_mma.cpp:255
Requires GPU capability >= 7.5 and < 9.0 to run.

]]></skipped>
    </testcase>
    <testcase name="SwapAandB/NT" value_param="4-byte object &lt;00-00 00-00&gt;" file="/opt/pytorch/nvfuser/tests/cpp/test_translate_mma.cpp" line="650" status="run" result="completed" time="0." timestamp="2025-05-20T07:56:21.332" classname="CombineMulSumAsMmaTestWithLayout" />
  </testsuite>
  <testsuite name="MatmulNodeTranslationTest" tests="4" failures="0" disabled="0" skipped="0" errors="0" time="0.842" timestamp="2025-05-20T07:56:21.332">
    <testcase name="AutomaticSchedulerMatmulNode/2dA_2dB_nofuse_transposeA" value_param="(2, 2, false, true, true, expr_eval)" file="/opt/pytorch/nvfuser/tests/cpp/test_translate_mma.cpp" line="312" status="run" result="completed" time="0.167" timestamp="2025-05-20T07:56:21.332" classname="MatmulNodeTranslationTest" />
    <testcase name="AutomaticSchedulerMatmulNode/1dA_2dB" value_param="(1, 2, true, false, true, expr_eval)" file="/opt/pytorch/nvfuser/tests/cpp/test_translate_mma.cpp" line="312" status="run" result="completed" time="0.085" timestamp="2025-05-20T07:56:21.500" classname="MatmulNodeTranslationTest" />
    <testcase name="AutomaticSchedulerMatmulNode/3dA_1dB" value_param="(3, 1, true, false, true, expr_eval)" file="/opt/pytorch/nvfuser/tests/cpp/test_translate_mma.cpp" line="312" status="run" result="completed" time="0.088" timestamp="2025-05-20T07:56:21.585" classname="MatmulNodeTranslationTest" />
    <testcase name="AutomaticSchedulerMatmulNode/4dA_4dB" value_param="(4, 4, true, false, false, matmul)" file="/opt/pytorch/nvfuser/tests/cpp/test_translate_mma.cpp" line="312" status="run" result="completed" time="0.5" timestamp="2025-05-20T07:56:21.674" classname="MatmulNodeTranslationTest" />
  </testsuite>
  <testsuite name="LinearNodeTranslationTest" tests="5" failures="0" disabled="0" skipped="2" errors="0" time="0.687" timestamp="2025-05-20T07:56:22.174">
    <testcase name="AutomaticSchedulerLinearNode/2dA_2dB_nofuse" value_param="(2, 2, -1, false, false, true)" file="/opt/pytorch/nvfuser/tests/cpp/test_translate_mma.cpp" line="472" status="run" result="completed" time="0.158" timestamp="2025-05-20T07:56:22.174" classname="LinearNodeTranslationTest" />
    <testcase name="AutomaticSchedulerLinearNode/2dA_2dB_1dBias_nofuse" value_param="(2, 2, 1, false, false, true)" file="/opt/pytorch/nvfuser/tests/cpp/test_translate_mma.cpp" line="472" status="run" result="completed" time="0.088" timestamp="2025-05-20T07:56:22.333" classname="LinearNodeTranslationTest" />
    <testcase name="AutomaticSchedulerLinearNode/2dA_2dB" value_param="(2, 2, -1, true, false, false)" file="/opt/pytorch/nvfuser/tests/cpp/test_translate_mma.cpp" line="472" status="run" result="completed" time="0.44" timestamp="2025-05-20T07:56:22.421" classname="LinearNodeTranslationTest" />
    <testcase name="AutomaticSchedulerLinearNode/3dA_2dB" value_param="(3, 2, -1, true, false, false)" file="/opt/pytorch/nvfuser/tests/cpp/test_translate_mma.cpp" line="472" status="run" result="skipped" time="0." timestamp="2025-05-20T07:56:22.861" classname="LinearNodeTranslationTest">
      <skipped message="/opt/pytorch/nvfuser/tests/cpp/test_translate_mma.cpp:494&#x0A;Translating linear with batch dims is not yet supported on Hopper&#x0A;"><![CDATA[/opt/pytorch/nvfuser/tests/cpp/test_translate_mma.cpp:494
Translating linear with batch dims is not yet supported on Hopper
]]></skipped>
    </testcase>
    <testcase name="AutomaticSchedulerLinearNode/3dA_2dB_1dBias" value_param="(3, 2, 1, true, false, false)" file="/opt/pytorch/nvfuser/tests/cpp/test_translate_mma.cpp" line="472" status="run" result="skipped" time="0." timestamp="2025-05-20T07:56:22.861" classname="LinearNodeTranslationTest">
      <skipped message="/opt/pytorch/nvfuser/tests/cpp/test_translate_mma.cpp:494&#x0A;Translating linear with batch dims is not yet supported on Hopper&#x0A;"><![CDATA[/opt/pytorch/nvfuser/tests/cpp/test_translate_mma.cpp:494
Translating linear with batch dims is not yet supported on Hopper
]]></skipped>
    </testcase>
  </testsuite>
  <testsuite name="TranslationCastTest" tests="3" failures="0" disabled="0" skipped="0" errors="0" time="0." timestamp="2025-05-20T07:56:22.861">
    <testcase name="CountCasts/matmul_twooutputs" value_param="(false, false, true)" file="/opt/pytorch/nvfuser/tests/cpp/test_translate_mma.cpp" line="709" status="run" result="completed" time="0." timestamp="2025-05-20T07:56:22.861" classname="TranslationCastTest" />
    <testcase name="CountCasts/linear" value_param="(true, false, false)" file="/opt/pytorch/nvfuser/tests/cpp/test_translate_mma.cpp" line="709" status="run" result="completed" time="0." timestamp="2025-05-20T07:56:22.861" classname="TranslationCastTest" />
    <testcase name="CountCasts/linear_epilogue_twooutputs" value_param="(true, true, true)" file="/opt/pytorch/nvfuser/tests/cpp/test_translate_mma.cpp" line="709" status="run" result="completed" time="0." timestamp="2025-05-20T07:56:22.862" classname="TranslationCastTest" />
  </testsuite>
  <testsuite name="MatmulTestWithLayout" tests="32" failures="0" disabled="0" skipped="32" errors="0" time="0." timestamp="2025-05-20T07:56:22.862">
    <testcase name="AmpereMatmul/NT" value_param="4-byte object &lt;00-00 00-00&gt;" file="/opt/pytorch/nvfuser/tests/cpp/test_matmul.cpp" line="88" status="run" result="skipped" time="0." timestamp="2025-05-20T07:56:22.862" classname="MatmulTestWithLayout">
      <skipped message="/opt/pytorch/nvfuser/tests/cpp/test_matmul.cpp:89&#x0A;Requires GPU capability &gt;= 7.5 and &lt; 9.0 to run.&#x0A;&#x0A;"><![CDATA[/opt/pytorch/nvfuser/tests/cpp/test_matmul.cpp:89
Requires GPU capability >= 7.5 and < 9.0 to run.

]]></skipped>
    </testcase>
    <testcase name="AmpereMatmulBroadcastBatch/TN" value_param="4-byte object &lt;02-00 00-00&gt;" file="/opt/pytorch/nvfuser/tests/cpp/test_matmul.cpp" line="147" status="run" result="skipped" time="0." timestamp="2025-05-20T07:56:22.862" classname="MatmulTestWithLayout">
      <skipped message="/opt/pytorch/nvfuser/tests/cpp/test_matmul.cpp:148&#x0A;Requires GPU capability &gt;= 7.5 and &lt; 9.0 to run.&#x0A;&#x0A;"><![CDATA[/opt/pytorch/nvfuser/tests/cpp/test_matmul.cpp:148
Requires GPU capability >= 7.5 and < 9.0 to run.

]]></skipped>
    </testcase>
    <testcase name="AmperePrologueFusionBroadcast/TT" value_param="4-byte object &lt;01-00 00-00&gt;" file="/opt/pytorch/nvfuser/tests/cpp/test_matmul.cpp" line="210" status="run" result="skipped" time="0." timestamp="2025-05-20T07:56:22.862" classname="MatmulTestWithLayout">
      <skipped message="/opt/pytorch/nvfuser/tests/cpp/test_matmul.cpp:211&#x0A;Requires GPU capability &gt;= 7.5 and &lt; 9.0 to run.&#x0A;&#x0A;"><![CDATA[/opt/pytorch/nvfuser/tests/cpp/test_matmul.cpp:211
Requires GPU capability >= 7.5 and < 9.0 to run.

]]></skipped>
    </testcase>
    <testcase name="AmperePrologueFusionBroadcast/NN" value_param="4-byte object &lt;03-00 00-00&gt;" file="/opt/pytorch/nvfuser/tests/cpp/test_matmul.cpp" line="210" status="run" result="skipped" time="0." timestamp="2025-05-20T07:56:22.862" classname="MatmulTestWithLayout">
      <skipped message="/opt/pytorch/nvfuser/tests/cpp/test_matmul.cpp:211&#x0A;Requires GPU capability &gt;= 7.5 and &lt; 9.0 to run.&#x0A;&#x0A;"><![CDATA[/opt/pytorch/nvfuser/tests/cpp/test_matmul.cpp:211
Requires GPU capability >= 7.5 and < 9.0 to run.

]]></skipped>
    </testcase>
    <testcase name="AmpereProloguePointwise/NT" value_param="4-byte object &lt;00-00 00-00&gt;" file="/opt/pytorch/nvfuser/tests/cpp/test_matmul.cpp" line="265" status="run" result="skipped" time="0." timestamp="2025-05-20T07:56:22.862" classname="MatmulTestWithLayout">
      <skipped message="/opt/pytorch/nvfuser/tests/cpp/test_matmul.cpp:266&#x0A;Requires GPU capability &gt;= 7.5 and &lt; 9.0 to run.&#x0A;&#x0A;"><![CDATA[/opt/pytorch/nvfuser/tests/cpp/test_matmul.cpp:266
Requires GPU capability >= 7.5 and < 9.0 to run.

]]></skipped>
    </testcase>
    <testcase name="AmpereMatmulBFloat16/TN" value_param="4-byte object &lt;02-00 00-00&gt;" file="/opt/pytorch/nvfuser/tests/cpp/test_matmul.cpp" line="327" status="run" result="skipped" time="0." timestamp="2025-05-20T07:56:22.862" classname="MatmulTestWithLayout">
      <skipped message="/opt/pytorch/nvfuser/tests/cpp/test_matmul.cpp:328&#x0A;Requires GPU capability &gt;= 7.5 and &lt; 9.0 to run.&#x0A;&#x0A;"><![CDATA[/opt/pytorch/nvfuser/tests/cpp/test_matmul.cpp:328
Requires GPU capability >= 7.5 and < 9.0 to run.

]]></skipped>
    </testcase>
    <testcase name="AmpereMatmulPipelineGmem/TT" value_param="4-byte object &lt;01-00 00-00&gt;" file="/opt/pytorch/nvfuser/tests/cpp/test_matmul.cpp" line="386" status="run" result="skipped" time="0." timestamp="2025-05-20T07:56:22.862" classname="MatmulTestWithLayout">
      <skipped message="/opt/pytorch/nvfuser/tests/cpp/test_matmul.cpp:387&#x0A;Requires GPU capability &gt;= 7.5 and &lt; 9.0 to run.&#x0A;&#x0A;"><![CDATA[/opt/pytorch/nvfuser/tests/cpp/test_matmul.cpp:387
Requires GPU capability >= 7.5 and < 9.0 to run.

]]></skipped>
    </testcase>
    <testcase name="AmpereMatmulPipelineGmem/NN" value_param="4-byte object &lt;03-00 00-00&gt;" file="/opt/pytorch/nvfuser/tests/cpp/test_matmul.cpp" line="386" status="run" result="skipped" time="0." timestamp="2025-05-20T07:56:22.862" classname="MatmulTestWithLayout">
      <skipped message="/opt/pytorch/nvfuser/tests/cpp/test_matmul.cpp:387&#x0A;Requires GPU capability &gt;= 7.5 and &lt; 9.0 to run.&#x0A;&#x0A;"><![CDATA[/opt/pytorch/nvfuser/tests/cpp/test_matmul.cpp:387
Requires GPU capability >= 7.5 and < 9.0 to run.

]]></skipped>
    </testcase>
    <testcase name="AmpereSwizzle/NT" value_param="4-byte object &lt;00-00 00-00&gt;" file="/opt/pytorch/nvfuser/tests/cpp/test_matmul.cpp" line="479" status="run" result="skipped" time="0." timestamp="2025-05-20T07:56:22.862" classname="MatmulTestWithLayout">
      <skipped message="/opt/pytorch/nvfuser/tests/cpp/test_matmul.cpp:480&#x0A;Requires GPU capability &gt;= 7.5 and &lt; 9.0 to run.&#x0A;&#x0A;"><![CDATA[/opt/pytorch/nvfuser/tests/cpp/test_matmul.cpp:480
Requires GPU capability >= 7.5 and < 9.0 to run.

]]></skipped>
    </testcase>
    <testcase name="AmpereMatmulRegCircularBuffer/TN" value_param="4-byte object &lt;02-00 00-00&gt;" file="/opt/pytorch/nvfuser/tests/cpp/test_matmul.cpp" line="600" status="run" result="skipped" time="0." timestamp="2025-05-20T07:56:22.862" classname="MatmulTestWithLayout">
      <skipped message="/opt/pytorch/nvfuser/tests/cpp/test_matmul.cpp:601&#x0A;Requires GPU capability &gt;= 7.5 and &lt; 9.0 to run.&#x0A;&#x0A;"><![CDATA[/opt/pytorch/nvfuser/tests/cpp/test_matmul.cpp:601
Requires GPU capability >= 7.5 and < 9.0 to run.

]]></skipped>
    </testcase>
    <testcase name="TuringMatmul/TT" value_param="4-byte object &lt;01-00 00-00&gt;" file="/opt/pytorch/nvfuser/tests/cpp/test_matmul.cpp" line="1327" status="run" result="skipped" time="0." timestamp="2025-05-20T07:56:22.862" classname="MatmulTestWithLayout">
      <skipped message="/opt/pytorch/nvfuser/tests/cpp/test_matmul.cpp:1328&#x0A;Requires GPU capability &gt;= 7.5 and &lt; 9.0 to run.&#x0A;&#x0A;"><![CDATA[/opt/pytorch/nvfuser/tests/cpp/test_matmul.cpp:1328
Requires GPU capability >= 7.5 and < 9.0 to run.

]]></skipped>
    </testcase>
    <testcase name="TuringMatmul/NN" value_param="4-byte object &lt;03-00 00-00&gt;" file="/opt/pytorch/nvfuser/tests/cpp/test_matmul.cpp" line="1327" status="run" result="skipped" time="0." timestamp="2025-05-20T07:56:22.862" classname="MatmulTestWithLayout">
      <skipped message="/opt/pytorch/nvfuser/tests/cpp/test_matmul.cpp:1328&#x0A;Requires GPU capability &gt;= 7.5 and &lt; 9.0 to run.&#x0A;&#x0A;"><![CDATA[/opt/pytorch/nvfuser/tests/cpp/test_matmul.cpp:1328
Requires GPU capability >= 7.5 and < 9.0 to run.

]]></skipped>
    </testcase>
    <testcase name="AmpereMatmulLargeLoad/NT" value_param="4-byte object &lt;00-00 00-00&gt;" file="/opt/pytorch/nvfuser/tests/cpp/test_matmul.cpp" line="2041" status="run" result="skipped" time="0." timestamp="2025-05-20T07:56:22.862" classname="MatmulTestWithLayout">
      <skipped message="/opt/pytorch/nvfuser/tests/cpp/test_matmul.cpp:2042&#x0A;Requires GPU capability &gt;= 7.5 and &lt; 9.0 to run.&#x0A;&#x0A;"><![CDATA[/opt/pytorch/nvfuser/tests/cpp/test_matmul.cpp:2042
Requires GPU capability >= 7.5 and < 9.0 to run.

]]></skipped>
    </testcase>
    <testcase name="TuringMatmulLargeLoad/TN" value_param="4-byte object &lt;02-00 00-00&gt;" file="/opt/pytorch/nvfuser/tests/cpp/test_matmul.cpp" line="2099" status="run" result="skipped" time="0." timestamp="2025-05-20T07:56:22.862" classname="MatmulTestWithLayout">
      <skipped message="/opt/pytorch/nvfuser/tests/cpp/test_matmul.cpp:2100&#x0A;Requires GPU capability &gt;= 7.5 and &lt; 9.0 to run.&#x0A;&#x0A;"><![CDATA[/opt/pytorch/nvfuser/tests/cpp/test_matmul.cpp:2100
Requires GPU capability >= 7.5 and < 9.0 to run.

]]></skipped>
    </testcase>
    <testcase name="AmpereMatmulTileCheck4warp/TT" value_param="4-byte object &lt;01-00 00-00&gt;" file="/opt/pytorch/nvfuser/tests/cpp/test_matmul.cpp" line="2154" status="run" result="skipped" time="0." timestamp="2025-05-20T07:56:22.862" classname="MatmulTestWithLayout">
      <skipped message="/opt/pytorch/nvfuser/tests/cpp/test_matmul.cpp:2155&#x0A;Requires GPU capability &gt;= 7.5 and &lt; 9.0 to run.&#x0A;&#x0A;"><![CDATA[/opt/pytorch/nvfuser/tests/cpp/test_matmul.cpp:2155
Requires GPU capability >= 7.5 and < 9.0 to run.

]]></skipped>
    </testcase>
    <testcase name="AmpereMatmulTileCheck4warp/NN" value_param="4-byte object &lt;03-00 00-00&gt;" file="/opt/pytorch/nvfuser/tests/cpp/test_matmul.cpp" line="2154" status="run" result="skipped" time="0." timestamp="2025-05-20T07:56:22.862" classname="MatmulTestWithLayout">
      <skipped message="/opt/pytorch/nvfuser/tests/cpp/test_matmul.cpp:2155&#x0A;Requires GPU capability &gt;= 7.5 and &lt; 9.0 to run.&#x0A;&#x0A;"><![CDATA[/opt/pytorch/nvfuser/tests/cpp/test_matmul.cpp:2155
Requires GPU capability >= 7.5 and < 9.0 to run.

]]></skipped>
    </testcase>
    <testcase name="AmpereMatmulTileCheck8warp/NT" value_param="4-byte object &lt;00-00 00-00&gt;" file="/opt/pytorch/nvfuser/tests/cpp/test_matmul.cpp" line="2233" status="run" result="skipped" time="0." timestamp="2025-05-20T07:56:22.862" classname="MatmulTestWithLayout">
      <skipped message="/opt/pytorch/nvfuser/tests/cpp/test_matmul.cpp:2234&#x0A;Requires GPU capability &gt;= 7.5 and &lt; 9.0 to run.&#x0A;&#x0A;"><![CDATA[/opt/pytorch/nvfuser/tests/cpp/test_matmul.cpp:2234
Requires GPU capability >= 7.5 and < 9.0 to run.

]]></skipped>
    </testcase>
    <testcase name="AmpereMatmulTileCheck6warp/TN" value_param="4-byte object &lt;02-00 00-00&gt;" file="/opt/pytorch/nvfuser/tests/cpp/test_matmul.cpp" line="2308" status="run" result="skipped" time="0." timestamp="2025-05-20T07:56:22.862" classname="MatmulTestWithLayout">
      <skipped message="/opt/pytorch/nvfuser/tests/cpp/test_matmul.cpp:2309&#x0A;Requires GPU capability &gt;= 7.5 and &lt; 9.0 to run.&#x0A;&#x0A;"><![CDATA[/opt/pytorch/nvfuser/tests/cpp/test_matmul.cpp:2309
Requires GPU capability >= 7.5 and < 9.0 to run.

]]></skipped>
    </testcase>
    <testcase name="AmpereMatmulLargeLoadLargeK/TT" value_param="4-byte object &lt;01-00 00-00&gt;" file="/opt/pytorch/nvfuser/tests/cpp/test_matmul.cpp" line="2378" status="run" result="skipped" time="0." timestamp="2025-05-20T07:56:22.862" classname="MatmulTestWithLayout">
      <skipped message="/opt/pytorch/nvfuser/tests/cpp/test_matmul.cpp:2379&#x0A;Requires GPU capability &gt;= 7.5 and &lt; 9.0 to run.&#x0A;&#x0A;"><![CDATA[/opt/pytorch/nvfuser/tests/cpp/test_matmul.cpp:2379
Requires GPU capability >= 7.5 and < 9.0 to run.

]]></skipped>
    </testcase>
    <testcase name="AmpereMatmulLargeLoadLargeK/NN" value_param="4-byte object &lt;03-00 00-00&gt;" file="/opt/pytorch/nvfuser/tests/cpp/test_matmul.cpp" line="2378" status="run" result="skipped" time="0." timestamp="2025-05-20T07:56:22.862" classname="MatmulTestWithLayout">
      <skipped message="/opt/pytorch/nvfuser/tests/cpp/test_matmul.cpp:2379&#x0A;Requires GPU capability &gt;= 7.5 and &lt; 9.0 to run.&#x0A;&#x0A;"><![CDATA[/opt/pytorch/nvfuser/tests/cpp/test_matmul.cpp:2379
Requires GPU capability >= 7.5 and < 9.0 to run.

]]></skipped>
    </testcase>
    <testcase name="AmpereSplitKLikeStridedBatchedMatmul/NT" value_param="4-byte object &lt;00-00 00-00&gt;" file="/opt/pytorch/nvfuser/tests/cpp/test_matmul.cpp" line="2436" status="run" result="skipped" time="0." timestamp="2025-05-20T07:56:22.862" classname="MatmulTestWithLayout">
      <skipped message="/opt/pytorch/nvfuser/tests/cpp/test_matmul.cpp:2437&#x0A;Requires GPU capability &gt;= 7.5 and &lt; 9.0 to run.&#x0A;&#x0A;"><![CDATA[/opt/pytorch/nvfuser/tests/cpp/test_matmul.cpp:2437
Requires GPU capability >= 7.5 and < 9.0 to run.

]]></skipped>
    </testcase>
    <testcase name="AmpereMatmulSmemEpilogue/TN" value_param="4-byte object &lt;02-00 00-00&gt;" file="/opt/pytorch/nvfuser/tests/cpp/test_matmul.cpp" line="2485" status="run" result="skipped" time="0." timestamp="2025-05-20T07:56:22.862" classname="MatmulTestWithLayout">
      <skipped message="/opt/pytorch/nvfuser/tests/cpp/test_matmul.cpp:2486&#x0A;Requires GPU capability &gt;= 8.0 and &lt; 9.0 to run.&#x0A;&#x0A;"><![CDATA[/opt/pytorch/nvfuser/tests/cpp/test_matmul.cpp:2486
Requires GPU capability >= 8.0 and < 9.0 to run.

]]></skipped>
    </testcase>
    <testcase name="AmpereMatmulSmemEpilogueCast/TT" value_param="4-byte object &lt;01-00 00-00&gt;" file="/opt/pytorch/nvfuser/tests/cpp/test_matmul.cpp" line="2733" status="run" result="skipped" time="0." timestamp="2025-05-20T07:56:22.862" classname="MatmulTestWithLayout">
      <skipped message="/opt/pytorch/nvfuser/tests/cpp/test_matmul.cpp:2734&#x0A;Requires GPU capability &gt;= 8.0 and &lt; 9.0 to run.&#x0A;&#x0A;"><![CDATA[/opt/pytorch/nvfuser/tests/cpp/test_matmul.cpp:2734
Requires GPU capability >= 8.0 and < 9.0 to run.

]]></skipped>
    </testcase>
    <testcase name="AmpereMatmulSmemEpilogueCast/NN" value_param="4-byte object &lt;03-00 00-00&gt;" file="/opt/pytorch/nvfuser/tests/cpp/test_matmul.cpp" line="2733" status="run" result="skipped" time="0." timestamp="2025-05-20T07:56:22.862" classname="MatmulTestWithLayout">
      <skipped message="/opt/pytorch/nvfuser/tests/cpp/test_matmul.cpp:2734&#x0A;Requires GPU capability &gt;= 8.0 and &lt; 9.0 to run.&#x0A;&#x0A;"><![CDATA[/opt/pytorch/nvfuser/tests/cpp/test_matmul.cpp:2734
Requires GPU capability >= 8.0 and < 9.0 to run.

]]></skipped>
    </testcase>
    <testcase name="AmpereMatmulSmemEpilogueRelu/NT" value_param="4-byte object &lt;00-00 00-00&gt;" file="/opt/pytorch/nvfuser/tests/cpp/test_matmul.cpp" line="2828" status="run" result="skipped" time="0." timestamp="2025-05-20T07:56:22.862" classname="MatmulTestWithLayout">
      <skipped message="/opt/pytorch/nvfuser/tests/cpp/test_matmul.cpp:2829&#x0A;Requires GPU capability &gt;= 8.0 and &lt; 9.0 to run.&#x0A;&#x0A;"><![CDATA[/opt/pytorch/nvfuser/tests/cpp/test_matmul.cpp:2829
Requires GPU capability >= 8.0 and < 9.0 to run.

]]></skipped>
    </testcase>
    <testcase name="FusionAmpereMatmulSplitK_CUDA/TN" value_param="4-byte object &lt;02-00 00-00&gt;" file="/opt/pytorch/nvfuser/tests/cpp/test_matmul.cpp" line="2925" status="run" result="skipped" time="0." timestamp="2025-05-20T07:56:22.862" classname="MatmulTestWithLayout">
      <skipped message="/opt/pytorch/nvfuser/tests/cpp/test_matmul.cpp:2926&#x0A;Requires GPU capability &gt;= 8.0 and &lt; 9.0 to run.&#x0A;&#x0A;"><![CDATA[/opt/pytorch/nvfuser/tests/cpp/test_matmul.cpp:2926
Requires GPU capability >= 8.0 and < 9.0 to run.

]]></skipped>
    </testcase>
    <testcase name="FusionAmpereMatmulSplitKBias_CUDA/TT" value_param="4-byte object &lt;01-00 00-00&gt;" file="/opt/pytorch/nvfuser/tests/cpp/test_matmul.cpp" line="3000" status="run" result="skipped" time="0." timestamp="2025-05-20T07:56:22.862" classname="MatmulTestWithLayout">
      <skipped message="/opt/pytorch/nvfuser/tests/cpp/test_matmul.cpp:3001&#x0A;Requires GPU capability &gt;= 8.0 and &lt; 9.0 to run.&#x0A;&#x0A;"><![CDATA[/opt/pytorch/nvfuser/tests/cpp/test_matmul.cpp:3001
Requires GPU capability >= 8.0 and < 9.0 to run.

]]></skipped>
    </testcase>
    <testcase name="FusionAmpereMatmulSplitKBias_CUDA/NN" value_param="4-byte object &lt;03-00 00-00&gt;" file="/opt/pytorch/nvfuser/tests/cpp/test_matmul.cpp" line="3000" status="run" result="skipped" time="0." timestamp="2025-05-20T07:56:22.862" classname="MatmulTestWithLayout">
      <skipped message="/opt/pytorch/nvfuser/tests/cpp/test_matmul.cpp:3001&#x0A;Requires GPU capability &gt;= 8.0 and &lt; 9.0 to run.&#x0A;&#x0A;"><![CDATA[/opt/pytorch/nvfuser/tests/cpp/test_matmul.cpp:3001
Requires GPU capability >= 8.0 and < 9.0 to run.

]]></skipped>
    </testcase>
    <testcase name="AmpereMatmulBatchSplitK/NT" value_param="4-byte object &lt;00-00 00-00&gt;" file="/opt/pytorch/nvfuser/tests/cpp/test_matmul.cpp" line="3064" status="run" result="skipped" time="0." timestamp="2025-05-20T07:56:22.862" classname="MatmulTestWithLayout">
      <skipped message="/opt/pytorch/nvfuser/tests/cpp/test_matmul.cpp:3065&#x0A;Requires GPU capability &gt;= 8.0 and &lt; 9.0 to run.&#x0A;&#x0A;"><![CDATA[/opt/pytorch/nvfuser/tests/cpp/test_matmul.cpp:3065
Requires GPU capability >= 8.0 and < 9.0 to run.

]]></skipped>
    </testcase>
    <testcase name="AmpereMatmulBatchSplitKBias/TN" value_param="4-byte object &lt;02-00 00-00&gt;" file="/opt/pytorch/nvfuser/tests/cpp/test_matmul.cpp" line="3122" status="run" result="skipped" time="0." timestamp="2025-05-20T07:56:22.862" classname="MatmulTestWithLayout">
      <skipped message="/opt/pytorch/nvfuser/tests/cpp/test_matmul.cpp:3123&#x0A;Requires GPU capability &gt;= 8.0 and &lt; 9.0 to run.&#x0A;&#x0A;"><![CDATA[/opt/pytorch/nvfuser/tests/cpp/test_matmul.cpp:3123
Requires GPU capability >= 8.0 and < 9.0 to run.

]]></skipped>
    </testcase>
    <testcase name="MisalignedVectorization/TT" value_param="4-byte object &lt;01-00 00-00&gt;" file="/opt/pytorch/nvfuser/tests/cpp/test_matmul.cpp" line="3248" status="run" result="skipped" time="0." timestamp="2025-05-20T07:56:22.862" classname="MatmulTestWithLayout">
      <skipped message="/opt/pytorch/nvfuser/tests/cpp/test_matmul.cpp:3249&#x0A;Requires GPU capability &gt;= 8.0 and &lt; 9.0 to run.&#x0A;&#x0A;"><![CDATA[/opt/pytorch/nvfuser/tests/cpp/test_matmul.cpp:3249
Requires GPU capability >= 8.0 and < 9.0 to run.

]]></skipped>
    </testcase>
    <testcase name="MisalignedVectorization/NN" value_param="4-byte object &lt;03-00 00-00&gt;" file="/opt/pytorch/nvfuser/tests/cpp/test_matmul.cpp" line="3248" status="run" result="skipped" time="0." timestamp="2025-05-20T07:56:22.862" classname="MatmulTestWithLayout">
      <skipped message="/opt/pytorch/nvfuser/tests/cpp/test_matmul.cpp:3249&#x0A;Requires GPU capability &gt;= 8.0 and &lt; 9.0 to run.&#x0A;&#x0A;"><![CDATA[/opt/pytorch/nvfuser/tests/cpp/test_matmul.cpp:3249
Requires GPU capability >= 8.0 and < 9.0 to run.

]]></skipped>
    </testcase>
  </testsuite>
  <testsuite name="MLPBenchmarkTest" tests="9" failures="0" disabled="0" skipped="1" errors="0" time="8.826" timestamp="2025-05-20T07:56:22.862">
    <testcase name="FwdGEMM/persistent_non_warpspec" value_param="2-byte object &lt;00-01&gt;" file="/opt/pytorch/nvfuser/tests/cpp/test_matmul.cpp" line="4151" status="run" result="completed" time="0.588" timestamp="2025-05-20T07:56:22.862" classname="MLPBenchmarkTest" />
    <testcase name="FwdGEMM_BroadcastInputs/dataparallel_warpspec" value_param="2-byte object &lt;01-00&gt;" file="/opt/pytorch/nvfuser/tests/cpp/test_matmul.cpp" line="4200" status="run" result="completed" time="0.44" timestamp="2025-05-20T07:56:23.451" classname="MLPBenchmarkTest" />
    <testcase name="FwdEpilogueBiasFusion/dataparallel_non_warpspec" value_param="2-byte object &lt;00-00&gt;" file="/opt/pytorch/nvfuser/tests/cpp/test_matmul.cpp" line="4250" status="run" result="completed" time="0.738" timestamp="2025-05-20T07:56:23.892" classname="MLPBenchmarkTest" />
    <testcase name="FwdEpilogueBiasFusion/persistent_warpspec" value_param="2-byte object &lt;01-01&gt;" file="/opt/pytorch/nvfuser/tests/cpp/test_matmul.cpp" line="4250" status="run" result="completed" time="0.634" timestamp="2025-05-20T07:56:24.631" classname="MLPBenchmarkTest" />
    <testcase name="FwdEpilogueSiluFusion/persistent_non_warpspec" value_param="2-byte object &lt;00-01&gt;" file="/opt/pytorch/nvfuser/tests/cpp/test_matmul.cpp" line="4301" status="run" result="completed" time="1.319" timestamp="2025-05-20T07:56:25.266" classname="MLPBenchmarkTest" />
    <testcase name="FwdEpilogueFusion_BroadcastInputs/dataparallel_warpspec" value_param="2-byte object &lt;01-00&gt;" file="/opt/pytorch/nvfuser/tests/cpp/test_matmul.cpp" line="4368" status="run" result="skipped" time="0." timestamp="2025-05-20T07:56:26.585" classname="MLPBenchmarkTest">
      <skipped message="/opt/pytorch/nvfuser/tests/cpp/test_matmul.cpp:4369&#x0A;THIS TEST IS CURRENTLY FAILING&#x0A;&#x0A;"><![CDATA[/opt/pytorch/nvfuser/tests/cpp/test_matmul.cpp:4369
THIS TEST IS CURRENTLY FAILING

]]></skipped>
    </testcase>
    <testcase name="FwdHorizontalFusion/dataparallel_non_warpspec" value_param="2-byte object &lt;00-00&gt;" file="/opt/pytorch/nvfuser/tests/cpp/test_matmul.cpp" line="4436" status="run" result="completed" time="0.998" timestamp="2025-05-20T07:56:26.585" classname="MLPBenchmarkTest" />
    <testcase name="FwdHorizontalFusion/persistent_warpspec" value_param="2-byte object &lt;01-01&gt;" file="/opt/pytorch/nvfuser/tests/cpp/test_matmul.cpp" line="4436" status="run" result="completed" time="2.282" timestamp="2025-05-20T07:56:27.583" classname="MLPBenchmarkTest" />
    <testcase name="FwdHorizontalFusion_BroadcastInputs/persistent_non_warpspec" value_param="2-byte object &lt;00-01&gt;" file="/opt/pytorch/nvfuser/tests/cpp/test_matmul.cpp" line="4525" status="run" result="completed" time="1.823" timestamp="2025-05-20T07:56:29.865" classname="MLPBenchmarkTest" />
  </testsuite>
  <testsuite name="HopperMatmulTest/MLPGemmPersistentBroadcastInputs" tests="1" failures="0" disabled="0" skipped="0" errors="0" time="1.021" timestamp="2025-05-20T07:56:31.689">
    <testcase name="NumWarpGroups/2" value_param="2" file="/opt/pytorch/nvfuser/tests/cpp/test_matmul.cpp" line="5079" status="run" result="completed" time="1.021" timestamp="2025-05-20T07:56:31.689" classname="HopperMatmulTest/MLPGemmPersistentBroadcastInputs" />
  </testsuite>
  <testsuite name="MatmulNodeParameterizedTest" tests="13" failures="0" disabled="0" skipped="0" errors="0" time="0.189" timestamp="2025-05-20T07:56:32.711">
    <testcase name="MatmulNodeConcrete/2" value_param="({ 32 }, { 32, 1 })" file="/opt/pytorch/nvfuser/tests/cpp/test_matmul_aten_evaluation.cpp" line="147" status="run" result="completed" time="0.031" timestamp="2025-05-20T07:56:32.711" classname="MatmulNodeParameterizedTest" />
    <testcase name="MatmulNodeConcrete/5" value_param="({ 64, 32 }, { 32, 16 })" file="/opt/pytorch/nvfuser/tests/cpp/test_matmul_aten_evaluation.cpp" line="147" status="run" result="completed" time="0.006" timestamp="2025-05-20T07:56:32.742" classname="MatmulNodeParameterizedTest" />
    <testcase name="MatmulNodeConcrete/8" value_param="({ 1, 32 }, { 32 })" file="/opt/pytorch/nvfuser/tests/cpp/test_matmul_aten_evaluation.cpp" line="147" status="run" result="completed" time="0.004" timestamp="2025-05-20T07:56:32.748" classname="MatmulNodeParameterizedTest" />
    <testcase name="MatmulNodeConcrete/11" value_param="({ 1, 32 }, { 128, 32, 16 })" file="/opt/pytorch/nvfuser/tests/cpp/test_matmul_aten_evaluation.cpp" line="147" status="run" result="completed" time="0.008" timestamp="2025-05-20T07:56:32.753" classname="MatmulNodeParameterizedTest" />
    <testcase name="MatmulNodeConcrete/14" value_param="({ 128, 64, 32 }, { 32, 1 })" file="/opt/pytorch/nvfuser/tests/cpp/test_matmul_aten_evaluation.cpp" line="147" status="run" result="completed" time="0.012" timestamp="2025-05-20T07:56:32.761" classname="MatmulNodeParameterizedTest" />
    <testcase name="MatmulNodeConcrete/17" value_param="({ 128, 1, 64, 32 }, { 32, 16 })" file="/opt/pytorch/nvfuser/tests/cpp/test_matmul_aten_evaluation.cpp" line="147" status="run" result="completed" time="0.022" timestamp="2025-05-20T07:56:32.774" classname="MatmulNodeParameterizedTest" />
    <testcase name="MatmulNodeSymbolic/0" value_param="({ 32 }, { 32 })" file="/opt/pytorch/nvfuser/tests/cpp/test_matmul_aten_evaluation.cpp" line="173" status="run" result="completed" time="0.005" timestamp="2025-05-20T07:56:32.796" classname="MatmulNodeParameterizedTest" />
    <testcase name="MatmulNodeSymbolic/3" value_param="({ 32 }, { 128, 32, 16 })" file="/opt/pytorch/nvfuser/tests/cpp/test_matmul_aten_evaluation.cpp" line="173" status="run" result="completed" time="0.006" timestamp="2025-05-20T07:56:32.802" classname="MatmulNodeParameterizedTest" />
    <testcase name="MatmulNodeSymbolic/6" value_param="({ 64, 32 }, { 32, 1 })" file="/opt/pytorch/nvfuser/tests/cpp/test_matmul_aten_evaluation.cpp" line="173" status="run" result="completed" time="0.006" timestamp="2025-05-20T07:56:32.808" classname="MatmulNodeParameterizedTest" />
    <testcase name="MatmulNodeSymbolic/9" value_param="({ 1, 32 }, { 32, 16 })" file="/opt/pytorch/nvfuser/tests/cpp/test_matmul_aten_evaluation.cpp" line="173" status="run" result="completed" time="0.005" timestamp="2025-05-20T07:56:32.815" classname="MatmulNodeParameterizedTest" />
    <testcase name="MatmulNodeSymbolic/12" value_param="({ 128, 64, 32 }, { 32 })" file="/opt/pytorch/nvfuser/tests/cpp/test_matmul_aten_evaluation.cpp" line="173" status="run" result="completed" time="0.011" timestamp="2025-05-20T07:56:32.820" classname="MatmulNodeParameterizedTest" />
    <testcase name="MatmulNodeSymbolic/15" value_param="({ 128, 64, 32 }, { 128, 32, 16 })" file="/opt/pytorch/nvfuser/tests/cpp/test_matmul_aten_evaluation.cpp" line="173" status="run" result="completed" time="0.057" timestamp="2025-05-20T07:56:32.832" classname="MatmulNodeParameterizedTest" />
    <testcase name="MatmulNodeSymbolic/18" value_param="({ 128, 1, 64, 32 }, { 32, 1 })" file="/opt/pytorch/nvfuser/tests/cpp/test_matmul_aten_evaluation.cpp" line="173" status="run" result="completed" time="0.011" timestamp="2025-05-20T07:56:32.889" classname="MatmulNodeParameterizedTest" />
  </testsuite>
  <testsuite name="ReductionAxisIsOne/MatmulNodeParameterizedTest" tests="13" failures="0" disabled="0" skipped="0" errors="0" time="1.359" timestamp="2025-05-20T07:56:32.900">
    <testcase name="MatmulNodeConcrete/1" value_param="({ 1 }, { 1, 16 })" file="/opt/pytorch/nvfuser/tests/cpp/test_matmul_aten_evaluation.cpp" line="147" status="run" result="completed" time="0.069" timestamp="2025-05-20T07:56:32.900" classname="ReductionAxisIsOne/MatmulNodeParameterizedTest" />
    <testcase name="MatmulNodeConcrete/4" value_param="({ 64, 1 }, { 1 })" file="/opt/pytorch/nvfuser/tests/cpp/test_matmul_aten_evaluation.cpp" line="147" status="run" result="completed" time="0.063" timestamp="2025-05-20T07:56:32.969" classname="ReductionAxisIsOne/MatmulNodeParameterizedTest" />
    <testcase name="MatmulNodeConcrete/7" value_param="({ 64, 1 }, { 128, 1, 16 })" file="/opt/pytorch/nvfuser/tests/cpp/test_matmul_aten_evaluation.cpp" line="147" status="run" result="completed" time="0.12" timestamp="2025-05-20T07:56:33.033" classname="ReductionAxisIsOne/MatmulNodeParameterizedTest" />
    <testcase name="MatmulNodeConcrete/10" value_param="({ 1, 1 }, { 1, 1 })" file="/opt/pytorch/nvfuser/tests/cpp/test_matmul_aten_evaluation.cpp" line="147" status="run" result="completed" time="0.05" timestamp="2025-05-20T07:56:33.154" classname="ReductionAxisIsOne/MatmulNodeParameterizedTest" />
    <testcase name="MatmulNodeConcrete/13" value_param="({ 128, 64, 1 }, { 1, 16 })" file="/opt/pytorch/nvfuser/tests/cpp/test_matmul_aten_evaluation.cpp" line="147" status="run" result="completed" time="0.118" timestamp="2025-05-20T07:56:33.205" classname="ReductionAxisIsOne/MatmulNodeParameterizedTest" />
    <testcase name="MatmulNodeConcrete/16" value_param="({ 128, 1, 64, 1 }, { 1 })" file="/opt/pytorch/nvfuser/tests/cpp/test_matmul_aten_evaluation.cpp" line="147" status="run" result="completed" time="0.078" timestamp="2025-05-20T07:56:33.323" classname="ReductionAxisIsOne/MatmulNodeParameterizedTest" />
    <testcase name="MatmulNodeConcrete/19" value_param="({ 128, 1, 64, 1 }, { 128, 1, 16 })" file="/opt/pytorch/nvfuser/tests/cpp/test_matmul_aten_evaluation.cpp" line="147" status="run" result="completed" time="0.334" timestamp="2025-05-20T07:56:33.401" classname="ReductionAxisIsOne/MatmulNodeParameterizedTest" />
    <testcase name="MatmulNodeSymbolic/2" value_param="({ 1 }, { 1, 1 })" file="/opt/pytorch/nvfuser/tests/cpp/test_matmul_aten_evaluation.cpp" line="173" status="run" result="completed" time="0.05" timestamp="2025-05-20T07:56:33.735" classname="ReductionAxisIsOne/MatmulNodeParameterizedTest" />
    <testcase name="MatmulNodeSymbolic/5" value_param="({ 64, 1 }, { 1, 16 })" file="/opt/pytorch/nvfuser/tests/cpp/test_matmul_aten_evaluation.cpp" line="173" status="run" result="completed" time="0.094" timestamp="2025-05-20T07:56:33.786" classname="ReductionAxisIsOne/MatmulNodeParameterizedTest" />
    <testcase name="MatmulNodeSymbolic/8" value_param="({ 1, 1 }, { 1 })" file="/opt/pytorch/nvfuser/tests/cpp/test_matmul_aten_evaluation.cpp" line="173" status="run" result="completed" time="0.058" timestamp="2025-05-20T07:56:33.880" classname="ReductionAxisIsOne/MatmulNodeParameterizedTest" />
    <testcase name="MatmulNodeSymbolic/11" value_param="({ 1, 1 }, { 128, 1, 16 })" file="/opt/pytorch/nvfuser/tests/cpp/test_matmul_aten_evaluation.cpp" line="173" status="run" result="completed" time="0.092" timestamp="2025-05-20T07:56:33.938" classname="ReductionAxisIsOne/MatmulNodeParameterizedTest" />
    <testcase name="MatmulNodeSymbolic/14" value_param="({ 128, 64, 1 }, { 1, 1 })" file="/opt/pytorch/nvfuser/tests/cpp/test_matmul_aten_evaluation.cpp" line="173" status="run" result="completed" time="0.085" timestamp="2025-05-20T07:56:34.031" classname="ReductionAxisIsOne/MatmulNodeParameterizedTest" />
    <testcase name="MatmulNodeSymbolic/17" value_param="({ 128, 1, 64, 1 }, { 1, 16 })" file="/opt/pytorch/nvfuser/tests/cpp/test_matmul_aten_evaluation.cpp" line="173" status="run" result="completed" time="0.142" timestamp="2025-05-20T07:56:34.117" classname="ReductionAxisIsOne/MatmulNodeParameterizedTest" />
  </testsuite>
  <testsuite name="LinearWithoutBias/LinearNodeParametrizedTest" tests="7" failures="0" disabled="0" skipped="0" errors="0" time="0.044" timestamp="2025-05-20T07:56:34.259">
    <testcase name="LinearNodeConcrete/0" value_param="({ 32 }, { 16, 32 }, (nullopt))" file="/opt/pytorch/nvfuser/tests/cpp/test_matmul_aten_evaluation.cpp" line="199" status="run" result="completed" time="0.006" timestamp="2025-05-20T07:56:34.259" classname="LinearWithoutBias/LinearNodeParametrizedTest" />
    <testcase name="LinearNodeConcrete/3" value_param="({ 64, 32 }, { 1, 32 }, (nullopt))" file="/opt/pytorch/nvfuser/tests/cpp/test_matmul_aten_evaluation.cpp" line="199" status="run" result="completed" time="0.004" timestamp="2025-05-20T07:56:34.265" classname="LinearWithoutBias/LinearNodeParametrizedTest" />
    <testcase name="LinearNodeConcrete/6" value_param="({ 1, 32 }, { 16, 32 }, (nullopt))" file="/opt/pytorch/nvfuser/tests/cpp/test_matmul_aten_evaluation.cpp" line="199" status="run" result="completed" time="0.004" timestamp="2025-05-20T07:56:34.270" classname="LinearWithoutBias/LinearNodeParametrizedTest" />
    <testcase name="LinearNodeConcrete/9" value_param="({ 128, 1, 32 }, { 1, 32 }, (nullopt))" file="/opt/pytorch/nvfuser/tests/cpp/test_matmul_aten_evaluation.cpp" line="199" status="run" result="completed" time="0.004" timestamp="2025-05-20T07:56:34.274" classname="LinearWithoutBias/LinearNodeParametrizedTest" />
    <testcase name="LinearNodeSymbolic/2" value_param="({ 64, 32 }, { 16, 32 }, (nullopt))" file="/opt/pytorch/nvfuser/tests/cpp/test_matmul_aten_evaluation.cpp" line="246" status="run" result="completed" time="0.006" timestamp="2025-05-20T07:56:34.279" classname="LinearWithoutBias/LinearNodeParametrizedTest" />
    <testcase name="LinearNodeSymbolic/5" value_param="({ 128, 64, 32 }, { 1, 32 }, (nullopt))" file="/opt/pytorch/nvfuser/tests/cpp/test_matmul_aten_evaluation.cpp" line="246" status="run" result="completed" time="0.011" timestamp="2025-05-20T07:56:34.286" classname="LinearWithoutBias/LinearNodeParametrizedTest" />
    <testcase name="LinearNodeSymbolic/8" value_param="({ 128, 1, 32 }, { 16, 32 }, (nullopt))" file="/opt/pytorch/nvfuser/tests/cpp/test_matmul_aten_evaluation.cpp" line="246" status="run" result="completed" time="0.006" timestamp="2025-05-20T07:56:34.297" classname="LinearWithoutBias/LinearNodeParametrizedTest" />
  </testsuite>
  <testsuite name="LinearWithBias/LinearNodeParametrizedTest" tests="3" failures="0" disabled="0" skipped="0" errors="0" time="0.098" timestamp="2025-05-20T07:56:34.303">
    <testcase name="LinearNodeConcrete/1" value_param="({ 64, 32 }, { 16, 32 }, ({ 16 }))" file="/opt/pytorch/nvfuser/tests/cpp/test_matmul_aten_evaluation.cpp" line="199" status="run" result="completed" time="0.006" timestamp="2025-05-20T07:56:34.303" classname="LinearWithBias/LinearNodeParametrizedTest" />
    <testcase name="LinearNodeConcrete/4" value_param="({ 128, 1, 32 }, { 16, 32 }, ({ 16 }))" file="/opt/pytorch/nvfuser/tests/cpp/test_matmul_aten_evaluation.cpp" line="199" status="run" result="completed" time="0.006" timestamp="2025-05-20T07:56:34.310" classname="LinearWithBias/LinearNodeParametrizedTest" />
    <testcase name="LinearNodeSymbolic/2" value_param="({ 128, 64, 32 }, { 16, 32 }, ({ 16 }))" file="/opt/pytorch/nvfuser/tests/cpp/test_matmul_aten_evaluation.cpp" line="246" status="run" result="completed" time="0.084" timestamp="2025-05-20T07:56:34.316" classname="LinearWithBias/LinearNodeParametrizedTest" />
  </testsuite>
  <testsuite name="LinearReductionAxisIsOne/LinearNodeParametrizedTest" tests="4" failures="0" disabled="0" skipped="0" errors="0" time="0.019" timestamp="2025-05-20T07:56:34.401">
    <testcase name="LinearNodeConcrete/0" value_param="({ 1 }, { 16, 1 }, ({ 16 }))" file="/opt/pytorch/nvfuser/tests/cpp/test_matmul_aten_evaluation.cpp" line="199" status="run" result="completed" time="0.004" timestamp="2025-05-20T07:56:34.401" classname="LinearReductionAxisIsOne/LinearNodeParametrizedTest" />
    <testcase name="LinearNodeConcrete/3" value_param="({ 1, 1 }, { 16, 1 }, ({ 16 }))" file="/opt/pytorch/nvfuser/tests/cpp/test_matmul_aten_evaluation.cpp" line="199" status="run" result="completed" time="0.004" timestamp="2025-05-20T07:56:34.406" classname="LinearReductionAxisIsOne/LinearNodeParametrizedTest" />
    <testcase name="LinearNodeSymbolic/1" value_param="({ 64, 1 }, { 16, 1 }, ({ 16 }))" file="/opt/pytorch/nvfuser/tests/cpp/test_matmul_aten_evaluation.cpp" line="246" status="run" result="completed" time="0.005" timestamp="2025-05-20T07:56:34.411" classname="LinearReductionAxisIsOne/LinearNodeParametrizedTest" />
    <testcase name="LinearNodeSymbolic/4" value_param="({ 128, 1, 1 }, { 16, 1 }, ({ 16 }))" file="/opt/pytorch/nvfuser/tests/cpp/test_matmul_aten_evaluation.cpp" line="246" status="run" result="completed" time="0.005" timestamp="2025-05-20T07:56:34.416" classname="LinearReductionAxisIsOne/LinearNodeParametrizedTest" />
  </testsuite>
  <testsuite name="MatmulSASSTestWithLayout" tests="1" failures="0" disabled="0" skipped="1" errors="0" time="0." timestamp="2025-05-20T07:56:34.421">
    <testcase name="AmpereSanity/NT" value_param="4-byte object &lt;00-00 00-00&gt;" file="/opt/pytorch/nvfuser/tests/cpp/test_matmul_sass.cpp" line="182" status="run" result="skipped" time="0." timestamp="2025-05-20T07:56:34.421" classname="MatmulSASSTestWithLayout">
      <skipped message="/opt/pytorch/nvfuser/tests/cpp/test_matmul_sass.cpp:183&#x0A;Requires GPU capability &gt;= 8.0 and &lt; 9.0 to run.&#x0A;&#x0A;"><![CDATA[/opt/pytorch/nvfuser/tests/cpp/test_matmul_sass.cpp:183
Requires GPU capability >= 8.0 and < 9.0 to run.

]]></skipped>
    </testcase>
  </testsuite>
  <testsuite name="MatmulSchedulerTest/PrecisionParametrizedTest" tests="12" failures="0" disabled="0" skipped="12" errors="0" time="0." timestamp="2025-05-20T07:56:34.421">
    <testcase name="EpilogueBias/HSH" value_param="(__half, float, __half)" file="/opt/pytorch/nvfuser/tests/cpp/test_matmul_scheduler.cpp" line="130" status="run" result="skipped" time="0." timestamp="2025-05-20T07:56:34.421" classname="MatmulSchedulerTest/PrecisionParametrizedTest">
      <skipped message="/opt/pytorch/nvfuser/tests/cpp/test_matmul_scheduler.cpp:132&#x0A;Requires GPU capability &gt;= 7.5 and &lt; 9.0 to run.&#x0A;&#x0A;"><![CDATA[/opt/pytorch/nvfuser/tests/cpp/test_matmul_scheduler.cpp:132
Requires GPU capability >= 7.5 and < 9.0 to run.

]]></skipped>
    </testcase>
    <testcase name="EpilogueRelu/HSS" value_param="(__half, float, float)" file="/opt/pytorch/nvfuser/tests/cpp/test_matmul_scheduler.cpp" line="232" status="run" result="skipped" time="0." timestamp="2025-05-20T07:56:34.421" classname="MatmulSchedulerTest/PrecisionParametrizedTest">
      <skipped message="/opt/pytorch/nvfuser/tests/cpp/test_matmul_scheduler.cpp:234&#x0A;Requires GPU capability &gt;= 7.5 and &lt; 9.0 to run.&#x0A;&#x0A;"><![CDATA[/opt/pytorch/nvfuser/tests/cpp/test_matmul_scheduler.cpp:234
Requires GPU capability >= 7.5 and < 9.0 to run.

]]></skipped>
    </testcase>
    <testcase name="EpilogueRelu/TST" value_param="(__bfloat, float, __bfloat)" file="/opt/pytorch/nvfuser/tests/cpp/test_matmul_scheduler.cpp" line="232" status="run" result="skipped" time="0." timestamp="2025-05-20T07:56:34.421" classname="MatmulSchedulerTest/PrecisionParametrizedTest">
      <skipped message="/opt/pytorch/nvfuser/tests/cpp/test_matmul_scheduler.cpp:234&#x0A;Requires GPU capability &gt;= 7.5 and &lt; 9.0 to run.&#x0A;&#x0A;"><![CDATA[/opt/pytorch/nvfuser/tests/cpp/test_matmul_scheduler.cpp:234
Requires GPU capability >= 7.5 and < 9.0 to run.

]]></skipped>
    </testcase>
    <testcase name="EpilogueBiasRelu/TSS" value_param="(__bfloat, float, float)" file="/opt/pytorch/nvfuser/tests/cpp/test_matmul_scheduler.cpp" line="318" status="run" result="skipped" time="0." timestamp="2025-05-20T07:56:34.421" classname="MatmulSchedulerTest/PrecisionParametrizedTest">
      <skipped message="/opt/pytorch/nvfuser/tests/cpp/test_matmul_scheduler.cpp:321&#x0A;Requires GPU capability &gt;= 7.5 and &lt; 9.0 to run.&#x0A;&#x0A;"><![CDATA[/opt/pytorch/nvfuser/tests/cpp/test_matmul_scheduler.cpp:321
Requires GPU capability >= 7.5 and < 9.0 to run.

]]></skipped>
    </testcase>
    <testcase name="EpilogueReluAux/HSH" value_param="(__half, float, __half)" file="/opt/pytorch/nvfuser/tests/cpp/test_matmul_scheduler.cpp" line="425" status="run" result="skipped" time="0." timestamp="2025-05-20T07:56:34.421" classname="MatmulSchedulerTest/PrecisionParametrizedTest">
      <skipped message="/opt/pytorch/nvfuser/tests/cpp/test_matmul_scheduler.cpp:427&#x0A;Requires GPU capability &gt;= 7.5 and &lt; 9.0 to run.&#x0A;&#x0A;"><![CDATA[/opt/pytorch/nvfuser/tests/cpp/test_matmul_scheduler.cpp:427
Requires GPU capability >= 7.5 and < 9.0 to run.

]]></skipped>
    </testcase>
    <testcase name="EpilogueBiasReluAux/HSS" value_param="(__half, float, float)" file="/opt/pytorch/nvfuser/tests/cpp/test_matmul_scheduler.cpp" line="518" status="run" result="skipped" time="0." timestamp="2025-05-20T07:56:34.421" classname="MatmulSchedulerTest/PrecisionParametrizedTest">
      <skipped message="/opt/pytorch/nvfuser/tests/cpp/test_matmul_scheduler.cpp:521&#x0A;Requires GPU capability &gt;= 7.5 and &lt; 9.0 to run.&#x0A;&#x0A;"><![CDATA[/opt/pytorch/nvfuser/tests/cpp/test_matmul_scheduler.cpp:521
Requires GPU capability >= 7.5 and < 9.0 to run.

]]></skipped>
    </testcase>
    <testcase name="EpilogueBiasReluAux/TST" value_param="(__bfloat, float, __bfloat)" file="/opt/pytorch/nvfuser/tests/cpp/test_matmul_scheduler.cpp" line="518" status="run" result="skipped" time="0." timestamp="2025-05-20T07:56:34.421" classname="MatmulSchedulerTest/PrecisionParametrizedTest">
      <skipped message="/opt/pytorch/nvfuser/tests/cpp/test_matmul_scheduler.cpp:521&#x0A;Requires GPU capability &gt;= 7.5 and &lt; 9.0 to run.&#x0A;&#x0A;"><![CDATA[/opt/pytorch/nvfuser/tests/cpp/test_matmul_scheduler.cpp:521
Requires GPU capability >= 7.5 and < 9.0 to run.

]]></skipped>
    </testcase>
    <testcase name="EpilogueGelu/TSS" value_param="(__bfloat, float, float)" file="/opt/pytorch/nvfuser/tests/cpp/test_matmul_scheduler.cpp" line="631" status="run" result="skipped" time="0." timestamp="2025-05-20T07:56:34.421" classname="MatmulSchedulerTest/PrecisionParametrizedTest">
      <skipped message="/opt/pytorch/nvfuser/tests/cpp/test_matmul_scheduler.cpp:633&#x0A;Requires GPU capability &gt;= 7.5 and &lt; 9.0 to run.&#x0A;&#x0A;"><![CDATA[/opt/pytorch/nvfuser/tests/cpp/test_matmul_scheduler.cpp:633
Requires GPU capability >= 7.5 and < 9.0 to run.

]]></skipped>
    </testcase>
    <testcase name="EpilogueGeluAux/HSH" value_param="(__half, float, __half)" file="/opt/pytorch/nvfuser/tests/cpp/test_matmul_scheduler.cpp" line="717" status="run" result="skipped" time="0." timestamp="2025-05-20T07:56:34.421" classname="MatmulSchedulerTest/PrecisionParametrizedTest">
      <skipped message="/opt/pytorch/nvfuser/tests/cpp/test_matmul_scheduler.cpp:718&#x0A;Requires GPU capability &gt;= 7.5 and &lt; 9.0 to run.&#x0A;&#x0A;"><![CDATA[/opt/pytorch/nvfuser/tests/cpp/test_matmul_scheduler.cpp:718
Requires GPU capability >= 7.5 and < 9.0 to run.

]]></skipped>
    </testcase>
    <testcase name="EpilogueBiasGelu/HSS" value_param="(__half, float, float)" file="/opt/pytorch/nvfuser/tests/cpp/test_matmul_scheduler.cpp" line="809" status="run" result="skipped" time="0." timestamp="2025-05-20T07:56:34.421" classname="MatmulSchedulerTest/PrecisionParametrizedTest">
      <skipped message="/opt/pytorch/nvfuser/tests/cpp/test_matmul_scheduler.cpp:811&#x0A;Requires GPU capability &gt;= 7.5 and &lt; 9.0 to run.&#x0A;&#x0A;"><![CDATA[/opt/pytorch/nvfuser/tests/cpp/test_matmul_scheduler.cpp:811
Requires GPU capability >= 7.5 and < 9.0 to run.

]]></skipped>
    </testcase>
    <testcase name="EpilogueBiasGelu/TST" value_param="(__bfloat, float, __bfloat)" file="/opt/pytorch/nvfuser/tests/cpp/test_matmul_scheduler.cpp" line="809" status="run" result="skipped" time="0." timestamp="2025-05-20T07:56:34.421" classname="MatmulSchedulerTest/PrecisionParametrizedTest">
      <skipped message="/opt/pytorch/nvfuser/tests/cpp/test_matmul_scheduler.cpp:811&#x0A;Requires GPU capability &gt;= 7.5 and &lt; 9.0 to run.&#x0A;&#x0A;"><![CDATA[/opt/pytorch/nvfuser/tests/cpp/test_matmul_scheduler.cpp:811
Requires GPU capability >= 7.5 and < 9.0 to run.

]]></skipped>
    </testcase>
    <testcase name="EpilogueBiasGeluAux/TSS" value_param="(__bfloat, float, float)" file="/opt/pytorch/nvfuser/tests/cpp/test_matmul_scheduler.cpp" line="914" status="run" result="skipped" time="0." timestamp="2025-05-20T07:56:34.421" classname="MatmulSchedulerTest/PrecisionParametrizedTest">
      <skipped message="/opt/pytorch/nvfuser/tests/cpp/test_matmul_scheduler.cpp:917&#x0A;Requires GPU capability &gt;= 7.5 and &lt; 9.0 to run.&#x0A;&#x0A;"><![CDATA[/opt/pytorch/nvfuser/tests/cpp/test_matmul_scheduler.cpp:917
Requires GPU capability >= 7.5 and < 9.0 to run.

]]></skipped>
    </testcase>
  </testsuite>
  <testsuite name="MatmulSchedulerTestWithLayout" tests="11" failures="0" disabled="0" skipped="11" errors="0" time="0." timestamp="2025-05-20T07:56:34.421">
    <testcase name="BasicMatmulRelaxedCheck/TN" value_param="4-byte object &lt;02-00 00-00&gt;" file="/opt/pytorch/nvfuser/tests/cpp/test_matmul_scheduler.cpp" line="1122" status="run" result="skipped" time="0." timestamp="2025-05-20T07:56:34.421" classname="MatmulSchedulerTestWithLayout">
      <skipped message="/opt/pytorch/nvfuser/tests/cpp/test_matmul_scheduler.cpp:1125&#x0A;Requires GPU capability &gt;= 7.5 and &lt; 9.0 to run.&#x0A;&#x0A;"><![CDATA[/opt/pytorch/nvfuser/tests/cpp/test_matmul_scheduler.cpp:1125
Requires GPU capability >= 7.5 and < 9.0 to run.

]]></skipped>
    </testcase>
    <testcase name="StridedBatch/TT" value_param="4-byte object &lt;01-00 00-00&gt;" file="/opt/pytorch/nvfuser/tests/cpp/test_matmul_scheduler.cpp" line="1703" status="run" result="skipped" time="0." timestamp="2025-05-20T07:56:34.421" classname="MatmulSchedulerTestWithLayout">
      <skipped message="/opt/pytorch/nvfuser/tests/cpp/test_matmul_scheduler.cpp:1705&#x0A;Requires GPU capability &gt;= 7.5 and &lt; 9.0 to run.&#x0A;&#x0A;"><![CDATA[/opt/pytorch/nvfuser/tests/cpp/test_matmul_scheduler.cpp:1705
Requires GPU capability >= 7.5 and < 9.0 to run.

]]></skipped>
    </testcase>
    <testcase name="StridedBatch/NN" value_param="4-byte object &lt;03-00 00-00&gt;" file="/opt/pytorch/nvfuser/tests/cpp/test_matmul_scheduler.cpp" line="1703" status="run" result="skipped" time="0." timestamp="2025-05-20T07:56:34.421" classname="MatmulSchedulerTestWithLayout">
      <skipped message="/opt/pytorch/nvfuser/tests/cpp/test_matmul_scheduler.cpp:1705&#x0A;Requires GPU capability &gt;= 7.5 and &lt; 9.0 to run.&#x0A;&#x0A;"><![CDATA[/opt/pytorch/nvfuser/tests/cpp/test_matmul_scheduler.cpp:1705
Requires GPU capability >= 7.5 and < 9.0 to run.

]]></skipped>
    </testcase>
    <testcase name="StridedBatchEpilogueAlphaBeta/NT" value_param="4-byte object &lt;00-00 00-00&gt;" file="/opt/pytorch/nvfuser/tests/cpp/test_matmul_scheduler.cpp" line="1757" status="run" result="skipped" time="0." timestamp="2025-05-20T07:56:34.421" classname="MatmulSchedulerTestWithLayout">
      <skipped message="/opt/pytorch/nvfuser/tests/cpp/test_matmul_scheduler.cpp:1759&#x0A;Requires GPU capability &gt;= 7.5 and &lt; 9.0 to run.&#x0A;&#x0A;"><![CDATA[/opt/pytorch/nvfuser/tests/cpp/test_matmul_scheduler.cpp:1759
Requires GPU capability >= 7.5 and < 9.0 to run.

]]></skipped>
    </testcase>
    <testcase name="StridedBatchEpilogueAlphaSingleBeta/TN" value_param="4-byte object &lt;02-00 00-00&gt;" file="/opt/pytorch/nvfuser/tests/cpp/test_matmul_scheduler.cpp" line="1833" status="run" result="skipped" time="0." timestamp="2025-05-20T07:56:34.421" classname="MatmulSchedulerTestWithLayout">
      <skipped message="/opt/pytorch/nvfuser/tests/cpp/test_matmul_scheduler.cpp:1835&#x0A;Requires GPU capability &gt;= 7.5 and &lt; 9.0 to run.&#x0A;&#x0A;"><![CDATA[/opt/pytorch/nvfuser/tests/cpp/test_matmul_scheduler.cpp:1835
Requires GPU capability >= 7.5 and < 9.0 to run.

]]></skipped>
    </testcase>
    <testcase name="StridedBatchEpilogueBias/TT" value_param="4-byte object &lt;01-00 00-00&gt;" file="/opt/pytorch/nvfuser/tests/cpp/test_matmul_scheduler.cpp" line="1913" status="run" result="skipped" time="0." timestamp="2025-05-20T07:56:34.421" classname="MatmulSchedulerTestWithLayout">
      <skipped message="/opt/pytorch/nvfuser/tests/cpp/test_matmul_scheduler.cpp:1915&#x0A;Requires GPU capability &gt;= 7.5 and &lt; 9.0 to run.&#x0A;&#x0A;"><![CDATA[/opt/pytorch/nvfuser/tests/cpp/test_matmul_scheduler.cpp:1915
Requires GPU capability >= 7.5 and < 9.0 to run.

]]></skipped>
    </testcase>
    <testcase name="StridedBatchEpilogueBias/NN" value_param="4-byte object &lt;03-00 00-00&gt;" file="/opt/pytorch/nvfuser/tests/cpp/test_matmul_scheduler.cpp" line="1913" status="run" result="skipped" time="0." timestamp="2025-05-20T07:56:34.421" classname="MatmulSchedulerTestWithLayout">
      <skipped message="/opt/pytorch/nvfuser/tests/cpp/test_matmul_scheduler.cpp:1915&#x0A;Requires GPU capability &gt;= 7.5 and &lt; 9.0 to run.&#x0A;&#x0A;"><![CDATA[/opt/pytorch/nvfuser/tests/cpp/test_matmul_scheduler.cpp:1915
Requires GPU capability >= 7.5 and < 9.0 to run.

]]></skipped>
    </testcase>
    <testcase name="StridedBatchEpilogueSingleBias/NT" value_param="4-byte object &lt;00-00 00-00&gt;" file="/opt/pytorch/nvfuser/tests/cpp/test_matmul_scheduler.cpp" line="1975" status="run" result="skipped" time="0." timestamp="2025-05-20T07:56:34.421" classname="MatmulSchedulerTestWithLayout">
      <skipped message="/opt/pytorch/nvfuser/tests/cpp/test_matmul_scheduler.cpp:1977&#x0A;Requires GPU capability &gt;= 7.5 and &lt; 9.0 to run.&#x0A;&#x0A;"><![CDATA[/opt/pytorch/nvfuser/tests/cpp/test_matmul_scheduler.cpp:1977
Requires GPU capability >= 7.5 and < 9.0 to run.

]]></skipped>
    </testcase>
    <testcase name="MisalignedVectorization/TN" value_param="4-byte object &lt;02-00 00-00&gt;" file="/opt/pytorch/nvfuser/tests/cpp/test_matmul_scheduler.cpp" line="2037" status="run" result="skipped" time="0." timestamp="2025-05-20T07:56:34.421" classname="MatmulSchedulerTestWithLayout">
      <skipped message="/opt/pytorch/nvfuser/tests/cpp/test_matmul_scheduler.cpp:2038&#x0A;Requires GPU capability &gt;= 7.5 and &lt; 9.0 to run.&#x0A;&#x0A;"><![CDATA[/opt/pytorch/nvfuser/tests/cpp/test_matmul_scheduler.cpp:2038
Requires GPU capability >= 7.5 and < 9.0 to run.

]]></skipped>
    </testcase>
    <testcase name="StridedInputs/TT" value_param="4-byte object &lt;01-00 00-00&gt;" file="/opt/pytorch/nvfuser/tests/cpp/test_matmul_scheduler.cpp" line="2191" status="run" result="skipped" time="0." timestamp="2025-05-20T07:56:34.421" classname="MatmulSchedulerTestWithLayout">
      <skipped message="/opt/pytorch/nvfuser/tests/cpp/test_matmul_scheduler.cpp:2192&#x0A;Requires GPU capability &gt;= 7.5 and &lt; 9.0 to run.&#x0A;&#x0A;"><![CDATA[/opt/pytorch/nvfuser/tests/cpp/test_matmul_scheduler.cpp:2192
Requires GPU capability >= 7.5 and < 9.0 to run.

]]></skipped>
    </testcase>
    <testcase name="StridedInputs/NN" value_param="4-byte object &lt;03-00 00-00&gt;" file="/opt/pytorch/nvfuser/tests/cpp/test_matmul_scheduler.cpp" line="2191" status="run" result="skipped" time="0." timestamp="2025-05-20T07:56:34.421" classname="MatmulSchedulerTestWithLayout">
      <skipped message="/opt/pytorch/nvfuser/tests/cpp/test_matmul_scheduler.cpp:2192&#x0A;Requires GPU capability &gt;= 7.5 and &lt; 9.0 to run.&#x0A;&#x0A;"><![CDATA[/opt/pytorch/nvfuser/tests/cpp/test_matmul_scheduler.cpp:2192
Requires GPU capability >= 7.5 and < 9.0 to run.

]]></skipped>
    </testcase>
  </testsuite>
  <testsuite name="MatmulFusionTest" tests="1" failures="0" disabled="0" skipped="1" errors="0" time="0." timestamp="2025-05-20T07:56:34.421">
    <testcase name="Llama2FFN/fuse_horizontal" value_param="(true, true)" file="/opt/pytorch/nvfuser/tests/cpp/test_matmul_scheduler.cpp" line="2801" status="run" result="skipped" time="0." timestamp="2025-05-20T07:56:34.421" classname="MatmulFusionTest">
      <skipped message="/opt/pytorch/nvfuser/tests/cpp/test_matmul_scheduler.cpp:2802&#x0A;Requires GPU capability &gt;= 7.5 and &lt; 9.0 to run.&#x0A;&#x0A;"><![CDATA[/opt/pytorch/nvfuser/tests/cpp/test_matmul_scheduler.cpp:2802
Requires GPU capability >= 7.5 and < 9.0 to run.

]]></skipped>
    </testcase>
  </testsuite>
  <testsuite name="MatmulSchedulerTest/AllocationDomainTest" tests="9" failures="0" disabled="0" skipped="8" errors="0" time="0.279" timestamp="2025-05-20T07:56:34.421">
    <testcase name="BasicMatmul/2" value_param="(true, false)" file="/opt/pytorch/nvfuser/tests/cpp/test_matmul_scheduler.cpp" line="2963" status="run" result="completed" time="0.279" timestamp="2025-05-20T07:56:34.421" classname="MatmulSchedulerTest/AllocationDomainTest" />
    <testcase name="BasicMatmulNoTranspose/1" value_param="(false, true)" file="/opt/pytorch/nvfuser/tests/cpp/test_matmul_scheduler.cpp" line="2997" status="run" result="skipped" time="0." timestamp="2025-05-20T07:56:34.701" classname="MatmulSchedulerTest/AllocationDomainTest">
      <skipped message="/opt/pytorch/nvfuser/tests/cpp/test_matmul_scheduler.cpp:2998&#x0A;Requires GPU capability &gt;= 7.5 and &lt; 9.0 to run.&#x0A;&#x0A;"><![CDATA[/opt/pytorch/nvfuser/tests/cpp/test_matmul_scheduler.cpp:2998
Requires GPU capability >= 7.5 and < 9.0 to run.

]]></skipped>
    </testcase>
    <testcase name="BasicMatmulWithPrologueSet/0" value_param="(false, false)" file="/opt/pytorch/nvfuser/tests/cpp/test_matmul_scheduler.cpp" line="3029" status="run" result="skipped" time="0." timestamp="2025-05-20T07:56:34.701" classname="MatmulSchedulerTest/AllocationDomainTest">
      <skipped message="/opt/pytorch/nvfuser/tests/cpp/test_matmul_scheduler.cpp:3030&#x0A;Requires GPU capability &gt;= 7.5 and &lt; 9.0 to run.&#x0A;&#x0A;"><![CDATA[/opt/pytorch/nvfuser/tests/cpp/test_matmul_scheduler.cpp:3030
Requires GPU capability >= 7.5 and < 9.0 to run.

]]></skipped>
    </testcase>
    <testcase name="BasicMatmulWithPrologueSet/3" value_param="(true, true)" file="/opt/pytorch/nvfuser/tests/cpp/test_matmul_scheduler.cpp" line="3029" status="run" result="skipped" time="0." timestamp="2025-05-20T07:56:34.701" classname="MatmulSchedulerTest/AllocationDomainTest">
      <skipped message="/opt/pytorch/nvfuser/tests/cpp/test_matmul_scheduler.cpp:3030&#x0A;Requires GPU capability &gt;= 7.5 and &lt; 9.0 to run.&#x0A;&#x0A;"><![CDATA[/opt/pytorch/nvfuser/tests/cpp/test_matmul_scheduler.cpp:3030
Requires GPU capability >= 7.5 and < 9.0 to run.

]]></skipped>
    </testcase>
    <testcase name="BasicMatmulWithPrologueSetCastSin/2" value_param="(true, false)" file="/opt/pytorch/nvfuser/tests/cpp/test_matmul_scheduler.cpp" line="3065" status="run" result="skipped" time="0." timestamp="2025-05-20T07:56:34.701" classname="MatmulSchedulerTest/AllocationDomainTest">
      <skipped message="/opt/pytorch/nvfuser/tests/cpp/test_matmul_scheduler.cpp:3066&#x0A;Requires GPU capability &gt;= 7.5 and &lt; 9.0 to run.&#x0A;&#x0A;"><![CDATA[/opt/pytorch/nvfuser/tests/cpp/test_matmul_scheduler.cpp:3066
Requires GPU capability >= 7.5 and < 9.0 to run.

]]></skipped>
    </testcase>
    <testcase name="BasicMatmulWithPrologueSetCastSinNoTranspose/1" value_param="(false, true)" file="/opt/pytorch/nvfuser/tests/cpp/test_matmul_scheduler.cpp" line="3104" status="run" result="skipped" time="0." timestamp="2025-05-20T07:56:34.701" classname="MatmulSchedulerTest/AllocationDomainTest">
      <skipped message="/opt/pytorch/nvfuser/tests/cpp/test_matmul_scheduler.cpp:3105&#x0A;Requires GPU capability &gt;= 7.5 and &lt; 9.0 to run.&#x0A;&#x0A;"><![CDATA[/opt/pytorch/nvfuser/tests/cpp/test_matmul_scheduler.cpp:3105
Requires GPU capability >= 7.5 and < 9.0 to run.

]]></skipped>
    </testcase>
    <testcase name="BasicMatmulWithPrologueSetCastSinSetNoTranspose/0" value_param="(false, false)" file="/opt/pytorch/nvfuser/tests/cpp/test_matmul_scheduler.cpp" line="3140" status="run" result="skipped" time="0." timestamp="2025-05-20T07:56:34.701" classname="MatmulSchedulerTest/AllocationDomainTest">
      <skipped message="/opt/pytorch/nvfuser/tests/cpp/test_matmul_scheduler.cpp:3141&#x0A;Requires GPU capability &gt;= 7.5 and &lt; 9.0 to run.&#x0A;&#x0A;"><![CDATA[/opt/pytorch/nvfuser/tests/cpp/test_matmul_scheduler.cpp:3141
Requires GPU capability >= 7.5 and < 9.0 to run.

]]></skipped>
    </testcase>
    <testcase name="BasicMatmulWithPrologueSetCastSinSetNoTranspose/3" value_param="(true, true)" file="/opt/pytorch/nvfuser/tests/cpp/test_matmul_scheduler.cpp" line="3140" status="run" result="skipped" time="0." timestamp="2025-05-20T07:56:34.701" classname="MatmulSchedulerTest/AllocationDomainTest">
      <skipped message="/opt/pytorch/nvfuser/tests/cpp/test_matmul_scheduler.cpp:3141&#x0A;Requires GPU capability &gt;= 7.5 and &lt; 9.0 to run.&#x0A;&#x0A;"><![CDATA[/opt/pytorch/nvfuser/tests/cpp/test_matmul_scheduler.cpp:3141
Requires GPU capability >= 7.5 and < 9.0 to run.

]]></skipped>
    </testcase>
    <testcase name="MatmulWithPrologueSetCastSinTranspose/2" value_param="(true, false)" file="/opt/pytorch/nvfuser/tests/cpp/test_matmul_scheduler.cpp" line="3177" status="run" result="skipped" time="0." timestamp="2025-05-20T07:56:34.701" classname="MatmulSchedulerTest/AllocationDomainTest">
      <skipped message="/opt/pytorch/nvfuser/tests/cpp/test_matmul_scheduler.cpp:3178&#x0A;Requires GPU capability &gt;= 7.5 and &lt; 9.0 to run.&#x0A;&#x0A;"><![CDATA[/opt/pytorch/nvfuser/tests/cpp/test_matmul_scheduler.cpp:3178
Requires GPU capability >= 7.5 and < 9.0 to run.

]]></skipped>
    </testcase>
  </testsuite>
  <testsuite name="General/HopperPlusMatmulSchedulerTest" tests="21" failures="0" disabled="0" skipped="10" errors="0" time="3.448" timestamp="2025-05-20T07:56:34.701">
    <testcase name="FusedMultiplySum/MN_512_256_128_MmaMacro_m64_n128_k16_splitk_2" value_param="(false, false, false, 512, 256, 128, 8-byte object &lt;10-00 80-00 40-00 04-00&gt;, 2)" file="/opt/pytorch/nvfuser/tests/cpp/test_matmul_scheduler.cpp" line="3410" status="run" result="completed" time="0.335" timestamp="2025-05-20T07:56:34.701" classname="General/HopperPlusMatmulSchedulerTest" />
    <testcase name="FusedMultiplySum/MK_512_256_128_MmaMacro_m64_n128_k16" value_param="(false, false, true, 512, 256, 128, 8-byte object &lt;10-00 80-00 40-00 04-00&gt;, 1)" file="/opt/pytorch/nvfuser/tests/cpp/test_matmul_scheduler.cpp" line="3410" status="run" result="completed" time="0.202" timestamp="2025-05-20T07:56:35.037" classname="General/HopperPlusMatmulSchedulerTest" />
    <testcase name="FusedMultiplySum/MK_512_256_128_MmaMacro_m128_n128_k16_splitk_2" value_param="(false, false, true, 512, 256, 128, 8-byte object &lt;10-00 80-00 80-00 05-00&gt;, 2)" file="/opt/pytorch/nvfuser/tests/cpp/test_matmul_scheduler.cpp" line="3410" status="run" result="skipped" time="0." timestamp="2025-05-20T07:56:35.239" classname="General/HopperPlusMatmulSchedulerTest">
      <skipped message="/opt/pytorch/nvfuser/tests/cpp/test_matmul_scheduler.cpp:3331&#x0A;Requires GPU capability &gt;= 10.0 and &lt; 11.0 to run.&#x0A;&#x0A;"><![CDATA[/opt/pytorch/nvfuser/tests/cpp/test_matmul_scheduler.cpp:3331
Requires GPU capability >= 10.0 and < 11.0 to run.

]]></skipped>
    </testcase>
    <testcase name="FusedMultiplySum/KN_512_256_128_MmaMacro_m128_n128_k16" value_param="(false, true, false, 512, 256, 128, 8-byte object &lt;10-00 80-00 80-00 05-00&gt;, 1)" file="/opt/pytorch/nvfuser/tests/cpp/test_matmul_scheduler.cpp" line="3410" status="run" result="skipped" time="0." timestamp="2025-05-20T07:56:35.239" classname="General/HopperPlusMatmulSchedulerTest">
      <skipped message="/opt/pytorch/nvfuser/tests/cpp/test_matmul_scheduler.cpp:3331&#x0A;Requires GPU capability &gt;= 10.0 and &lt; 11.0 to run.&#x0A;&#x0A;"><![CDATA[/opt/pytorch/nvfuser/tests/cpp/test_matmul_scheduler.cpp:3331
Requires GPU capability >= 10.0 and < 11.0 to run.

]]></skipped>
    </testcase>
    <testcase name="FusedMultiplySum/KK_512_256_128_MmaMacro_m64_n128_k16_splitk_2" value_param="(false, true, true, 512, 256, 128, 8-byte object &lt;10-00 80-00 40-00 04-00&gt;, 2)" file="/opt/pytorch/nvfuser/tests/cpp/test_matmul_scheduler.cpp" line="3410" status="run" result="completed" time="0.317" timestamp="2025-05-20T07:56:35.239" classname="General/HopperPlusMatmulSchedulerTest" />
    <testcase name="FusedMultiplySum/MN_512_256_128_MmaMacro_m64_n128_k16_tma_store" value_param="(true, false, false, 512, 256, 128, 8-byte object &lt;10-00 80-00 40-00 04-00&gt;, 1)" file="/opt/pytorch/nvfuser/tests/cpp/test_matmul_scheduler.cpp" line="3410" status="run" result="completed" time="0.216" timestamp="2025-05-20T07:56:35.557" classname="General/HopperPlusMatmulSchedulerTest" />
    <testcase name="FusedMultiplySum/MN_512_256_128_MmaMacro_m128_n128_k16_tma_store_splitk_2" value_param="(true, false, false, 512, 256, 128, 8-byte object &lt;10-00 80-00 80-00 05-00&gt;, 2)" file="/opt/pytorch/nvfuser/tests/cpp/test_matmul_scheduler.cpp" line="3410" status="run" result="skipped" time="0." timestamp="2025-05-20T07:56:35.774" classname="General/HopperPlusMatmulSchedulerTest">
      <skipped message="/opt/pytorch/nvfuser/tests/cpp/test_matmul_scheduler.cpp:3331&#x0A;Requires GPU capability &gt;= 10.0 and &lt; 11.0 to run.&#x0A;&#x0A;"><![CDATA[/opt/pytorch/nvfuser/tests/cpp/test_matmul_scheduler.cpp:3331
Requires GPU capability >= 10.0 and < 11.0 to run.

]]></skipped>
    </testcase>
    <testcase name="FusedMultiplySum/MK_512_256_128_MmaMacro_m128_n128_k16_tma_store" value_param="(true, false, true, 512, 256, 128, 8-byte object &lt;10-00 80-00 80-00 05-00&gt;, 1)" file="/opt/pytorch/nvfuser/tests/cpp/test_matmul_scheduler.cpp" line="3410" status="run" result="skipped" time="0." timestamp="2025-05-20T07:56:35.774" classname="General/HopperPlusMatmulSchedulerTest">
      <skipped message="/opt/pytorch/nvfuser/tests/cpp/test_matmul_scheduler.cpp:3331&#x0A;Requires GPU capability &gt;= 10.0 and &lt; 11.0 to run.&#x0A;&#x0A;"><![CDATA[/opt/pytorch/nvfuser/tests/cpp/test_matmul_scheduler.cpp:3331
Requires GPU capability >= 10.0 and < 11.0 to run.

]]></skipped>
    </testcase>
    <testcase name="FusedMultiplySum/KN_512_256_128_MmaMacro_m64_n128_k16_tma_store_splitk_2" value_param="(true, true, false, 512, 256, 128, 8-byte object &lt;10-00 80-00 40-00 04-00&gt;, 2)" file="/opt/pytorch/nvfuser/tests/cpp/test_matmul_scheduler.cpp" line="3410" status="run" result="completed" time="0.347" timestamp="2025-05-20T07:56:35.774" classname="General/HopperPlusMatmulSchedulerTest" />
    <testcase name="FusedMultiplySum/KK_512_256_128_MmaMacro_m64_n128_k16_tma_store" value_param="(true, true, true, 512, 256, 128, 8-byte object &lt;10-00 80-00 40-00 04-00&gt;, 1)" file="/opt/pytorch/nvfuser/tests/cpp/test_matmul_scheduler.cpp" line="3410" status="run" result="completed" time="0.208" timestamp="2025-05-20T07:56:36.121" classname="General/HopperPlusMatmulSchedulerTest" />
    <testcase name="FusedMultiplySum/KK_512_256_128_MmaMacro_m128_n128_k16_tma_store_splitk_2" value_param="(true, true, true, 512, 256, 128, 8-byte object &lt;10-00 80-00 80-00 05-00&gt;, 2)" file="/opt/pytorch/nvfuser/tests/cpp/test_matmul_scheduler.cpp" line="3410" status="run" result="skipped" time="0." timestamp="2025-05-20T07:56:36.330" classname="General/HopperPlusMatmulSchedulerTest">
      <skipped message="/opt/pytorch/nvfuser/tests/cpp/test_matmul_scheduler.cpp:3331&#x0A;Requires GPU capability &gt;= 10.0 and &lt; 11.0 to run.&#x0A;&#x0A;"><![CDATA[/opt/pytorch/nvfuser/tests/cpp/test_matmul_scheduler.cpp:3331
Requires GPU capability >= 10.0 and < 11.0 to run.

]]></skipped>
    </testcase>
    <testcase name="FusedMultiplySumBiasNeg/MN_512_256_128_MmaMacro_m128_n128_k16" value_param="(false, false, false, 512, 256, 128, 8-byte object &lt;10-00 80-00 80-00 05-00&gt;, 1)" file="/opt/pytorch/nvfuser/tests/cpp/test_matmul_scheduler.cpp" line="3468" status="run" result="skipped" time="0." timestamp="2025-05-20T07:56:36.330" classname="General/HopperPlusMatmulSchedulerTest">
      <skipped message="/opt/pytorch/nvfuser/tests/cpp/test_matmul_scheduler.cpp:3331&#x0A;Requires GPU capability &gt;= 10.0 and &lt; 11.0 to run.&#x0A;&#x0A;"><![CDATA[/opt/pytorch/nvfuser/tests/cpp/test_matmul_scheduler.cpp:3331
Requires GPU capability >= 10.0 and < 11.0 to run.

]]></skipped>
    </testcase>
    <testcase name="FusedMultiplySumBiasNeg/MK_512_256_128_MmaMacro_m64_n128_k16_splitk_2" value_param="(false, false, true, 512, 256, 128, 8-byte object &lt;10-00 80-00 40-00 04-00&gt;, 2)" file="/opt/pytorch/nvfuser/tests/cpp/test_matmul_scheduler.cpp" line="3468" status="run" result="completed" time="0.42" timestamp="2025-05-20T07:56:36.330" classname="General/HopperPlusMatmulSchedulerTest" />
    <testcase name="FusedMultiplySumBiasNeg/KN_512_256_128_MmaMacro_m64_n128_k16" value_param="(false, true, false, 512, 256, 128, 8-byte object &lt;10-00 80-00 40-00 04-00&gt;, 1)" file="/opt/pytorch/nvfuser/tests/cpp/test_matmul_scheduler.cpp" line="3468" status="run" result="completed" time="0.29" timestamp="2025-05-20T07:56:36.751" classname="General/HopperPlusMatmulSchedulerTest" />
    <testcase name="FusedMultiplySumBiasNeg/KN_512_256_128_MmaMacro_m128_n128_k16_splitk_2" value_param="(false, true, false, 512, 256, 128, 8-byte object &lt;10-00 80-00 80-00 05-00&gt;, 2)" file="/opt/pytorch/nvfuser/tests/cpp/test_matmul_scheduler.cpp" line="3468" status="run" result="skipped" time="0." timestamp="2025-05-20T07:56:37.041" classname="General/HopperPlusMatmulSchedulerTest">
      <skipped message="/opt/pytorch/nvfuser/tests/cpp/test_matmul_scheduler.cpp:3331&#x0A;Requires GPU capability &gt;= 10.0 and &lt; 11.0 to run.&#x0A;&#x0A;"><![CDATA[/opt/pytorch/nvfuser/tests/cpp/test_matmul_scheduler.cpp:3331
Requires GPU capability >= 10.0 and < 11.0 to run.

]]></skipped>
    </testcase>
    <testcase name="FusedMultiplySumBiasNeg/KK_512_256_128_MmaMacro_m128_n128_k16" value_param="(false, true, true, 512, 256, 128, 8-byte object &lt;10-00 80-00 80-00 05-00&gt;, 1)" file="/opt/pytorch/nvfuser/tests/cpp/test_matmul_scheduler.cpp" line="3468" status="run" result="skipped" time="0." timestamp="2025-05-20T07:56:37.041" classname="General/HopperPlusMatmulSchedulerTest">
      <skipped message="/opt/pytorch/nvfuser/tests/cpp/test_matmul_scheduler.cpp:3331&#x0A;Requires GPU capability &gt;= 10.0 and &lt; 11.0 to run.&#x0A;&#x0A;"><![CDATA[/opt/pytorch/nvfuser/tests/cpp/test_matmul_scheduler.cpp:3331
Requires GPU capability >= 10.0 and < 11.0 to run.

]]></skipped>
    </testcase>
    <testcase name="FusedMultiplySumBiasNeg/MN_512_256_128_MmaMacro_m64_n128_k16_tma_store_splitk_2" value_param="(true, false, false, 512, 256, 128, 8-byte object &lt;10-00 80-00 40-00 04-00&gt;, 2)" file="/opt/pytorch/nvfuser/tests/cpp/test_matmul_scheduler.cpp" line="3468" status="run" result="completed" time="0.405" timestamp="2025-05-20T07:56:37.041" classname="General/HopperPlusMatmulSchedulerTest" />
    <testcase name="FusedMultiplySumBiasNeg/MK_512_256_128_MmaMacro_m64_n128_k16_tma_store" value_param="(true, false, true, 512, 256, 128, 8-byte object &lt;10-00 80-00 40-00 04-00&gt;, 1)" file="/opt/pytorch/nvfuser/tests/cpp/test_matmul_scheduler.cpp" line="3468" status="run" result="completed" time="0.282" timestamp="2025-05-20T07:56:37.447" classname="General/HopperPlusMatmulSchedulerTest" />
[...]
      <skipped message="/opt/pytorch/nvfuser/tests/cpp/utils.h:570&#x0A;skipping tests on non-Blackwell GPUs&#x0A;"><![CDATA[/opt/pytorch/nvfuser/tests/cpp/utils.h:570
skipping tests on non-Blackwell GPUs
]]></skipped>
    </testcase>
    <testcase name="MultipleTile/Blackwell1CTA_128_176_16_TN_32B_NoSwizzle__half" value_param="(8-byte object &lt;10-00 B0-00 80-00 05-00&gt;, __half, 4-byte object &lt;02-00 00-00&gt;, 32B, NoSwizzle)" file="/opt/pytorch/nvfuser/tests/cpp/test_mma.cpp" line="1281" status="run" result="skipped" time="0." timestamp="2025-05-20T07:59:30.550" classname="MmaTest/Blackwell1CTAM128SS">
      <skipped message="/opt/pytorch/nvfuser/tests/cpp/utils.h:570&#x0A;skipping tests on non-Blackwell GPUs&#x0A;"><![CDATA[/opt/pytorch/nvfuser/tests/cpp/utils.h:570
skipping tests on non-Blackwell GPUs
]]></skipped>
    </testcase>
    <testcase name="MultipleTile/Blackwell1CTA_128_176_16_NT_64B_64B__half" value_param="(8-byte object &lt;10-00 B0-00 80-00 05-00&gt;, __half, 4-byte object &lt;00-00 00-00&gt;, 64B, 64B)" file="/opt/pytorch/nvfuser/tests/cpp/test_mma.cpp" line="1281" status="run" result="skipped" time="0." timestamp="2025-05-20T07:59:30.550" classname="MmaTest/Blackwell1CTAM128SS">
      <skipped message="/opt/pytorch/nvfuser/tests/cpp/utils.h:570&#x0A;skipping tests on non-Blackwell GPUs&#x0A;"><![CDATA[/opt/pytorch/nvfuser/tests/cpp/utils.h:570
skipping tests on non-Blackwell GPUs
]]></skipped>
    </testcase>
    <testcase name="MultipleTile/Blackwell1CTA_128_176_16_TN_NoSwizzle_64B__bfloat" value_param="(8-byte object &lt;10-00 B0-00 80-00 05-00&gt;, __bfloat, 4-byte object &lt;02-00 00-00&gt;, NoSwizzle, 64B)" file="/opt/pytorch/nvfuser/tests/cpp/test_mma.cpp" line="1281" status="run" result="skipped" time="0." timestamp="2025-05-20T07:59:30.550" classname="MmaTest/Blackwell1CTAM128SS">
      <skipped message="/opt/pytorch/nvfuser/tests/cpp/utils.h:570&#x0A;skipping tests on non-Blackwell GPUs&#x0A;"><![CDATA[/opt/pytorch/nvfuser/tests/cpp/utils.h:570
skipping tests on non-Blackwell GPUs
]]></skipped>
    </testcase>
    <testcase name="MultipleTile/Blackwell1CTA_128_176_16_NT_128B_32B__bfloat" value_param="(8-byte object &lt;10-00 B0-00 80-00 05-00&gt;, __bfloat, 4-byte object &lt;00-00 00-00&gt;, 128B, 32B)" file="/opt/pytorch/nvfuser/tests/cpp/test_mma.cpp" line="1281" status="run" result="skipped" time="0." timestamp="2025-05-20T07:59:30.550" classname="MmaTest/Blackwell1CTAM128SS">
      <skipped message="/opt/pytorch/nvfuser/tests/cpp/utils.h:570&#x0A;skipping tests on non-Blackwell GPUs&#x0A;"><![CDATA[/opt/pytorch/nvfuser/tests/cpp/utils.h:570
skipping tests on non-Blackwell GPUs
]]></skipped>
    </testcase>
    <testcase name="MultipleTile/Blackwell1CTA_128_176_16_NN_128B_64B__bfloat" value_param="(8-byte object &lt;10-00 B0-00 80-00 05-00&gt;, __bfloat, 4-byte object &lt;03-00 00-00&gt;, 128B, 64B)" file="/opt/pytorch/nvfuser/tests/cpp/test_mma.cpp" line="1281" status="run" result="skipped" time="0." timestamp="2025-05-20T07:59:30.550" classname="MmaTest/Blackwell1CTAM128SS">
      <skipped message="/opt/pytorch/nvfuser/tests/cpp/utils.h:570&#x0A;skipping tests on non-Blackwell GPUs&#x0A;"><![CDATA[/opt/pytorch/nvfuser/tests/cpp/utils.h:570
skipping tests on non-Blackwell GPUs
]]></skipped>
    </testcase>
    <testcase name="MultipleTile/Blackwell1CTA_128_192_16_TT_128B_32B__half" value_param="(8-byte object &lt;10-00 C0-00 80-00 05-00&gt;, __half, 4-byte object &lt;01-00 00-00&gt;, 128B, 32B)" file="/opt/pytorch/nvfuser/tests/cpp/test_mma.cpp" line="1281" status="run" result="skipped" time="0." timestamp="2025-05-20T07:59:30.550" classname="MmaTest/Blackwell1CTAM128SS">
      <skipped message="/opt/pytorch/nvfuser/tests/cpp/utils.h:570&#x0A;skipping tests on non-Blackwell GPUs&#x0A;"><![CDATA[/opt/pytorch/nvfuser/tests/cpp/utils.h:570
skipping tests on non-Blackwell GPUs
]]></skipped>
    </testcase>
    <testcase name="MultipleTile/Blackwell1CTA_128_192_16_TN_NoSwizzle_64B__half" value_param="(8-byte object &lt;10-00 C0-00 80-00 05-00&gt;, __half, 4-byte object &lt;02-00 00-00&gt;, NoSwizzle, 64B)" file="/opt/pytorch/nvfuser/tests/cpp/test_mma.cpp" line="1281" status="run" result="skipped" time="0." timestamp="2025-05-20T07:59:30.550" classname="MmaTest/Blackwell1CTAM128SS">
      <skipped message="/opt/pytorch/nvfuser/tests/cpp/utils.h:570&#x0A;skipping tests on non-Blackwell GPUs&#x0A;"><![CDATA[/opt/pytorch/nvfuser/tests/cpp/utils.h:570
skipping tests on non-Blackwell GPUs
]]></skipped>
    </testcase>
    <testcase name="MultipleTile/Blackwell1CTA_128_192_16_NT_64B_32B__half" value_param="(8-byte object &lt;10-00 C0-00 80-00 05-00&gt;, __half, 4-byte object &lt;00-00 00-00&gt;, 64B, 32B)" file="/opt/pytorch/nvfuser/tests/cpp/test_mma.cpp" line="1281" status="run" result="skipped" time="0." timestamp="2025-05-20T07:59:30.550" classname="MmaTest/Blackwell1CTAM128SS">
      <skipped message="/opt/pytorch/nvfuser/tests/cpp/utils.h:570&#x0A;skipping tests on non-Blackwell GPUs&#x0A;"><![CDATA[/opt/pytorch/nvfuser/tests/cpp/utils.h:570
skipping tests on non-Blackwell GPUs
]]></skipped>
    </testcase>
    <testcase name="MultipleTile/Blackwell1CTA_128_192_16_TT_NoSwizzle_NoSwizzle__bfloat" value_param="(8-byte object &lt;10-00 C0-00 80-00 05-00&gt;, __bfloat, 4-byte object &lt;01-00 00-00&gt;, NoSwizzle, NoSwizzle)" file="/opt/pytorch/nvfuser/tests/cpp/test_mma.cpp" line="1281" status="run" result="skipped" time="0." timestamp="2025-05-20T07:59:30.550" classname="MmaTest/Blackwell1CTAM128SS">
      <skipped message="/opt/pytorch/nvfuser/tests/cpp/utils.h:570&#x0A;skipping tests on non-Blackwell GPUs&#x0A;"><![CDATA[/opt/pytorch/nvfuser/tests/cpp/utils.h:570
skipping tests on non-Blackwell GPUs
]]></skipped>
    </testcase>
    <testcase name="MultipleTile/Blackwell1CTA_128_192_16_TN_NoSwizzle_NoSwizzle__bfloat" value_param="(8-byte object &lt;10-00 C0-00 80-00 05-00&gt;, __bfloat, 4-byte object &lt;02-00 00-00&gt;, NoSwizzle, NoSwizzle)" file="/opt/pytorch/nvfuser/tests/cpp/test_mma.cpp" line="1281" status="run" result="skipped" time="0." timestamp="2025-05-20T07:59:30.550" classname="MmaTest/Blackwell1CTAM128SS">
      <skipped message="/opt/pytorch/nvfuser/tests/cpp/utils.h:570&#x0A;skipping tests on non-Blackwell GPUs&#x0A;"><![CDATA[/opt/pytorch/nvfuser/tests/cpp/utils.h:570
skipping tests on non-Blackwell GPUs
]]></skipped>
    </testcase>
    <testcase name="MultipleTile/Blackwell1CTA_128_192_16_NN_NoSwizzle_NoSwizzle__bfloat" value_param="(8-byte object &lt;10-00 C0-00 80-00 05-00&gt;, __bfloat, 4-byte object &lt;03-00 00-00&gt;, NoSwizzle, NoSwizzle)" file="/opt/pytorch/nvfuser/tests/cpp/test_mma.cpp" line="1281" status="run" result="skipped" time="0." timestamp="2025-05-20T07:59:30.550" classname="MmaTest/Blackwell1CTAM128SS">
      <skipped message="/opt/pytorch/nvfuser/tests/cpp/utils.h:570&#x0A;skipping tests on non-Blackwell GPUs&#x0A;"><![CDATA[/opt/pytorch/nvfuser/tests/cpp/utils.h:570
skipping tests on non-Blackwell GPUs
]]></skipped>
    </testcase>
    <testcase name="MultipleTile/Blackwell1CTA_128_208_16_TT_NoSwizzle_64B__half" value_param="(8-byte object &lt;10-00 D0-00 80-00 05-00&gt;, __half, 4-byte object &lt;01-00 00-00&gt;, NoSwizzle, 64B)" file="/opt/pytorch/nvfuser/tests/cpp/test_mma.cpp" line="1281" status="run" result="skipped" time="0." timestamp="2025-05-20T07:59:30.550" classname="MmaTest/Blackwell1CTAM128SS">
      <skipped message="/opt/pytorch/nvfuser/tests/cpp/utils.h:570&#x0A;skipping tests on non-Blackwell GPUs&#x0A;"><![CDATA[/opt/pytorch/nvfuser/tests/cpp/utils.h:570
skipping tests on non-Blackwell GPUs
]]></skipped>
    </testcase>
    <testcase name="MultipleTile/Blackwell1CTA_128_208_16_TT_32B_128B__half" value_param="(8-byte object &lt;10-00 D0-00 80-00 05-00&gt;, __half, 4-byte object &lt;01-00 00-00&gt;, 32B, 128B)" file="/opt/pytorch/nvfuser/tests/cpp/test_mma.cpp" line="1281" status="run" result="skipped" time="0." timestamp="2025-05-20T07:59:30.550" classname="MmaTest/Blackwell1CTAM128SS">
      <skipped message="/opt/pytorch/nvfuser/tests/cpp/utils.h:570&#x0A;skipping tests on non-Blackwell GPUs&#x0A;"><![CDATA[/opt/pytorch/nvfuser/tests/cpp/utils.h:570
skipping tests on non-Blackwell GPUs
]]></skipped>
    </testcase>
    <testcase name="MultipleTile/Blackwell1CTA_128_208_16_NT_NoSwizzle_128B__half" value_param="(8-byte object &lt;10-00 D0-00 80-00 05-00&gt;, __half, 4-byte object &lt;00-00 00-00&gt;, NoSwizzle, 128B)" file="/opt/pytorch/nvfuser/tests/cpp/test_mma.cpp" line="1281" status="run" result="skipped" time="0." timestamp="2025-05-20T07:59:30.550" classname="MmaTest/Blackwell1CTAM128SS">
      <skipped message="/opt/pytorch/nvfuser/tests/cpp/utils.h:570&#x0A;skipping tests on non-Blackwell GPUs&#x0A;"><![CDATA[/opt/pytorch/nvfuser/tests/cpp/utils.h:570
skipping tests on non-Blackwell GPUs
]]></skipped>
    </testcase>
    <testcase name="MultipleTile/Blackwell1CTA_128_208_16_NN_64B_NoSwizzle__half" value_param="(8-byte object &lt;10-00 D0-00 80-00 05-00&gt;, __half, 4-byte object &lt;03-00 00-00&gt;, 64B, NoSwizzle)" file="/opt/pytorch/nvfuser/tests/cpp/test_mma.cpp" line="1281" status="run" result="skipped" time="0." timestamp="2025-05-20T07:59:30.550" classname="MmaTest/Blackwell1CTAM128SS">
      <skipped message="/opt/pytorch/nvfuser/tests/cpp/utils.h:570&#x0A;skipping tests on non-Blackwell GPUs&#x0A;"><![CDATA[/opt/pytorch/nvfuser/tests/cpp/utils.h:570
skipping tests on non-Blackwell GPUs
]]></skipped>
    </testcase>
    <testcase name="MultipleTile/Blackwell1CTA_128_208_16_TT_32B_128B__bfloat" value_param="(8-byte object &lt;10-00 D0-00 80-00 05-00&gt;, __bfloat, 4-byte object &lt;01-00 00-00&gt;, 32B, 128B)" file="/opt/pytorch/nvfuser/tests/cpp/test_mma.cpp" line="1281" status="run" result="skipped" time="0." timestamp="2025-05-20T07:59:30.550" classname="MmaTest/Blackwell1CTAM128SS">
      <skipped message="/opt/pytorch/nvfuser/tests/cpp/utils.h:570&#x0A;skipping tests on non-Blackwell GPUs&#x0A;"><![CDATA[/opt/pytorch/nvfuser/tests/cpp/utils.h:570
skipping tests on non-Blackwell GPUs
]]></skipped>
    </testcase>
    <testcase name="MultipleTile/Blackwell1CTA_128_208_16_NT_128B_32B__bfloat" value_param="(8-byte object &lt;10-00 D0-00 80-00 05-00&gt;, __bfloat, 4-byte object &lt;00-00 00-00&gt;, 128B, 32B)" file="/opt/pytorch/nvfuser/tests/cpp/test_mma.cpp" line="1281" status="run" result="skipped" time="0." timestamp="2025-05-20T07:59:30.550" classname="MmaTest/Blackwell1CTAM128SS">
      <skipped message="/opt/pytorch/nvfuser/tests/cpp/utils.h:570&#x0A;skipping tests on non-Blackwell GPUs&#x0A;"><![CDATA[/opt/pytorch/nvfuser/tests/cpp/utils.h:570
skipping tests on non-Blackwell GPUs
]]></skipped>
    </testcase>
    <testcase name="MultipleTile/Blackwell1CTA_128_224_16_TT_NoSwizzle_NoSwizzle__half" value_param="(8-byte object &lt;10-00 E0-00 80-00 05-00&gt;, __half, 4-byte object &lt;01-00 00-00&gt;, NoSwizzle, NoSwizzle)" file="/opt/pytorch/nvfuser/tests/cpp/test_mma.cpp" line="1281" status="run" result="skipped" time="0." timestamp="2025-05-20T07:59:30.550" classname="MmaTest/Blackwell1CTAM128SS">
      <skipped message="/opt/pytorch/nvfuser/tests/cpp/utils.h:570&#x0A;skipping tests on non-Blackwell GPUs&#x0A;"><![CDATA[/opt/pytorch/nvfuser/tests/cpp/utils.h:570
skipping tests on non-Blackwell GPUs
]]></skipped>
    </testcase>
    <testcase name="MultipleTile/Blackwell1CTA_128_224_16_TN_64B_64B__half" value_param="(8-byte object &lt;10-00 E0-00 80-00 05-00&gt;, __half, 4-byte object &lt;02-00 00-00&gt;, 64B, 64B)" file="/opt/pytorch/nvfuser/tests/cpp/test_mma.cpp" line="1281" status="run" result="skipped" time="0." timestamp="2025-05-20T07:59:30.550" classname="MmaTest/Blackwell1CTAM128SS">
      <skipped message="/opt/pytorch/nvfuser/tests/cpp/utils.h:570&#x0A;skipping tests on non-Blackwell GPUs&#x0A;"><![CDATA[/opt/pytorch/nvfuser/tests/cpp/utils.h:570
skipping tests on non-Blackwell GPUs
]]></skipped>
    </testcase>
    <testcase name="MultipleTile/Blackwell1CTA_128_224_16_NT_128B_128B__half" value_param="(8-byte object &lt;10-00 E0-00 80-00 05-00&gt;, __half, 4-byte object &lt;00-00 00-00&gt;, 128B, 128B)" file="/opt/pytorch/nvfuser/tests/cpp/test_mma.cpp" line="1281" status="run" result="skipped" time="0." timestamp="2025-05-20T07:59:30.550" classname="MmaTest/Blackwell1CTAM128SS">
      <skipped message="/opt/pytorch/nvfuser/tests/cpp/utils.h:570&#x0A;skipping tests on non-Blackwell GPUs&#x0A;"><![CDATA[/opt/pytorch/nvfuser/tests/cpp/utils.h:570
skipping tests on non-Blackwell GPUs
]]></skipped>
    </testcase>
    <testcase name="MultipleTile/Blackwell1CTA_128_224_16_TT_32B_32B__bfloat" value_param="(8-byte object &lt;10-00 E0-00 80-00 05-00&gt;, __bfloat, 4-byte object &lt;01-00 00-00&gt;, 32B, 32B)" file="/opt/pytorch/nvfuser/tests/cpp/test_mma.cpp" line="1281" status="run" result="skipped" time="0." timestamp="2025-05-20T07:59:30.550" classname="MmaTest/Blackwell1CTAM128SS">
      <skipped message="/opt/pytorch/nvfuser/tests/cpp/utils.h:570&#x0A;skipping tests on non-Blackwell GPUs&#x0A;"><![CDATA[/opt/pytorch/nvfuser/tests/cpp/utils.h:570
skipping tests on non-Blackwell GPUs
]]></skipped>
    </testcase>
    <testcase name="MultipleTile/Blackwell1CTA_128_224_16_NT_NoSwizzle_32B__bfloat" value_param="(8-byte object &lt;10-00 E0-00 80-00 05-00&gt;, __bfloat, 4-byte object &lt;00-00 00-00&gt;, NoSwizzle, 32B)" file="/opt/pytorch/nvfuser/tests/cpp/test_mma.cpp" line="1281" status="run" result="skipped" time="0." timestamp="2025-05-20T07:59:30.550" classname="MmaTest/Blackwell1CTAM128SS">
      <skipped message="/opt/pytorch/nvfuser/tests/cpp/utils.h:570&#x0A;skipping tests on non-Blackwell GPUs&#x0A;"><![CDATA[/opt/pytorch/nvfuser/tests/cpp/utils.h:570
skipping tests on non-Blackwell GPUs
]]></skipped>
    </testcase>
    <testcase name="MultipleTile/Blackwell1CTA_128_224_16_NN_32B_64B__bfloat" value_param="(8-byte object &lt;10-00 E0-00 80-00 05-00&gt;, __bfloat, 4-byte object &lt;03-00 00-00&gt;, 32B, 64B)" file="/opt/pytorch/nvfuser/tests/cpp/test_mma.cpp" line="1281" status="run" result="skipped" time="0." timestamp="2025-05-20T07:59:30.550" classname="MmaTest/Blackwell1CTAM128SS">
      <skipped message="/opt/pytorch/nvfuser/tests/cpp/utils.h:570&#x0A;skipping tests on non-Blackwell GPUs&#x0A;"><![CDATA[/opt/pytorch/nvfuser/tests/cpp/utils.h:570
skipping tests on non-Blackwell GPUs
]]></skipped>
    </testcase>
    <testcase name="MultipleTile/Blackwell1CTA_128_240_16_TN_128B_64B__half" value_param="(8-byte object &lt;10-00 F0-00 80-00 05-00&gt;, __half, 4-byte object &lt;02-00 00-00&gt;, 128B, 64B)" file="/opt/pytorch/nvfuser/tests/cpp/test_mma.cpp" line="1281" status="run" result="skipped" time="0." timestamp="2025-05-20T07:59:30.550" classname="MmaTest/Blackwell1CTAM128SS">
      <skipped message="/opt/pytorch/nvfuser/tests/cpp/utils.h:570&#x0A;skipping tests on non-Blackwell GPUs&#x0A;"><![CDATA[/opt/pytorch/nvfuser/tests/cpp/utils.h:570
skipping tests on non-Blackwell GPUs
]]></skipped>
    </testcase>
    <testcase name="MultipleTile/Blackwell1CTA_128_240_16_NN_32B_32B__half" value_param="(8-byte object &lt;10-00 F0-00 80-00 05-00&gt;, __half, 4-byte object &lt;03-00 00-00&gt;, 32B, 32B)" file="/opt/pytorch/nvfuser/tests/cpp/test_mma.cpp" line="1281" status="run" result="skipped" time="0." timestamp="2025-05-20T07:59:30.550" classname="MmaTest/Blackwell1CTAM128SS">
      <skipped message="/opt/pytorch/nvfuser/tests/cpp/utils.h:570&#x0A;skipping tests on non-Blackwell GPUs&#x0A;"><![CDATA[/opt/pytorch/nvfuser/tests/cpp/utils.h:570
skipping tests on non-Blackwell GPUs
]]></skipped>
    </testcase>
    <testcase name="MultipleTile/Blackwell1CTA_128_240_16_TT_32B_32B__bfloat" value_param="(8-byte object &lt;10-00 F0-00 80-00 05-00&gt;, __bfloat, 4-byte object &lt;01-00 00-00&gt;, 32B, 32B)" file="/opt/pytorch/nvfuser/tests/cpp/test_mma.cpp" line="1281" status="run" result="skipped" time="0." timestamp="2025-05-20T07:59:30.550" classname="MmaTest/Blackwell1CTAM128SS">
      <skipped message="/opt/pytorch/nvfuser/tests/cpp/utils.h:570&#x0A;skipping tests on non-Blackwell GPUs&#x0A;"><![CDATA[/opt/pytorch/nvfuser/tests/cpp/utils.h:570
skipping tests on non-Blackwell GPUs
]]></skipped>
    </testcase>
    <testcase name="MultipleTile/Blackwell1CTA_128_240_16_NT_NoSwizzle_NoSwizzle__bfloat" value_param="(8-byte object &lt;10-00 F0-00 80-00 05-00&gt;, __bfloat, 4-byte object &lt;00-00 00-00&gt;, NoSwizzle, NoSwizzle)" file="/opt/pytorch/nvfuser/tests/cpp/test_mma.cpp" line="1281" status="run" result="skipped" time="0." timestamp="2025-05-20T07:59:30.550" classname="MmaTest/Blackwell1CTAM128SS">
      <skipped message="/opt/pytorch/nvfuser/tests/cpp/utils.h:570&#x0A;skipping tests on non-Blackwell GPUs&#x0A;"><![CDATA[/opt/pytorch/nvfuser/tests/cpp/utils.h:570
skipping tests on non-Blackwell GPUs
]]></skipped>
    </testcase>
    <testcase name="MultipleTile/Blackwell1CTA_128_240_16_NN_128B_64B__bfloat" value_param="(8-byte object &lt;10-00 F0-00 80-00 05-00&gt;, __bfloat, 4-byte object &lt;03-00 00-00&gt;, 128B, 64B)" file="/opt/pytorch/nvfuser/tests/cpp/test_mma.cpp" line="1281" status="run" result="skipped" time="0." timestamp="2025-05-20T07:59:30.550" classname="MmaTest/Blackwell1CTAM128SS">
      <skipped message="/opt/pytorch/nvfuser/tests/cpp/utils.h:570&#x0A;skipping tests on non-Blackwell GPUs&#x0A;"><![CDATA[/opt/pytorch/nvfuser/tests/cpp/utils.h:570
skipping tests on non-Blackwell GPUs
]]></skipped>
    </testcase>
    <testcase name="MultipleTile/Blackwell1CTA_128_256_16_TN_128B_NoSwizzle__half" value_param="(8-byte object &lt;10-00 00-01 80-00 05-00&gt;, __half, 4-byte object &lt;02-00 00-00&gt;, 128B, NoSwizzle)" file="/opt/pytorch/nvfuser/tests/cpp/test_mma.cpp" line="1281" status="run" result="skipped" time="0." timestamp="2025-05-20T07:59:30.550" classname="MmaTest/Blackwell1CTAM128SS">
      <skipped message="/opt/pytorch/nvfuser/tests/cpp/utils.h:570&#x0A;skipping tests on non-Blackwell GPUs&#x0A;"><![CDATA[/opt/pytorch/nvfuser/tests/cpp/utils.h:570
skipping tests on non-Blackwell GPUs
]]></skipped>
    </testcase>
    <testcase name="MultipleTile/Blackwell1CTA_128_256_16_TT_128B_128B__bfloat" value_param="(8-byte object &lt;10-00 00-01 80-00 05-00&gt;, __bfloat, 4-byte object &lt;01-00 00-00&gt;, 128B, 128B)" file="/opt/pytorch/nvfuser/tests/cpp/test_mma.cpp" line="1281" status="run" result="skipped" time="0." timestamp="2025-05-20T07:59:30.550" classname="MmaTest/Blackwell1CTAM128SS">
      <skipped message="/opt/pytorch/nvfuser/tests/cpp/utils.h:570&#x0A;skipping tests on non-Blackwell GPUs&#x0A;"><![CDATA[/opt/pytorch/nvfuser/tests/cpp/utils.h:570
skipping tests on non-Blackwell GPUs
]]></skipped>
    </testcase>
    <testcase name="MultipleTile/Blackwell1CTA_128_256_16_TN_64B_32B__bfloat" value_param="(8-byte object &lt;10-00 00-01 80-00 05-00&gt;, __bfloat, 4-byte object &lt;02-00 00-00&gt;, 64B, 32B)" file="/opt/pytorch/nvfuser/tests/cpp/test_mma.cpp" line="1281" status="run" result="skipped" time="0." timestamp="2025-05-20T07:59:30.550" classname="MmaTest/Blackwell1CTAM128SS">
      <skipped message="/opt/pytorch/nvfuser/tests/cpp/utils.h:570&#x0A;skipping tests on non-Blackwell GPUs&#x0A;"><![CDATA[/opt/pytorch/nvfuser/tests/cpp/utils.h:570
skipping tests on non-Blackwell GPUs
]]></skipped>
    </testcase>
    <testcase name="MultipleTile/Blackwell1CTA_128_256_16_NN_64B_128B__bfloat" value_param="(8-byte object &lt;10-00 00-01 80-00 05-00&gt;, __bfloat, 4-byte object &lt;03-00 00-00&gt;, 64B, 128B)" file="/opt/pytorch/nvfuser/tests/cpp/test_mma.cpp" line="1281" status="run" result="skipped" time="0." timestamp="2025-05-20T07:59:30.550" classname="MmaTest/Blackwell1CTAM128SS">
      <skipped message="/opt/pytorch/nvfuser/tests/cpp/utils.h:570&#x0A;skipping tests on non-Blackwell GPUs&#x0A;"><![CDATA[/opt/pytorch/nvfuser/tests/cpp/utils.h:570
skipping tests on non-Blackwell GPUs
]]></skipped>
    </testcase>
  </testsuite>
</testsuites>
