<?xml version="1.0" encoding="UTF-8"?>
<testsuites tests="18" failures="0" disabled="0" errors="0" time="21.205" timestamp="2026-01-22T09:22:00.382" name="AllTests">
  <testsuite name="GreedySchedulerTest" tests="7" failures="0" disabled="0" skipped="0" errors="0" time="6.884" timestamp="2026-01-22T09:22:00.382">
    <testcase name="ScanPad3D" file="/opt/pytorch/nvfuser/tests/cpp/test_greedy.cpp" line="78" status="run" result="completed" time="1.452" timestamp="2026-01-22T09:22:00.382" classname="GreedySchedulerTest" />
    <testcase name="ScanPad3DReshape3" file="/opt/pytorch/nvfuser/tests/cpp/test_greedy.cpp" line="175" status="run" result="completed" time="1.306" timestamp="2026-01-22T09:22:01.834" classname="GreedySchedulerTest" />
    <testcase name="ArgsortPadScan" file="/opt/pytorch/nvfuser/tests/cpp/test_greedy.cpp" line="275" status="run" result="completed" time="1.394" timestamp="2026-01-22T09:22:03.141" classname="GreedySchedulerTest" />
    <testcase name="Scatter" file="/opt/pytorch/nvfuser/tests/cpp/test_greedy.cpp" line="350" status="run" result="completed" time="0.077" timestamp="2026-01-22T09:22:04.535" classname="GreedySchedulerTest" />
    <testcase name="TopKWithPartialTidParticipation" file="/opt/pytorch/nvfuser/tests/cpp/test_greedy.cpp" line="450" status="run" result="completed" time="1.293" timestamp="2026-01-22T09:22:04.613" classname="GreedySchedulerTest" />
    <testcase name="ConstrainedIDAndSqueeze" file="/opt/pytorch/nvfuser/tests/cpp/test_greedy.cpp" line="592" status="run" result="completed" time="1.268" timestamp="2026-01-22T09:22:05.906" classname="GreedySchedulerTest" />
    <testcase name="TranslateScatterAndReductionToScatterAccumulate" file="/opt/pytorch/nvfuser/tests/cpp/test_greedy.cpp" line="672" status="run" result="completed" time="0.091" timestamp="2026-01-22T09:22:07.174" classname="GreedySchedulerTest" />
  </testsuite>
  <testsuite name="GreedySchedulerTestConstraintSize" tests="5" failures="0" disabled="0" skipped="0" errors="0" time="5.315" timestamp="2026-01-22T09:22:07.266">
    <testcase name="ArgsortLargeConstrainedIDs/2048" value_param="2048" file="/opt/pytorch/nvfuser/tests/cpp/test_greedy.cpp" line="755" status="run" result="completed" time="1.34" timestamp="2026-01-22T09:22:07.266" classname="GreedySchedulerTestConstraintSize" />
    <testcase name="ScanLargeConstrainedIDs/2048" value_param="2048" file="/opt/pytorch/nvfuser/tests/cpp/test_greedy.cpp" line="809" status="run" result="completed" time="1.168" timestamp="2026-01-22T09:22:08.606" classname="GreedySchedulerTestConstraintSize" />
    <testcase name="ScatterLargeConstrainedIDs/2048" value_param="2048" file="/opt/pytorch/nvfuser/tests/cpp/test_greedy.cpp" line="863" status="run" result="completed" time="0.083" timestamp="2026-01-22T09:22:09.775" classname="GreedySchedulerTestConstraintSize" />
    <testcase name="ArgsortArgsort/2048" value_param="2048" file="/opt/pytorch/nvfuser/tests/cpp/test_greedy.cpp" line="921" status="run" result="completed" time="1.392" timestamp="2026-01-22T09:22:09.858" classname="GreedySchedulerTestConstraintSize" />
    <testcase name="TopKLargeConstrainedIDs/2048" value_param="2048" file="/opt/pytorch/nvfuser/tests/cpp/test_greedy.cpp" line="943" status="run" result="completed" time="1.33" timestamp="2026-01-22T09:22:11.250" classname="GreedySchedulerTestConstraintSize" />
  </testsuite>
  <testsuite name="GreedySchedulerTestShmemSize" tests="6" failures="0" disabled="0" skipped="0" errors="0" time="9.005" timestamp="2026-01-22T09:22:12.581">
    <testcase name="Argsort/256" value_param="256" file="/opt/pytorch/nvfuser/tests/cpp/test_greedy.cpp" line="984" status="run" result="completed" time="1.334" timestamp="2026-01-22T09:22:12.581" classname="GreedySchedulerTestShmemSize" />
    <testcase name="Argsort/2048" value_param="2048" file="/opt/pytorch/nvfuser/tests/cpp/test_greedy.cpp" line="984" status="run" result="completed" time="3.868" timestamp="2026-01-22T09:22:13.916" classname="GreedySchedulerTestShmemSize" />
    <testcase name="TopK/256" value_param="256" file="/opt/pytorch/nvfuser/tests/cpp/test_greedy.cpp" line="1034" status="run" result="completed" time="1.339" timestamp="2026-01-22T09:22:17.785" classname="GreedySchedulerTestShmemSize" />
    <testcase name="TopK/2048" value_param="2048" file="/opt/pytorch/nvfuser/tests/cpp/test_greedy.cpp" line="1034" status="run" result="completed" time="0." timestamp="2026-01-22T09:22:19.124" classname="GreedySchedulerTestShmemSize" />
    <testcase name="Scan/256" value_param="256" file="/opt/pytorch/nvfuser/tests/cpp/test_greedy.cpp" line="1089" status="run" result="completed" time="1.176" timestamp="2026-01-22T09:22:19.124" classname="GreedySchedulerTestShmemSize" />
    <testcase name="Scan/2048" value_param="2048" file="/opt/pytorch/nvfuser/tests/cpp/test_greedy.cpp" line="1089" status="run" result="completed" time="1.287" timestamp="2026-01-22T09:22:20.300" classname="GreedySchedulerTestShmemSize" />
  </testsuite>
</testsuites>
