<?xml version="1.0" encoding="UTF-8"?>
<testsuites tests="60" failures="0" disabled="0" errors="0" time="50.306" timestamp="2026-01-22T09:20:20.500" name="AllTests">
  <testsuite name="ReshapeTest" tests="23" failures="0" disabled="0" skipped="0" errors="0" time="42.998" timestamp="2026-01-22T09:20:20.500">
    <testcase name="ViewDtypeFailMismatchSize" file="/opt/pytorch/nvfuser/tests/cpp/test_reshape.cpp" line="88" status="run" result="completed" time="0.109" timestamp="2026-01-22T09:20:20.500" classname="ReshapeTest" />
    <testcase name="ReshapeOutput" file="/opt/pytorch/nvfuser/tests/cpp/test_reshape.cpp" line="176" status="run" result="completed" time="0.262" timestamp="2026-01-22T09:20:20.609" classname="ReshapeTest" />
    <testcase name="ReshapePersistentShmoo" file="/opt/pytorch/nvfuser/tests/cpp/test_reshape.cpp" line="466" status="run" result="completed" time="37.933" timestamp="2026-01-22T09:20:20.871" classname="ReshapeTest" />
    <testcase name="ReshapeMerge" file="/opt/pytorch/nvfuser/tests/cpp/test_reshape.cpp" line="528" status="run" result="completed" time="0.21" timestamp="2026-01-22T09:20:58.805" classname="ReshapeTest" />
    <testcase name="ReshapeBinary" file="/opt/pytorch/nvfuser/tests/cpp/test_reshape.cpp" line="622" status="run" result="completed" time="0.302" timestamp="2026-01-22T09:20:59.015" classname="ReshapeTest" />
    <testcase name="ReshapeConcreteDomain3" file="/opt/pytorch/nvfuser/tests/cpp/test_reshape.cpp" line="688" status="run" result="completed" time="0.346" timestamp="2026-01-22T09:20:59.317" classname="ReshapeTest" />
    <testcase name="FlattenAfterUnsqueezeOutput" file="/opt/pytorch/nvfuser/tests/cpp/test_reshape.cpp" line="837" status="run" result="completed" time="0.084" timestamp="2026-01-22T09:20:59.663" classname="ReshapeTest" />
    <testcase name="ExpandView1" file="/opt/pytorch/nvfuser/tests/cpp/test_reshape.cpp" line="936" status="run" result="completed" time="0.094" timestamp="2026-01-22T09:20:59.748" classname="ReshapeTest" />
    <testcase name="ReshapeIdGraph" file="/opt/pytorch/nvfuser/tests/cpp/test_reshape.cpp" line="1142" status="run" result="completed" time="0.001" timestamp="2026-01-22T09:20:59.842" classname="ReshapeTest" />
    <testcase name="IllegalReductionFlatten" file="/opt/pytorch/nvfuser/tests/cpp/test_reshape.cpp" line="1267" status="run" result="completed" time="0." timestamp="2026-01-22T09:20:59.844" classname="ReshapeTest" />
    <testcase name="SumViewSchedule" file="/opt/pytorch/nvfuser/tests/cpp/test_reshape.cpp" line="1366" status="run" result="completed" time="1.686" timestamp="2026-01-22T09:20:59.844" classname="ReshapeTest" />
    <testcase name="ReshapeMagicSchedule3" file="/opt/pytorch/nvfuser/tests/cpp/test_reshape.cpp" line="1528" status="run" result="completed" time="0.148" timestamp="2026-01-22T09:21:01.530" classname="ReshapeTest" />
    <testcase name="ReshapeMagicSchedule6" file="/opt/pytorch/nvfuser/tests/cpp/test_reshape.cpp" line="1684" status="run" result="completed" time="0.127" timestamp="2026-01-22T09:21:01.679" classname="ReshapeTest" />
    <testcase name="ReshapeMagicSchedule9" file="/opt/pytorch/nvfuser/tests/cpp/test_reshape.cpp" line="1807" status="run" result="completed" time="0.343" timestamp="2026-01-22T09:21:01.806" classname="ReshapeTest" />
    <testcase name="ReshapeMapping" file="/opt/pytorch/nvfuser/tests/cpp/test_reshape.cpp" line="1917" status="run" result="completed" time="0.349" timestamp="2026-01-22T09:21:02.150" classname="ReshapeTest" />
    <testcase name="Issue2076_v2" file="/opt/pytorch/nvfuser/tests/cpp/test_reshape.cpp" line="2147" status="run" result="completed" time="0.14" timestamp="2026-01-22T09:21:02.499" classname="ReshapeTest" />
    <testcase name="ReshapeZeroDimInputOutput" file="/opt/pytorch/nvfuser/tests/cpp/test_reshape.cpp" line="2250" status="run" result="completed" time="0.069" timestamp="2026-01-22T09:21:02.639" classname="ReshapeTest" />
    <testcase name="SplitMergePointwiseSplitMerge" file="/opt/pytorch/nvfuser/tests/cpp/test_reshape.cpp" line="2334" status="run" result="completed" time="0.139" timestamp="2026-01-22T09:21:02.709" classname="ReshapeTest" />
    <testcase name="MismatchingReshape" file="/opt/pytorch/nvfuser/tests/cpp/test_reshape.cpp" line="2596" status="run" result="completed" time="0.097" timestamp="2026-01-22T09:21:02.849" classname="ReshapeTest" />
    <testcase name="CyclicReshape" file="/opt/pytorch/nvfuser/tests/cpp/test_reshape.cpp" line="2788" status="run" result="completed" time="0.093" timestamp="2026-01-22T09:21:02.946" classname="ReshapeTest" />
    <testcase name="CompatibleReshapesDifferentDisjointSetsWithMerge" file="/opt/pytorch/nvfuser/tests/cpp/test_reshape.cpp" line="2872" status="run" result="completed" time="0.158" timestamp="2026-01-22T09:21:03.040" classname="ReshapeTest" />
    <testcase name="IncompatibleReshapesSameDisjointSetsMultiSteps" file="/opt/pytorch/nvfuser/tests/cpp/test_reshape.cpp" line="2943" status="run" result="completed" time="0.166" timestamp="2026-01-22T09:21:03.198" classname="ReshapeTest" />
    <testcase name="CompatibleReshapesDifferentDisjointSetsMultiSteps" file="/opt/pytorch/nvfuser/tests/cpp/test_reshape.cpp" line="3015" status="run" result="completed" time="0.132" timestamp="2026-01-22T09:21:03.365" classname="ReshapeTest" />
  </testsuite>
  <testsuite name="ReshapeReduction" tests="32" failures="0" disabled="0" skipped="0" errors="0" time="6.346" timestamp="2026-01-22T09:21:03.498">
    <testcase name="FusionReshapeReduction/0" value_param="56-byte object &lt;80-3C F7-83 EE-64 00-00 B8-3C F7-83 EE-64 00-00 B8-3C F7-83 EE-64 00-00 E0-39 F7-83 EE-64 00-00 08-3A F7-83 EE-64 00-00 08-3A F7-83 EE-64 00-00 00-01 00-00 00-00 00-00&gt;" file="/opt/pytorch/nvfuser/tests/cpp/test_reshape.cpp" line="404" status="run" result="completed" time="0.699" timestamp="2026-01-22T09:21:03.498" classname="ReshapeReduction" />
    <testcase name="FusionReshapeReduction/3" value_param="56-byte object &lt;D0-57 F7-83 EE-64 00-00 F0-57 F7-83 EE-64 00-00 F0-57 F7-83 EE-64 00-00 60-56 F7-83 EE-64 00-00 88-56 F7-83 EE-64 00-00 88-56 F7-83 EE-64 00-00 00-01 00-00 00-00 00-00&gt;" file="/opt/pytorch/nvfuser/tests/cpp/test_reshape.cpp" line="404" status="run" result="completed" time="0.226" timestamp="2026-01-22T09:21:04.197" classname="ReshapeReduction" />
    <testcase name="FusionReshapeReduction/6" value_param="56-byte object &lt;E0-52 F7-83 EE-64 00-00 08-53 F7-83 EE-64 00-00 08-53 F7-83 EE-64 00-00 E0-47 F7-83 EE-64 00-00 10-48 F7-83 EE-64 00-00 10-48 F7-83 EE-64 00-00 00-01 00-00 00-00 00-00&gt;" file="/opt/pytorch/nvfuser/tests/cpp/test_reshape.cpp" line="404" status="run" result="completed" time="0.214" timestamp="2026-01-22T09:21:04.424" classname="ReshapeReduction" />
    <testcase name="FusionReshapeReduction/9" value_param="56-byte object &lt;D0-51 F7-83 EE-64 00-00 F0-51 F7-83 EE-64 00-00 F0-51 F7-83 EE-64 00-00 F0-56 F7-83 EE-64 00-00 28-57 F7-83 EE-64 00-00 28-57 F7-83 EE-64 00-00 00-01 00-00 00-00 00-00&gt;" file="/opt/pytorch/nvfuser/tests/cpp/test_reshape.cpp" line="404" status="run" result="completed" time="0.117" timestamp="2026-01-22T09:21:04.639" classname="ReshapeReduction" />
    <testcase name="FusionReshapeReduction/12" value_param="56-byte object &lt;40-4D F7-83 EE-64 00-00 58-4D F7-83 EE-64 00-00 58-4D F7-83 EE-64 00-00 B0-4F F7-83 EE-64 00-00 D8-4F F7-83 EE-64 00-00 D8-4F F7-83 EE-64 00-00 00-01 00-00 00-00 00-00&gt;" file="/opt/pytorch/nvfuser/tests/cpp/test_reshape.cpp" line="404" status="run" result="completed" time="0.202" timestamp="2026-01-22T09:21:04.756" classname="ReshapeReduction" />
    <testcase name="FusionReshapeReduction/15" value_param="56-byte object &lt;00-4C F7-83 EE-64 00-00 28-4C F7-83 EE-64 00-00 28-4C F7-83 EE-64 00-00 A0-4C F7-83 EE-64 00-00 C8-4C F7-83 EE-64 00-00 C8-4C F7-83 EE-64 00-00 00-01 00-00 00-00 00-00&gt;" file="/opt/pytorch/nvfuser/tests/cpp/test_reshape.cpp" line="404" status="run" result="completed" time="0.582" timestamp="2026-01-22T09:21:04.958" classname="ReshapeReduction" />
    <testcase name="FusionReshapeReduction/18" value_param="56-byte object &lt;E0-48 F7-83 EE-64 00-00 00-49 F7-83 EE-64 00-00 00-49 F7-83 EE-64 00-00 B0-48 F7-83 EE-64 00-00 D0-48 F7-83 EE-64 00-00 D0-48 F7-83 EE-64 00-00 00-01 00-00 00-00 00-00&gt;" file="/opt/pytorch/nvfuser/tests/cpp/test_reshape.cpp" line="404" status="run" result="completed" time="0.119" timestamp="2026-01-22T09:21:05.541" classname="ReshapeReduction" />
    <testcase name="FusionReshapeReduction/21" value_param="56-byte object &lt;C0-43 F7-83 EE-64 00-00 D8-43 F7-83 EE-64 00-00 D8-43 F7-83 EE-64 00-00 10-44 F7-83 EE-64 00-00 18-44 F7-83 EE-64 00-00 18-44 F7-83 EE-64 00-00 00-01 00-00 00-00 00-00&gt;" file="/opt/pytorch/nvfuser/tests/cpp/test_reshape.cpp" line="404" status="run" result="completed" time="0.253" timestamp="2026-01-22T09:21:05.661" classname="ReshapeReduction" />
    <testcase name="FusionReshapeReduction/24" value_param="56-byte object &lt;60-40 F7-83 EE-64 00-00 78-40 F7-83 EE-64 00-00 78-40 F7-83 EE-64 00-00 30-41 F7-83 EE-64 00-00 48-41 F7-83 EE-64 00-00 48-41 F7-83 EE-64 00-00 00-01 00-00 00-00 00-00&gt;" file="/opt/pytorch/nvfuser/tests/cpp/test_reshape.cpp" line="404" status="run" result="completed" time="0.199" timestamp="2026-01-22T09:21:05.914" classname="ReshapeReduction" />
    <testcase name="FusionReshapeReduction/27" value_param="56-byte object &lt;E0-47 F7-83 EE-64 00-00 10-48 F7-83 EE-64 00-00 10-48 F7-83 EE-64 00-00 A0-4C F7-83 EE-64 00-00 C8-4C F7-83 EE-64 00-00 C8-4C F7-83 EE-64 00-00 00-01 00-00 00-00 00-00&gt;" file="/opt/pytorch/nvfuser/tests/cpp/test_reshape.cpp" line="404" status="run" result="completed" time="0.179" timestamp="2026-01-22T09:21:06.113" classname="ReshapeReduction" />
    <testcase name="FusionReshapeReduction/30" value_param="56-byte object &lt;90-3E F7-83 EE-64 00-00 B0-3E F7-83 EE-64 00-00 B0-3E F7-83 EE-64 00-00 B0-57 F7-83 EE-64 00-00 C8-57 F7-83 EE-64 00-00 C8-57 F7-83 EE-64 00-00 00-01 00-00 00-00 00-00&gt;" file="/opt/pytorch/nvfuser/tests/cpp/test_reshape.cpp" line="404" status="run" result="completed" time="0.067" timestamp="2026-01-22T09:21:06.292" classname="ReshapeReduction" />
    <testcase name="FusionReshapeReduction/33" value_param="56-byte object &lt;E0-47 F7-83 EE-64 00-00 18-48 F7-83 EE-64 00-00 18-48 F7-83 EE-64 00-00 30-3E F7-83 EE-64 00-00 58-3E F7-83 EE-64 00-00 58-3E F7-83 EE-64 00-00 01-01 00-00 00-00 00-00&gt;" file="/opt/pytorch/nvfuser/tests/cpp/test_reshape.cpp" line="404" status="run" result="completed" time="0.265" timestamp="2026-01-22T09:21:06.360" classname="ReshapeReduction" />
    <testcase name="FusionReshapeReduction/36" value_param="56-byte object &lt;30-3E F7-83 EE-64 00-00 50-3E F7-83 EE-64 00-00 50-3E F7-83 EE-64 00-00 70-3B F7-83 EE-64 00-00 98-3B F7-83 EE-64 00-00 98-3B F7-83 EE-64 00-00 01-01 00-00 00-00 00-00&gt;" file="/opt/pytorch/nvfuser/tests/cpp/test_reshape.cpp" line="404" status="run" result="completed" time="0.211" timestamp="2026-01-22T09:21:06.625" classname="ReshapeReduction" />
    <testcase name="FusionReshapeReduction/39" value_param="56-byte object &lt;30-3E F7-83 EE-64 00-00 58-3E F7-83 EE-64 00-00 58-3E F7-83 EE-64 00-00 E0-47 F7-83 EE-64 00-00 10-48 F7-83 EE-64 00-00 10-48 F7-83 EE-64 00-00 01-01 00-00 00-00 00-00&gt;" file="/opt/pytorch/nvfuser/tests/cpp/test_reshape.cpp" line="404" status="run" result="completed" time="0.136" timestamp="2026-01-22T09:21:06.837" classname="ReshapeReduction" />
    <testcase name="FusionReshapeReduction/42" value_param="56-byte object &lt;30-3E F7-83 EE-64 00-00 50-3E F7-83 EE-64 00-00 50-3E F7-83 EE-64 00-00 E0-47 F7-83 EE-64 00-00 18-48 F7-83 EE-64 00-00 18-48 F7-83 EE-64 00-00 01-01 00-00 00-00 00-00&gt;" file="/opt/pytorch/nvfuser/tests/cpp/test_reshape.cpp" line="404" status="run" result="completed" time="0.097" timestamp="2026-01-22T09:21:06.973" classname="ReshapeReduction" />
    <testcase name="FusionReshapeReduction/45" value_param="56-byte object &lt;B0-57 F7-83 EE-64 00-00 C8-57 F7-83 EE-64 00-00 C8-57 F7-83 EE-64 00-00 30-3E F7-83 EE-64 00-00 58-3E F7-83 EE-64 00-00 58-3E F7-83 EE-64 00-00 01-01 00-00 00-00 00-00&gt;" file="/opt/pytorch/nvfuser/tests/cpp/test_reshape.cpp" line="404" status="run" result="completed" time="0.193" timestamp="2026-01-22T09:21:07.071" classname="ReshapeReduction" />
    <testcase name="FusionReshapeReduction/48" value_param="56-byte object &lt;30-3E F7-83 EE-64 00-00 58-3E F7-83 EE-64 00-00 58-3E F7-83 EE-64 00-00 70-3B F7-83 EE-64 00-00 98-3B F7-83 EE-64 00-00 98-3B F7-83 EE-64 00-00 01-01 00-00 00-00 00-00&gt;" file="/opt/pytorch/nvfuser/tests/cpp/test_reshape.cpp" line="404" status="run" result="completed" time="0.27" timestamp="2026-01-22T09:21:07.264" classname="ReshapeReduction" />
    <testcase name="FusionReshapeReduction/51" value_param="56-byte object &lt;30-3E F7-83 EE-64 00-00 50-3E F7-83 EE-64 00-00 50-3E F7-83 EE-64 00-00 C0-12 F8-83 EE-64 00-00 E0-12 F8-83 EE-64 00-00 E0-12 F8-83 EE-64 00-00 01-01 00-00 00-00 00-00&gt;" file="/opt/pytorch/nvfuser/tests/cpp/test_reshape.cpp" line="404" status="run" result="completed" time="0.092" timestamp="2026-01-22T09:21:07.535" classname="ReshapeReduction" />
    <testcase name="FusionReshapeReduction/54" value_param="56-byte object &lt;80-12 F8-83 EE-64 00-00 98-12 F8-83 EE-64 00-00 98-12 F8-83 EE-64 00-00 D0-1D F8-83 EE-64 00-00 D8-1D F8-83 EE-64 00-00 D8-1D F8-83 EE-64 00-00 01-01 00-00 00-00 00-00&gt;" file="/opt/pytorch/nvfuser/tests/cpp/test_reshape.cpp" line="404" status="run" result="completed" time="0.145" timestamp="2026-01-22T09:21:07.627" classname="ReshapeReduction" />
    <testcase name="FusionReshapeReduction/57" value_param="56-byte object &lt;D0-1D F8-83 EE-64 00-00 E8-1D F8-83 EE-64 00-00 E8-1D F8-83 EE-64 00-00 90-28 F8-83 EE-64 00-00 A8-28 F8-83 EE-64 00-00 A8-28 F8-83 EE-64 00-00 01-01 00-00 00-00 00-00&gt;" file="/opt/pytorch/nvfuser/tests/cpp/test_reshape.cpp" line="404" status="run" result="completed" time="0.173" timestamp="2026-01-22T09:21:07.773" classname="ReshapeReduction" />
    <testcase name="FusionReshapeReduction/60" value_param="56-byte object &lt;E0-47 F7-83 EE-64 00-00 10-48 F7-83 EE-64 00-00 10-48 F7-83 EE-64 00-00 30-3E F7-83 EE-64 00-00 58-3E F7-83 EE-64 00-00 58-3E F7-83 EE-64 00-00 01-01 00-00 00-00 00-00&gt;" file="/opt/pytorch/nvfuser/tests/cpp/test_reshape.cpp" line="404" status="run" result="completed" time="0.125" timestamp="2026-01-22T09:21:07.947" classname="ReshapeReduction" />
    <testcase name="FusionReshapeReduction/63" value_param="56-byte object &lt;30-3E F7-83 EE-64 00-00 50-3E F7-83 EE-64 00-00 50-3E F7-83 EE-64 00-00 90-28 F8-83 EE-64 00-00 A8-28 F8-83 EE-64 00-00 A8-28 F8-83 EE-64 00-00 01-01 00-00 00-00 00-00&gt;" file="/opt/pytorch/nvfuser/tests/cpp/test_reshape.cpp" line="404" status="run" result="completed" time="0.052" timestamp="2026-01-22T09:21:08.072" classname="ReshapeReduction" />
    <testcase name="FusionReshapeReduction/66" value_param="56-byte object &lt;30-3E F7-83 EE-64 00-00 50-3E F7-83 EE-64 00-00 50-3E F7-83 EE-64 00-00 90-28 F8-83 EE-64 00-00 A8-28 F8-83 EE-64 00-00 A8-28 F8-83 EE-64 00-00 00-00 00-00 00-00 00-00&gt;" file="/opt/pytorch/nvfuser/tests/cpp/test_reshape.cpp" line="404" status="run" result="completed" time="0.184" timestamp="2026-01-22T09:21:08.124" classname="ReshapeReduction" />
    <testcase name="FusionReshapeReduction/69" value_param="56-byte object &lt;30-3E F7-83 EE-64 00-00 58-3E F7-83 EE-64 00-00 58-3E F7-83 EE-64 00-00 A0-3A F8-83 EE-64 00-00 C8-3A F8-83 EE-64 00-00 C8-3A F8-83 EE-64 00-00 00-00 00-00 00-00 00-00&gt;" file="/opt/pytorch/nvfuser/tests/cpp/test_reshape.cpp" line="404" status="run" result="completed" time="0.232" timestamp="2026-01-22T09:21:08.308" classname="ReshapeReduction" />
    <testcase name="FusionReshapeReduction/72" value_param="56-byte object &lt;30-3E F7-83 EE-64 00-00 58-3E F7-83 EE-64 00-00 58-3E F7-83 EE-64 00-00 90-28 F8-83 EE-64 00-00 A8-28 F8-83 EE-64 00-00 A8-28 F8-83 EE-64 00-00 00-00 00-00 00-00 00-00&gt;" file="/opt/pytorch/nvfuser/tests/cpp/test_reshape.cpp" line="404" status="run" result="completed" time="0.193" timestamp="2026-01-22T09:21:08.540" classname="ReshapeReduction" />
    <testcase name="FusionReshapeReduction/75" value_param="56-byte object &lt;90-28 F8-83 EE-64 00-00 A8-28 F8-83 EE-64 00-00 A8-28 F8-83 EE-64 00-00 30-3E F7-83 EE-64 00-00 50-3E F7-83 EE-64 00-00 50-3E F7-83 EE-64 00-00 00-00 00-00 00-00 00-00&gt;" file="/opt/pytorch/nvfuser/tests/cpp/test_reshape.cpp" line="404" status="run" result="completed" time="0.176" timestamp="2026-01-22T09:21:08.734" classname="ReshapeReduction" />
    <testcase name="FusionReshapeReduction/78" value_param="56-byte object &lt;30-3E F7-83 EE-64 00-00 50-3E F7-83 EE-64 00-00 50-3E F7-83 EE-64 00-00 20-88 F8-83 EE-64 00-00 40-88 F8-83 EE-64 00-00 40-88 F8-83 EE-64 00-00 00-00 00-00 00-00 00-00&gt;" file="/opt/pytorch/nvfuser/tests/cpp/test_reshape.cpp" line="404" status="run" result="completed" time="0.194" timestamp="2026-01-22T09:21:08.910" classname="ReshapeReduction" />
    <testcase name="FusionReshapeReduction/81" value_param="56-byte object &lt;E0-47 F7-83 EE-64 00-00 18-48 F7-83 EE-64 00-00 18-48 F7-83 EE-64 00-00 30-3E F7-83 EE-64 00-00 58-3E F7-83 EE-64 00-00 58-3E F7-83 EE-64 00-00 01-00 00-00 00-00 00-00&gt;" file="/opt/pytorch/nvfuser/tests/cpp/test_reshape.cpp" line="404" status="run" result="completed" time="0.201" timestamp="2026-01-22T09:21:09.105" classname="ReshapeReduction" />
    <testcase name="FusionReshapeReduction/84" value_param="56-byte object &lt;30-3E F7-83 EE-64 00-00 50-3E F7-83 EE-64 00-00 50-3E F7-83 EE-64 00-00 E0-47 F7-83 EE-64 00-00 10-48 F7-83 EE-64 00-00 10-48 F7-83 EE-64 00-00 01-00 00-00 00-00 00-00&gt;" file="/opt/pytorch/nvfuser/tests/cpp/test_reshape.cpp" line="404" status="run" result="completed" time="0.186" timestamp="2026-01-22T09:21:09.306" classname="ReshapeReduction" />
    <testcase name="FusionReshapeReduction/87" value_param="56-byte object &lt;30-3E F7-83 EE-64 00-00 50-3E F7-83 EE-64 00-00 50-3E F7-83 EE-64 00-00 20-88 F8-83 EE-64 00-00 40-88 F8-83 EE-64 00-00 40-88 F8-83 EE-64 00-00 01-00 00-00 00-00 00-00&gt;" file="/opt/pytorch/nvfuser/tests/cpp/test_reshape.cpp" line="404" status="run" result="completed" time="0.086" timestamp="2026-01-22T09:21:09.493" classname="ReshapeReduction" />
    <testcase name="FusionReshapeReduction/90" value_param="56-byte object &lt;30-3E F7-83 EE-64 00-00 50-3E F7-83 EE-64 00-00 50-3E F7-83 EE-64 00-00 80-72 F8-83 EE-64 00-00 88-72 F8-83 EE-64 00-00 88-72 F8-83 EE-64 00-00 01-00 00-00 00-00 00-00&gt;" file="/opt/pytorch/nvfuser/tests/cpp/test_reshape.cpp" line="404" status="run" result="completed" time="0.089" timestamp="2026-01-22T09:21:09.579" classname="ReshapeReduction" />
    <testcase name="FusionReshapeReduction/93" value_param="56-byte object &lt;30-3E F7-83 EE-64 00-00 50-3E F7-83 EE-64 00-00 50-3E F7-83 EE-64 00-00 D0-A5 F8-83 EE-64 00-00 E8-A5 F8-83 EE-64 00-00 E8-A5 F8-83 EE-64 00-00 01-00 00-00 00-00 00-00&gt;" file="/opt/pytorch/nvfuser/tests/cpp/test_reshape.cpp" line="404" status="run" result="completed" time="0.175" timestamp="2026-01-22T09:21:09.669" classname="ReshapeReduction" />
  </testsuite>
  <testsuite name="ViewReductionTest" tests="2" failures="0" disabled="0" skipped="0" errors="0" time="0.364" timestamp="2026-01-22T09:21:09.844">
    <testcase name="ReductionReshapeInputNoMergedIds/2" value_param="{ 0, 1, 2 }" file="/opt/pytorch/nvfuser/tests/cpp/test_reshape.cpp" line="2429" status="run" result="completed" time="0.21" timestamp="2026-01-22T09:21:09.844" classname="ViewReductionTest" />
    <testcase name="ReductionReshapeInputNoMergedIds/5" value_param="{ -1, -2, -3 }" file="/opt/pytorch/nvfuser/tests/cpp/test_reshape.cpp" line="2429" status="run" result="completed" time="0.154" timestamp="2026-01-22T09:21:10.054" classname="ViewReductionTest" />
  </testsuite>
  <testsuite name="ViewNormalizationTest" tests="3" failures="0" disabled="0" skipped="0" errors="0" time="0.597" timestamp="2026-01-22T09:21:10.209">
    <testcase name="NormalizationReshapeInputNoMergedIds/0" value_param="{ 0 }" file="/opt/pytorch/nvfuser/tests/cpp/test_reshape.cpp" line="2475" status="run" result="completed" time="0.162" timestamp="2026-01-22T09:21:10.209" classname="ViewNormalizationTest" />
    <testcase name="NormalizationReshapeInputNoMergedIds/3" value_param="{ -1 }" file="/opt/pytorch/nvfuser/tests/cpp/test_reshape.cpp" line="2475" status="run" result="completed" time="0.173" timestamp="2026-01-22T09:21:10.372" classname="ViewNormalizationTest" />
    <testcase name="NormalizationReshapeInputNoMergedIds/6" value_param="{ 0, 2, 4 }" file="/opt/pytorch/nvfuser/tests/cpp/test_reshape.cpp" line="2475" status="run" result="completed" time="0.261" timestamp="2026-01-22T09:21:10.545" classname="ViewNormalizationTest" />
  </testsuite>
</testsuites>
