<?xml version="1.0" encoding="UTF-8"?>
<testsuites tests="961" failures="0" disabled="3" errors="0" time="163.255" timestamp="2026-01-22T09:17:36.744" name="AllTests">
  <testsuite name="CombineMulSumAsMmaTest" tests="1" failures="0" disabled="0" skipped="1" errors="0" time="0.109" timestamp="2026-01-22T09:17:36.744">
    <testcase name="MulSumToMatmul_MultipleBroadcasts" file="/opt/pytorch/nvfuser/tests/cpp/test_translate_mma.cpp" line="153" status="run" result="skipped" time="0.109" timestamp="2026-01-22T09:17:36.744" classname="CombineMulSumAsMmaTest">
      <skipped message="/opt/pytorch/nvfuser/tests/cpp/test_translate_mma.cpp:156&#x0A;Requires GPU capability &gt;= 7.5 and &lt; 9.0 to run.&#x0A;&#x0A;"><![CDATA[/opt/pytorch/nvfuser/tests/cpp/test_translate_mma.cpp:156
Requires GPU capability >= 7.5 and < 9.0 to run.

]]></skipped>
    </testcase>
  </testsuite>
  <testsuite name="MatmulTest" tests="5" failures="0" disabled="2" skipped="2" errors="0" time="1.061" timestamp="2026-01-22T09:17:36.853">
    <testcase name="AmpereMatmulTNCpAsync" file="/opt/pytorch/nvfuser/tests/cpp/test_matmul.cpp" line="1379" status="run" result="completed" time="1.061" timestamp="2026-01-22T09:17:36.853" classname="MatmulTest" />
    <testcase name="AmpereMatmulSmemEpiloguePromotionRequiredA100" file="/opt/pytorch/nvfuser/tests/cpp/test_matmul.cpp" line="2462" status="run" result="skipped" time="0." timestamp="2026-01-22T09:17:37.915" classname="MatmulTest">
      <skipped message="/opt/pytorch/nvfuser/tests/cpp/test_matmul.cpp:2463&#x0A;Requires GPU capability &gt;= 8.0 and &lt; 9.0 to run.&#x0A;&#x0A;"><![CDATA[/opt/pytorch/nvfuser/tests/cpp/test_matmul.cpp:2463
Requires GPU capability >= 8.0 and < 9.0 to run.

]]></skipped>
    </testcase>
    <testcase name="DISABLED_MultipleNonConsecutiveMDims" file="/opt/pytorch/nvfuser/tests/cpp/test_matmul.cpp" line="3295" status="notrun" result="suppressed" time="0." timestamp="1969-12-31T16:00:00.000" classname="MatmulTest" />
    <testcase name="DISABLED_MultipleNonConsecutiveNDims" file="/opt/pytorch/nvfuser/tests/cpp/test_matmul.cpp" line="3358" status="notrun" result="suppressed" time="0." timestamp="1969-12-31T16:00:00.000" classname="MatmulTest" />
    <testcase name="MultipleMDimsBatch" file="/opt/pytorch/nvfuser/tests/cpp/test_matmul.cpp" line="3416" status="run" result="skipped" time="0." timestamp="2026-01-22T09:17:37.915" classname="MatmulTest">
      <skipped message="/opt/pytorch/nvfuser/tests/cpp/test_matmul.cpp:3417&#x0A;Requires GPU capability &gt;= 7.5 and &lt; 9.0 to run.&#x0A;&#x0A;"><![CDATA[/opt/pytorch/nvfuser/tests/cpp/test_matmul.cpp:3417
Requires GPU capability >= 7.5 and < 9.0 to run.

]]></skipped>
    </testcase>
  </testsuite>
  <testsuite name="HopperMatmulTest" tests="5" failures="0" disabled="1" skipped="0" errors="0" time="2.7" timestamp="2026-01-22T09:17:37.915">
    <testcase name="HSH_TN_UseScheduler" file="/opt/pytorch/nvfuser/tests/cpp/test_matmul.cpp" line="3705" status="run" result="completed" time="0.911" timestamp="2026-01-22T09:17:37.915" classname="HopperMatmulTest" />
    <testcase name="DISABLED_HSH_NT_UseScheduler_MultipleInstructionsPerWarpTile" file="/opt/pytorch/nvfuser/tests/cpp/test_matmul.cpp" line="4498" status="notrun" result="suppressed" time="0." timestamp="1969-12-31T16:00:00.000" classname="HopperMatmulTest" />
    <testcase name="ScheduleWithTranslation" file="/opt/pytorch/nvfuser/tests/cpp/test_matmul.cpp" line="4571" status="run" result="completed" time="0.228" timestamp="2026-01-22T09:17:38.826" classname="HopperMatmulTest" />
    <testcase name="EpilogueBiasPersistentBroadcastInputs" file="/opt/pytorch/nvfuser/tests/cpp/test_matmul.cpp" line="5029" status="run" result="completed" time="0.562" timestamp="2026-01-22T09:17:39.054" classname="HopperMatmulTest" />
    <testcase name="HSS_NT_SplitKTMAStore" file="/opt/pytorch/nvfuser/tests/cpp/test_matmul.cpp" line="5469" status="run" result="completed" time="0.998" timestamp="2026-01-22T09:17:39.616" classname="HopperMatmulTest" />
  </testsuite>
  <testsuite name="BlackwellMatmulTest" tests="1" failures="0" disabled="0" skipped="1" errors="0" time="0." timestamp="2026-01-22T09:17:40.615">
    <testcase name="EpilogueSiluPersistentBroadcastInputs" file="/opt/pytorch/nvfuser/tests/cpp/test_matmul.cpp" line="5252" status="run" result="skipped" time="0." timestamp="2026-01-22T09:17:40.615" classname="BlackwellMatmulTest">
      <skipped message="/opt/pytorch/nvfuser/tests/cpp/utils.h:474&#x0A;skipping tests on non-Blackwell GPUs (requires sm_100/sm_104, not sm_110+)&#x0A;"><![CDATA[/opt/pytorch/nvfuser/tests/cpp/utils.h:474
skipping tests on non-Blackwell GPUs (requires sm_100/sm_104, not sm_110+)
]]></skipped>
    </testcase>
  </testsuite>
  <testsuite name="MatmulSchedulerTest" tests="5" failures="0" disabled="0" skipped="4" errors="0" time="0.268" timestamp="2026-01-22T09:17:40.615">
    <testcase name="BasicMatmulStrictCheckTT" file="/opt/pytorch/nvfuser/tests/cpp/test_matmul_scheduler.cpp" line="1079" status="run" result="skipped" time="0." timestamp="2026-01-22T09:17:40.615" classname="MatmulSchedulerTest">
      <skipped message="/opt/pytorch/nvfuser/tests/cpp/test_matmul_scheduler.cpp:1081&#x0A;Requires GPU capability &gt;= 8.0 and &lt; 9.0 to run.&#x0A;&#x0A;"><![CDATA[/opt/pytorch/nvfuser/tests/cpp/test_matmul_scheduler.cpp:1081
Requires GPU capability >= 8.0 and < 9.0 to run.

]]></skipped>
    </testcase>
    <testcase name="EpilogueAlpha" file="/opt/pytorch/nvfuser/tests/cpp/test_matmul_scheduler.cpp" line="1277" status="run" result="skipped" time="0." timestamp="2026-01-22T09:17:40.615" classname="MatmulSchedulerTest">
      <skipped message="/opt/pytorch/nvfuser/tests/cpp/test_matmul_scheduler.cpp:1279&#x0A;Requires GPU capability &gt;= 7.5 and &lt; 9.0 to run.&#x0A;&#x0A;"><![CDATA[/opt/pytorch/nvfuser/tests/cpp/test_matmul_scheduler.cpp:1279
Requires GPU capability >= 7.5 and < 9.0 to run.

]]></skipped>
    </testcase>
    <testcase name="EpilogueAlphaBeta" file="/opt/pytorch/nvfuser/tests/cpp/test_matmul_scheduler.cpp" line="1462" status="run" result="skipped" time="0." timestamp="2026-01-22T09:17:40.615" classname="MatmulSchedulerTest">
      <skipped message="/opt/pytorch/nvfuser/tests/cpp/test_matmul_scheduler.cpp:1464&#x0A;Requires GPU capability &gt;= 7.5 and &lt; 9.0 to run.&#x0A;&#x0A;"><![CDATA[/opt/pytorch/nvfuser/tests/cpp/test_matmul_scheduler.cpp:1464
Requires GPU capability >= 7.5 and < 9.0 to run.

]]></skipped>
    </testcase>
    <testcase name="SegmentMatmulOpPrologue" file="/opt/pytorch/nvfuser/tests/cpp/test_matmul_scheduler.cpp" line="2562" status="run" result="skipped" time="0." timestamp="2026-01-22T09:17:40.615" classname="MatmulSchedulerTest">
      <skipped message="/opt/pytorch/nvfuser/tests/cpp/test_matmul_scheduler.cpp:2563&#x0A;Requires GPU capability &gt;= 7.5 and &lt; 9.0 to run.&#x0A;&#x0A;"><![CDATA[/opt/pytorch/nvfuser/tests/cpp/test_matmul_scheduler.cpp:2563
Requires GPU capability >= 7.5 and < 9.0 to run.

]]></skipped>
    </testcase>
    <testcase name="PreBroadcastMmaBiasNeg" file="/opt/pytorch/nvfuser/tests/cpp/test_matmul_scheduler.cpp" line="2685" status="run" result="completed" time="0.268" timestamp="2026-01-22T09:17:40.615" classname="MatmulSchedulerTest" />
  </testsuite>
  <testsuite name="MatmulSchedulerPluginTest" tests="1" failures="0" disabled="0" skipped="1" errors="0" time="0." timestamp="2026-01-22T09:17:40.883">
    <testcase name="BasicMatmul" file="/opt/pytorch/nvfuser/tests/cpp/test_matmul_scheduler.cpp" line="2504" status="run" result="skipped" time="0." timestamp="2026-01-22T09:17:40.883" classname="MatmulSchedulerPluginTest">
      <skipped message="/opt/pytorch/nvfuser/tests/cpp/test_matmul_scheduler.cpp:2505&#x0A;Requires GPU capability &gt;= 8.0 and &lt; 9.0 to run.&#x0A;&#x0A;"><![CDATA[/opt/pytorch/nvfuser/tests/cpp/test_matmul_scheduler.cpp:2505
Requires GPU capability >= 8.0 and < 9.0 to run.

]]></skipped>
    </testcase>
  </testsuite>
  <testsuite name="CutlassExecutorTest" tests="2" failures="0" disabled="0" skipped="1" errors="0" time="0." timestamp="2026-01-22T09:17:40.883">
    <testcase name="FindBlockScaledOutputs_WithoutGlobalScale" file="/opt/pytorch/nvfuser/tests/cpp/test_cutlass_scheduler.cpp" line="517" status="run" result="completed" time="0." timestamp="2026-01-22T09:17:40.883" classname="CutlassExecutorTest" />
    <testcase name="Nvfp4BlockScaledGemmReLU" file="/opt/pytorch/nvfuser/tests/cpp/test_cutlass_scheduler.cpp" line="598" status="run" result="skipped" time="0." timestamp="2026-01-22T09:17:40.884" classname="CutlassExecutorTest">
      <skipped message="/opt/pytorch/nvfuser/tests/cpp/test_cutlass_scheduler.cpp:602&#x0A;Skipping test on pre-SM100 GPUs&#x0A;"><![CDATA[/opt/pytorch/nvfuser/tests/cpp/test_cutlass_scheduler.cpp:602
Skipping test on pre-SM100 GPUs
]]></skipped>
    </testcase>
  </testsuite>
  <testsuite name="CombineMulSumAsMmaTestWithLayout" tests="5" failures="0" disabled="0" skipped="3" errors="0" time="0." timestamp="2026-01-22T09:17:40.884">
    <testcase name="MulSumToMatmul_Pass/TN" value_param="4-byte object &lt;02-00 00-00&gt;" file="/opt/pytorch/nvfuser/tests/cpp/test_translate_mma.cpp" line="114" status="run" result="completed" time="0." timestamp="2026-01-22T09:17:40.884" classname="CombineMulSumAsMmaTestWithLayout" />
    <testcase name="AmpereMulSumToMatmul_Schedule/TT" value_param="4-byte object &lt;01-00 00-00&gt;" file="/opt/pytorch/nvfuser/tests/cpp/test_translate_mma.cpp" line="205" status="run" result="skipped" time="0." timestamp="2026-01-22T09:17:40.884" classname="CombineMulSumAsMmaTestWithLayout">
      <skipped message="/opt/pytorch/nvfuser/tests/cpp/test_translate_mma.cpp:206&#x0A;Requires GPU capability &gt;= 7.5 and &lt; 9.0 to run.&#x0A;&#x0A;"><![CDATA[/opt/pytorch/nvfuser/tests/cpp/test_translate_mma.cpp:206
Requires GPU capability >= 7.5 and < 9.0 to run.

]]></skipped>
    </testcase>
    <testcase name="AmpereMulSumToMatmul_Schedule/NN" value_param="4-byte object &lt;03-00 00-00&gt;" file="/opt/pytorch/nvfuser/tests/cpp/test_translate_mma.cpp" line="205" status="run" result="skipped" time="0." timestamp="2026-01-22T09:17:40.884" classname="CombineMulSumAsMmaTestWithLayout">
      <skipped message="/opt/pytorch/nvfuser/tests/cpp/test_translate_mma.cpp:206&#x0A;Requires GPU capability &gt;= 7.5 and &lt; 9.0 to run.&#x0A;&#x0A;"><![CDATA[/opt/pytorch/nvfuser/tests/cpp/test_translate_mma.cpp:206
Requires GPU capability >= 7.5 and < 9.0 to run.

]]></skipped>
    </testcase>
    <testcase name="UseMatmulScheduler/NT" value_param="4-byte object &lt;00-00 00-00&gt;" file="/opt/pytorch/nvfuser/tests/cpp/test_translate_mma.cpp" line="253" status="run" result="skipped" time="0." timestamp="2026-01-22T09:17:40.884" classname="CombineMulSumAsMmaTestWithLayout">
      <skipped message="/opt/pytorch/nvfuser/tests/cpp/test_translate_mma.cpp:254&#x0A;Requires GPU capability &gt;= 7.5 and &lt; 9.0 to run.&#x0A;&#x0A;"><![CDATA[/opt/pytorch/nvfuser/tests/cpp/test_translate_mma.cpp:254
Requires GPU capability >= 7.5 and < 9.0 to run.

]]></skipped>
    </testcase>
    <testcase name="SwapAandB/TN" value_param="4-byte object &lt;02-00 00-00&gt;" file="/opt/pytorch/nvfuser/tests/cpp/test_translate_mma.cpp" line="649" status="run" result="completed" time="0." timestamp="2026-01-22T09:17:40.884" classname="CombineMulSumAsMmaTestWithLayout" />
  </testsuite>
  <testsuite name="MatmulNodeTranslationTest" tests="5" failures="0" disabled="0" skipped="1" errors="0" time="1.033" timestamp="2026-01-22T09:17:40.884">
    <testcase name="AutomaticSchedulerMatmulNode/2dA_2dB_nofuse" value_param="(2, 2, false, false, true, expr_eval)" file="/opt/pytorch/nvfuser/tests/cpp/test_translate_mma.cpp" line="311" status="run" result="completed" time="0.186" timestamp="2026-01-22T09:17:40.884" classname="MatmulNodeTranslationTest" />
    <testcase name="AutomaticSchedulerMatmulNode/2dA_2dB_transposeA" value_param="(2, 2, true, true, false, matmul)" file="/opt/pytorch/nvfuser/tests/cpp/test_translate_mma.cpp" line="311" status="run" result="completed" time="0.557" timestamp="2026-01-22T09:17:41.071" classname="MatmulNodeTranslationTest" />
    <testcase name="AutomaticSchedulerMatmulNode/1dA_1dB" value_param="(1, 1, true, false, true, expr_eval)" file="/opt/pytorch/nvfuser/tests/cpp/test_translate_mma.cpp" line="311" status="run" result="completed" time="0.093" timestamp="2026-01-22T09:17:41.628" classname="MatmulNodeTranslationTest" />
    <testcase name="AutomaticSchedulerMatmulNode/3dA_2dB" value_param="(3, 2, true, false, false, matmul)" file="/opt/pytorch/nvfuser/tests/cpp/test_translate_mma.cpp" line="311" status="run" result="skipped" time="0." timestamp="2026-01-22T09:17:41.722" classname="MatmulNodeTranslationTest">
      <skipped message="/opt/pytorch/nvfuser/tests/cpp/test_translate_mma.cpp:322&#x0A;Requires GPU capability &gt;= 7.5 and &lt; 9.0 to run.&#x0A;&#x0A;"><![CDATA[/opt/pytorch/nvfuser/tests/cpp/test_translate_mma.cpp:322
Requires GPU capability >= 7.5 and < 9.0 to run.

]]></skipped>
    </testcase>
    <testcase name="AutomaticSchedulerMatmulNode/3dA_4dB" value_param="(3, 4, true, false, true, expr_eval)" file="/opt/pytorch/nvfuser/tests/cpp/test_translate_mma.cpp" line="311" status="run" result="completed" time="0.195" timestamp="2026-01-22T09:17:41.722" classname="MatmulNodeTranslationTest" />
  </testsuite>
  <testsuite name="LinearNodeTranslationTest" tests="4" failures="0" disabled="0" skipped="1" errors="0" time="0.826" timestamp="2026-01-22T09:17:41.918">
    <testcase name="AutomaticSchedulerLinearNode/1dA_2dB_nofuse" value_param="(1, 2, -1, false, false, true)" file="/opt/pytorch/nvfuser/tests/cpp/test_translate_mma.cpp" line="471" status="run" result="completed" time="0.107" timestamp="2026-01-22T09:17:41.918" classname="LinearNodeTranslationTest" />
    <testcase name="AutomaticSchedulerLinearNode/4dA_2dB_1dBias_nofuse" value_param="(4, 2, 1, false, false, true)" file="/opt/pytorch/nvfuser/tests/cpp/test_translate_mma.cpp" line="471" status="run" result="completed" time="0.106" timestamp="2026-01-22T09:17:42.026" classname="LinearNodeTranslationTest" />
    <testcase name="AutomaticSchedulerLinearNode/1dA_2dB" value_param="(1, 2, -1, true, false, true)" file="/opt/pytorch/nvfuser/tests/cpp/test_translate_mma.cpp" line="471" status="run" result="skipped" time="0." timestamp="2026-01-22T09:17:42.132" classname="LinearNodeTranslationTest">
      <skipped message="/opt/pytorch/nvfuser/tests/cpp/test_translate_mma.cpp:493&#x0A;Translating linear with batch dims is not yet supported on Hopper&#x0A;"><![CDATA[/opt/pytorch/nvfuser/tests/cpp/test_translate_mma.cpp:493
Translating linear with batch dims is not yet supported on Hopper
]]></skipped>
    </testcase>
    <testcase name="AutomaticSchedulerLinearNode/2dA_2dB_1dBias" value_param="(2, 2, 1, true, false, false)" file="/opt/pytorch/nvfuser/tests/cpp/test_translate_mma.cpp" line="471" status="run" result="completed" time="0.612" timestamp="2026-01-22T09:17:42.132" classname="LinearNodeTranslationTest" />
  </testsuite>
  <testsuite name="TranslationCastTest" tests="3" failures="0" disabled="0" skipped="0" errors="0" time="0." timestamp="2026-01-22T09:17:42.745">
    <testcase name="CountCasts/matmul" value_param="(false, false, false)" file="/opt/pytorch/nvfuser/tests/cpp/test_translate_mma.cpp" line="708" status="run" result="completed" time="0." timestamp="2026-01-22T09:17:42.745" classname="TranslationCastTest" />
    <testcase name="CountCasts/matmul_epilogue_twooutputs" value_param="(false, true, true)" file="/opt/pytorch/nvfuser/tests/cpp/test_translate_mma.cpp" line="708" status="run" result="completed" time="0." timestamp="2026-01-22T09:17:42.745" classname="TranslationCastTest" />
    <testcase name="CountCasts/linear_epilogue" value_param="(true, true, false)" file="/opt/pytorch/nvfuser/tests/cpp/test_translate_mma.cpp" line="708" status="run" result="completed" time="0." timestamp="2026-01-22T09:17:42.745" classname="TranslationCastTest" />
  </testsuite>
  <testsuite name="MatmulTestWithLayout" tests="32" failures="0" disabled="0" skipped="32" errors="0" time="0." timestamp="2026-01-22T09:17:42.745">
    <testcase name="AmpereMatmul/TN" value_param="4-byte object &lt;02-00 00-00&gt;" file="/opt/pytorch/nvfuser/tests/cpp/test_matmul.cpp" line="90" status="run" result="skipped" time="0." timestamp="2026-01-22T09:17:42.745" classname="MatmulTestWithLayout">
      <skipped message="/opt/pytorch/nvfuser/tests/cpp/test_matmul.cpp:91&#x0A;Requires GPU capability &gt;= 7.5 and &lt; 9.0 to run.&#x0A;&#x0A;"><![CDATA[/opt/pytorch/nvfuser/tests/cpp/test_matmul.cpp:91
Requires GPU capability >= 7.5 and < 9.0 to run.

]]></skipped>
    </testcase>
    <testcase name="AmpereMatmulBroadcastBatch/TT" value_param="4-byte object &lt;01-00 00-00&gt;" file="/opt/pytorch/nvfuser/tests/cpp/test_matmul.cpp" line="149" status="run" result="skipped" time="0." timestamp="2026-01-22T09:17:42.745" classname="MatmulTestWithLayout">
      <skipped message="/opt/pytorch/nvfuser/tests/cpp/test_matmul.cpp:150&#x0A;Requires GPU capability &gt;= 7.5 and &lt; 9.0 to run.&#x0A;&#x0A;"><![CDATA[/opt/pytorch/nvfuser/tests/cpp/test_matmul.cpp:150
Requires GPU capability >= 7.5 and < 9.0 to run.

]]></skipped>
    </testcase>
    <testcase name="AmpereMatmulBroadcastBatch/NN" value_param="4-byte object &lt;03-00 00-00&gt;" file="/opt/pytorch/nvfuser/tests/cpp/test_matmul.cpp" line="149" status="run" result="skipped" time="0." timestamp="2026-01-22T09:17:42.745" classname="MatmulTestWithLayout">
      <skipped message="/opt/pytorch/nvfuser/tests/cpp/test_matmul.cpp:150&#x0A;Requires GPU capability &gt;= 7.5 and &lt; 9.0 to run.&#x0A;&#x0A;"><![CDATA[/opt/pytorch/nvfuser/tests/cpp/test_matmul.cpp:150
Requires GPU capability >= 7.5 and < 9.0 to run.

]]></skipped>
    </testcase>
    <testcase name="AmperePrologueFusionBroadcast/NT" value_param="4-byte object &lt;00-00 00-00&gt;" file="/opt/pytorch/nvfuser/tests/cpp/test_matmul.cpp" line="212" status="run" result="skipped" time="0." timestamp="2026-01-22T09:17:42.745" classname="MatmulTestWithLayout">
      <skipped message="/opt/pytorch/nvfuser/tests/cpp/test_matmul.cpp:213&#x0A;Requires GPU capability &gt;= 7.5 and &lt; 9.0 to run.&#x0A;&#x0A;"><![CDATA[/opt/pytorch/nvfuser/tests/cpp/test_matmul.cpp:213
Requires GPU capability >= 7.5 and < 9.0 to run.

]]></skipped>
    </testcase>
    <testcase name="AmpereProloguePointwise/TN" value_param="4-byte object &lt;02-00 00-00&gt;" file="/opt/pytorch/nvfuser/tests/cpp/test_matmul.cpp" line="267" status="run" result="skipped" time="0." timestamp="2026-01-22T09:17:42.745" classname="MatmulTestWithLayout">
      <skipped message="/opt/pytorch/nvfuser/tests/cpp/test_matmul.cpp:268&#x0A;Requires GPU capability &gt;= 7.5 and &lt; 9.0 to run.&#x0A;&#x0A;"><![CDATA[/opt/pytorch/nvfuser/tests/cpp/test_matmul.cpp:268
Requires GPU capability >= 7.5 and < 9.0 to run.

]]></skipped>
    </testcase>
    <testcase name="AmpereMatmulBFloat16/TT" value_param="4-byte object &lt;01-00 00-00&gt;" file="/opt/pytorch/nvfuser/tests/cpp/test_matmul.cpp" line="329" status="run" result="skipped" time="0." timestamp="2026-01-22T09:17:42.745" classname="MatmulTestWithLayout">
      <skipped message="/opt/pytorch/nvfuser/tests/cpp/test_matmul.cpp:330&#x0A;Requires GPU capability &gt;= 7.5 and &lt; 9.0 to run.&#x0A;&#x0A;"><![CDATA[/opt/pytorch/nvfuser/tests/cpp/test_matmul.cpp:330
Requires GPU capability >= 7.5 and < 9.0 to run.

]]></skipped>
    </testcase>
    <testcase name="AmpereMatmulBFloat16/NN" value_param="4-byte object &lt;03-00 00-00&gt;" file="/opt/pytorch/nvfuser/tests/cpp/test_matmul.cpp" line="329" status="run" result="skipped" time="0." timestamp="2026-01-22T09:17:42.745" classname="MatmulTestWithLayout">
      <skipped message="/opt/pytorch/nvfuser/tests/cpp/test_matmul.cpp:330&#x0A;Requires GPU capability &gt;= 7.5 and &lt; 9.0 to run.&#x0A;&#x0A;"><![CDATA[/opt/pytorch/nvfuser/tests/cpp/test_matmul.cpp:330
Requires GPU capability >= 7.5 and < 9.0 to run.

]]></skipped>
    </testcase>
    <testcase name="AmpereMatmulPipelineGmem/NT" value_param="4-byte object &lt;00-00 00-00&gt;" file="/opt/pytorch/nvfuser/tests/cpp/test_matmul.cpp" line="388" status="run" result="skipped" time="0." timestamp="2026-01-22T09:17:42.745" classname="MatmulTestWithLayout">
      <skipped message="/opt/pytorch/nvfuser/tests/cpp/test_matmul.cpp:389&#x0A;Requires GPU capability &gt;= 7.5 and &lt; 9.0 to run.&#x0A;&#x0A;"><![CDATA[/opt/pytorch/nvfuser/tests/cpp/test_matmul.cpp:389
Requires GPU capability >= 7.5 and < 9.0 to run.

]]></skipped>
    </testcase>
    <testcase name="AmpereSwizzle/TN" value_param="4-byte object &lt;02-00 00-00&gt;" file="/opt/pytorch/nvfuser/tests/cpp/test_matmul.cpp" line="481" status="run" result="skipped" time="0." timestamp="2026-01-22T09:17:42.745" classname="MatmulTestWithLayout">
      <skipped message="/opt/pytorch/nvfuser/tests/cpp/test_matmul.cpp:482&#x0A;Requires GPU capability &gt;= 7.5 and &lt; 9.0 to run.&#x0A;&#x0A;"><![CDATA[/opt/pytorch/nvfuser/tests/cpp/test_matmul.cpp:482
Requires GPU capability >= 7.5 and < 9.0 to run.

]]></skipped>
    </testcase>
    <testcase name="AmpereMatmulRegCircularBuffer/TT" value_param="4-byte object &lt;01-00 00-00&gt;" file="/opt/pytorch/nvfuser/tests/cpp/test_matmul.cpp" line="601" status="run" result="skipped" time="0." timestamp="2026-01-22T09:17:42.745" classname="MatmulTestWithLayout">
      <skipped message="/opt/pytorch/nvfuser/tests/cpp/test_matmul.cpp:602&#x0A;Requires GPU capability &gt;= 7.5 and &lt; 9.0 to run.&#x0A;&#x0A;"><![CDATA[/opt/pytorch/nvfuser/tests/cpp/test_matmul.cpp:602
Requires GPU capability >= 7.5 and < 9.0 to run.

]]></skipped>
    </testcase>
    <testcase name="AmpereMatmulRegCircularBuffer/NN" value_param="4-byte object &lt;03-00 00-00&gt;" file="/opt/pytorch/nvfuser/tests/cpp/test_matmul.cpp" line="601" status="run" result="skipped" time="0." timestamp="2026-01-22T09:17:42.745" classname="MatmulTestWithLayout">
      <skipped message="/opt/pytorch/nvfuser/tests/cpp/test_matmul.cpp:602&#x0A;Requires GPU capability &gt;= 7.5 and &lt; 9.0 to run.&#x0A;&#x0A;"><![CDATA[/opt/pytorch/nvfuser/tests/cpp/test_matmul.cpp:602
Requires GPU capability >= 7.5 and < 9.0 to run.

]]></skipped>
    </testcase>
    <testcase name="TuringMatmul/NT" value_param="4-byte object &lt;00-00 00-00&gt;" file="/opt/pytorch/nvfuser/tests/cpp/test_matmul.cpp" line="1330" status="run" result="skipped" time="0." timestamp="2026-01-22T09:17:42.745" classname="MatmulTestWithLayout">
      <skipped message="/opt/pytorch/nvfuser/tests/cpp/test_matmul.cpp:1331&#x0A;Requires GPU capability &gt;= 7.5 and &lt; 9.0 to run.&#x0A;&#x0A;"><![CDATA[/opt/pytorch/nvfuser/tests/cpp/test_matmul.cpp:1331
Requires GPU capability >= 7.5 and < 9.0 to run.

]]></skipped>
    </testcase>
    <testcase name="AmpereMatmulLargeLoad/TN" value_param="4-byte object &lt;02-00 00-00&gt;" file="/opt/pytorch/nvfuser/tests/cpp/test_matmul.cpp" line="1868" status="run" result="skipped" time="0." timestamp="2026-01-22T09:17:42.745" classname="MatmulTestWithLayout">
      <skipped message="/opt/pytorch/nvfuser/tests/cpp/test_matmul.cpp:1869&#x0A;Requires GPU capability &gt;= 7.5 and &lt; 9.0 to run.&#x0A;&#x0A;"><![CDATA[/opt/pytorch/nvfuser/tests/cpp/test_matmul.cpp:1869
Requires GPU capability >= 7.5 and < 9.0 to run.

]]></skipped>
    </testcase>
    <testcase name="TuringMatmulLargeLoad/TT" value_param="4-byte object &lt;01-00 00-00&gt;" file="/opt/pytorch/nvfuser/tests/cpp/test_matmul.cpp" line="1926" status="run" result="skipped" time="0." timestamp="2026-01-22T09:17:42.745" classname="MatmulTestWithLayout">
      <skipped message="/opt/pytorch/nvfuser/tests/cpp/test_matmul.cpp:1927&#x0A;Requires GPU capability &gt;= 7.5 and &lt; 9.0 to run.&#x0A;&#x0A;"><![CDATA[/opt/pytorch/nvfuser/tests/cpp/test_matmul.cpp:1927
Requires GPU capability >= 7.5 and < 9.0 to run.

]]></skipped>
    </testcase>
    <testcase name="TuringMatmulLargeLoad/NN" value_param="4-byte object &lt;03-00 00-00&gt;" file="/opt/pytorch/nvfuser/tests/cpp/test_matmul.cpp" line="1926" status="run" result="skipped" time="0." timestamp="2026-01-22T09:17:42.745" classname="MatmulTestWithLayout">
      <skipped message="/opt/pytorch/nvfuser/tests/cpp/test_matmul.cpp:1927&#x0A;Requires GPU capability &gt;= 7.5 and &lt; 9.0 to run.&#x0A;&#x0A;"><![CDATA[/opt/pytorch/nvfuser/tests/cpp/test_matmul.cpp:1927
Requires GPU capability >= 7.5 and < 9.0 to run.

]]></skipped>
    </testcase>
    <testcase name="AmpereMatmulTileCheck4warp/NT" value_param="4-byte object &lt;00-00 00-00&gt;" file="/opt/pytorch/nvfuser/tests/cpp/test_matmul.cpp" line="1981" status="run" result="skipped" time="0." timestamp="2026-01-22T09:17:42.745" classname="MatmulTestWithLayout">
      <skipped message="/opt/pytorch/nvfuser/tests/cpp/test_matmul.cpp:1982&#x0A;Requires GPU capability &gt;= 7.5 and &lt; 9.0 to run.&#x0A;&#x0A;"><![CDATA[/opt/pytorch/nvfuser/tests/cpp/test_matmul.cpp:1982
Requires GPU capability >= 7.5 and < 9.0 to run.

]]></skipped>
    </testcase>
    <testcase name="AmpereMatmulTileCheck8warp/TN" value_param="4-byte object &lt;02-00 00-00&gt;" file="/opt/pytorch/nvfuser/tests/cpp/test_matmul.cpp" line="2060" status="run" result="skipped" time="0." timestamp="2026-01-22T09:17:42.745" classname="MatmulTestWithLayout">
      <skipped message="/opt/pytorch/nvfuser/tests/cpp/test_matmul.cpp:2061&#x0A;Requires GPU capability &gt;= 7.5 and &lt; 9.0 to run.&#x0A;&#x0A;"><![CDATA[/opt/pytorch/nvfuser/tests/cpp/test_matmul.cpp:2061
Requires GPU capability >= 7.5 and < 9.0 to run.

]]></skipped>
    </testcase>
    <testcase name="AmpereMatmulTileCheck6warp/TT" value_param="4-byte object &lt;01-00 00-00&gt;" file="/opt/pytorch/nvfuser/tests/cpp/test_matmul.cpp" line="2135" status="run" result="skipped" time="0." timestamp="2026-01-22T09:17:42.745" classname="MatmulTestWithLayout">
      <skipped message="/opt/pytorch/nvfuser/tests/cpp/test_matmul.cpp:2136&#x0A;Requires GPU capability &gt;= 7.5 and &lt; 9.0 to run.&#x0A;&#x0A;"><![CDATA[/opt/pytorch/nvfuser/tests/cpp/test_matmul.cpp:2136
Requires GPU capability >= 7.5 and < 9.0 to run.

]]></skipped>
    </testcase>
    <testcase name="AmpereMatmulTileCheck6warp/NN" value_param="4-byte object &lt;03-00 00-00&gt;" file="/opt/pytorch/nvfuser/tests/cpp/test_matmul.cpp" line="2135" status="run" result="skipped" time="0." timestamp="2026-01-22T09:17:42.745" classname="MatmulTestWithLayout">
      <skipped message="/opt/pytorch/nvfuser/tests/cpp/test_matmul.cpp:2136&#x0A;Requires GPU capability &gt;= 7.5 and &lt; 9.0 to run.&#x0A;&#x0A;"><![CDATA[/opt/pytorch/nvfuser/tests/cpp/test_matmul.cpp:2136
Requires GPU capability >= 7.5 and < 9.0 to run.

]]></skipped>
    </testcase>
    <testcase name="AmpereMatmulLargeLoadLargeK/NT" value_param="4-byte object &lt;00-00 00-00&gt;" file="/opt/pytorch/nvfuser/tests/cpp/test_matmul.cpp" line="2205" status="run" result="skipped" time="0." timestamp="2026-01-22T09:17:42.745" classname="MatmulTestWithLayout">
      <skipped message="/opt/pytorch/nvfuser/tests/cpp/test_matmul.cpp:2206&#x0A;Requires GPU capability &gt;= 7.5 and &lt; 9.0 to run.&#x0A;&#x0A;"><![CDATA[/opt/pytorch/nvfuser/tests/cpp/test_matmul.cpp:2206
Requires GPU capability >= 7.5 and < 9.0 to run.

]]></skipped>
    </testcase>
    <testcase name="AmpereSplitKLikeStridedBatchedMatmul/TN" value_param="4-byte object &lt;02-00 00-00&gt;" file="/opt/pytorch/nvfuser/tests/cpp/test_matmul.cpp" line="2263" status="run" result="skipped" time="0." timestamp="2026-01-22T09:17:42.745" classname="MatmulTestWithLayout">
      <skipped message="/opt/pytorch/nvfuser/tests/cpp/test_matmul.cpp:2264&#x0A;Requires GPU capability &gt;= 7.5 and &lt; 9.0 to run.&#x0A;&#x0A;"><![CDATA[/opt/pytorch/nvfuser/tests/cpp/test_matmul.cpp:2264
Requires GPU capability >= 7.5 and < 9.0 to run.

]]></skipped>
    </testcase>
    <testcase name="AmpereMatmulSmemEpilogue/TT" value_param="4-byte object &lt;01-00 00-00&gt;" file="/opt/pytorch/nvfuser/tests/cpp/test_matmul.cpp" line="2312" status="run" result="skipped" time="0." timestamp="2026-01-22T09:17:42.745" classname="MatmulTestWithLayout">
      <skipped message="/opt/pytorch/nvfuser/tests/cpp/test_matmul.cpp:2313&#x0A;Requires GPU capability &gt;= 8.0 and &lt; 9.0 to run.&#x0A;&#x0A;"><![CDATA[/opt/pytorch/nvfuser/tests/cpp/test_matmul.cpp:2313
Requires GPU capability >= 8.0 and < 9.0 to run.

]]></skipped>
    </testcase>
    <testcase name="AmpereMatmulSmemEpilogue/NN" value_param="4-byte object &lt;03-00 00-00&gt;" file="/opt/pytorch/nvfuser/tests/cpp/test_matmul.cpp" line="2312" status="run" result="skipped" time="0." timestamp="2026-01-22T09:17:42.745" classname="MatmulTestWithLayout">
      <skipped message="/opt/pytorch/nvfuser/tests/cpp/test_matmul.cpp:2313&#x0A;Requires GPU capability &gt;= 8.0 and &lt; 9.0 to run.&#x0A;&#x0A;"><![CDATA[/opt/pytorch/nvfuser/tests/cpp/test_matmul.cpp:2313
Requires GPU capability >= 8.0 and < 9.0 to run.

]]></skipped>
    </testcase>
    <testcase name="AmpereMatmulSmemEpilogueCast/NT" value_param="4-byte object &lt;00-00 00-00&gt;" file="/opt/pytorch/nvfuser/tests/cpp/test_matmul.cpp" line="2560" status="run" result="skipped" time="0." timestamp="2026-01-22T09:17:42.745" classname="MatmulTestWithLayout">
      <skipped message="/opt/pytorch/nvfuser/tests/cpp/test_matmul.cpp:2561&#x0A;Requires GPU capability &gt;= 8.0 and &lt; 9.0 to run.&#x0A;&#x0A;"><![CDATA[/opt/pytorch/nvfuser/tests/cpp/test_matmul.cpp:2561
Requires GPU capability >= 8.0 and < 9.0 to run.

]]></skipped>
    </testcase>
    <testcase name="AmpereMatmulSmemEpilogueRelu/TN" value_param="4-byte object &lt;02-00 00-00&gt;" file="/opt/pytorch/nvfuser/tests/cpp/test_matmul.cpp" line="2655" status="run" result="skipped" time="0." timestamp="2026-01-22T09:17:42.745" classname="MatmulTestWithLayout">
      <skipped message="/opt/pytorch/nvfuser/tests/cpp/test_matmul.cpp:2656&#x0A;Requires GPU capability &gt;= 8.0 and &lt; 9.0 to run.&#x0A;&#x0A;"><![CDATA[/opt/pytorch/nvfuser/tests/cpp/test_matmul.cpp:2656
Requires GPU capability >= 8.0 and < 9.0 to run.

]]></skipped>
    </testcase>
    <testcase name="FusionAmpereMatmulSplitK_CUDA/TT" value_param="4-byte object &lt;01-00 00-00&gt;" file="/opt/pytorch/nvfuser/tests/cpp/test_matmul.cpp" line="2752" status="run" result="skipped" time="0." timestamp="2026-01-22T09:17:42.745" classname="MatmulTestWithLayout">
      <skipped message="/opt/pytorch/nvfuser/tests/cpp/test_matmul.cpp:2753&#x0A;Requires GPU capability &gt;= 8.0 and &lt; 9.0 to run.&#x0A;&#x0A;"><![CDATA[/opt/pytorch/nvfuser/tests/cpp/test_matmul.cpp:2753
Requires GPU capability >= 8.0 and < 9.0 to run.

]]></skipped>
    </testcase>
    <testcase name="FusionAmpereMatmulSplitK_CUDA/NN" value_param="4-byte object &lt;03-00 00-00&gt;" file="/opt/pytorch/nvfuser/tests/cpp/test_matmul.cpp" line="2752" status="run" result="skipped" time="0." timestamp="2026-01-22T09:17:42.745" classname="MatmulTestWithLayout">
      <skipped message="/opt/pytorch/nvfuser/tests/cpp/test_matmul.cpp:2753&#x0A;Requires GPU capability &gt;= 8.0 and &lt; 9.0 to run.&#x0A;&#x0A;"><![CDATA[/opt/pytorch/nvfuser/tests/cpp/test_matmul.cpp:2753
Requires GPU capability >= 8.0 and < 9.0 to run.

]]></skipped>
    </testcase>
    <testcase name="FusionAmpereMatmulSplitKBias_CUDA/NT" value_param="4-byte object &lt;00-00 00-00&gt;" file="/opt/pytorch/nvfuser/tests/cpp/test_matmul.cpp" line="2827" status="run" result="skipped" time="0." timestamp="2026-01-22T09:17:42.745" classname="MatmulTestWithLayout">
      <skipped message="/opt/pytorch/nvfuser/tests/cpp/test_matmul.cpp:2828&#x0A;Requires GPU capability &gt;= 8.0 and &lt; 9.0 to run.&#x0A;&#x0A;"><![CDATA[/opt/pytorch/nvfuser/tests/cpp/test_matmul.cpp:2828
Requires GPU capability >= 8.0 and < 9.0 to run.

]]></skipped>
    </testcase>
    <testcase name="AmpereMatmulBatchSplitK/TN" value_param="4-byte object &lt;02-00 00-00&gt;" file="/opt/pytorch/nvfuser/tests/cpp/test_matmul.cpp" line="2891" status="run" result="skipped" time="0." timestamp="2026-01-22T09:17:42.745" classname="MatmulTestWithLayout">
      <skipped message="/opt/pytorch/nvfuser/tests/cpp/test_matmul.cpp:2892&#x0A;Requires GPU capability &gt;= 8.0 and &lt; 9.0 to run.&#x0A;&#x0A;"><![CDATA[/opt/pytorch/nvfuser/tests/cpp/test_matmul.cpp:2892
Requires GPU capability >= 8.0 and < 9.0 to run.

]]></skipped>
    </testcase>
    <testcase name="AmpereMatmulBatchSplitKBias/TT" value_param="4-byte object &lt;01-00 00-00&gt;" file="/opt/pytorch/nvfuser/tests/cpp/test_matmul.cpp" line="2949" status="run" result="skipped" time="0." timestamp="2026-01-22T09:17:42.745" classname="MatmulTestWithLayout">
      <skipped message="/opt/pytorch/nvfuser/tests/cpp/test_matmul.cpp:2950&#x0A;Requires GPU capability &gt;= 8.0 and &lt; 9.0 to run.&#x0A;&#x0A;"><![CDATA[/opt/pytorch/nvfuser/tests/cpp/test_matmul.cpp:2950
Requires GPU capability >= 8.0 and < 9.0 to run.

]]></skipped>
    </testcase>
    <testcase name="AmpereMatmulBatchSplitKBias/NN" value_param="4-byte object &lt;03-00 00-00&gt;" file="/opt/pytorch/nvfuser/tests/cpp/test_matmul.cpp" line="2949" status="run" result="skipped" time="0." timestamp="2026-01-22T09:17:42.745" classname="MatmulTestWithLayout">
      <skipped message="/opt/pytorch/nvfuser/tests/cpp/test_matmul.cpp:2950&#x0A;Requires GPU capability &gt;= 8.0 and &lt; 9.0 to run.&#x0A;&#x0A;"><![CDATA[/opt/pytorch/nvfuser/tests/cpp/test_matmul.cpp:2950
Requires GPU capability >= 8.0 and < 9.0 to run.

]]></skipped>
    </testcase>
    <testcase name="MisalignedVectorization/NT" value_param="4-byte object &lt;00-00 00-00&gt;" file="/opt/pytorch/nvfuser/tests/cpp/test_matmul.cpp" line="3075" status="run" result="skipped" time="0." timestamp="2026-01-22T09:17:42.745" classname="MatmulTestWithLayout">
      <skipped message="/opt/pytorch/nvfuser/tests/cpp/test_matmul.cpp:3076&#x0A;Requires GPU capability &gt;= 8.0 and &lt; 9.0 to run.&#x0A;&#x0A;"><![CDATA[/opt/pytorch/nvfuser/tests/cpp/test_matmul.cpp:3076
Requires GPU capability >= 8.0 and < 9.0 to run.

]]></skipped>
    </testcase>
  </testsuite>
  <testsuite name="MLPBenchmarkTest" tests="11" failures="0" disabled="0" skipped="2" errors="0" time="5.037" timestamp="2026-01-22T09:17:42.745">
    <testcase name="FwdGEMM/dataparallel_warpspec" value_param="2-byte object &lt;01-00&gt;" file="/opt/pytorch/nvfuser/tests/cpp/test_matmul.cpp" line="3937" status="run" result="completed" time="0.355" timestamp="2026-01-22T09:17:42.745" classname="MLPBenchmarkTest" />
    <testcase name="FwdGEMM_BroadcastInputs/dataparallel_non_warpspec" value_param="2-byte object &lt;00-00&gt;" file="/opt/pytorch/nvfuser/tests/cpp/test_matmul.cpp" line="3989" status="run" result="completed" time="0.403" timestamp="2026-01-22T09:17:43.100" classname="MLPBenchmarkTest" />
    <testcase name="FwdGEMM_BroadcastInputs/persistent_warpspec" value_param="2-byte object &lt;01-01&gt;" file="/opt/pytorch/nvfuser/tests/cpp/test_matmul.cpp" line="3989" status="run" result="completed" time="0.389" timestamp="2026-01-22T09:17:43.504" classname="MLPBenchmarkTest" />
    <testcase name="FwdEpilogueBiasFusion/persistent_non_warpspec" value_param="2-byte object &lt;00-01&gt;" file="/opt/pytorch/nvfuser/tests/cpp/test_matmul.cpp" line="4042" status="run" result="completed" time="0.538" timestamp="2026-01-22T09:17:43.893" classname="MLPBenchmarkTest" />
    <testcase name="FwdEpilogueSiluFusion/dataparallel_warpspec" value_param="2-byte object &lt;01-00&gt;" file="/opt/pytorch/nvfuser/tests/cpp/test_matmul.cpp" line="4096" status="run" result="completed" time="0.925" timestamp="2026-01-22T09:17:44.431" classname="MLPBenchmarkTest" />
    <testcase name="FwdEpilogueFusion_BroadcastInputs/dataparallel_non_warpspec" value_param="2-byte object &lt;00-00&gt;" file="/opt/pytorch/nvfuser/tests/cpp/test_matmul.cpp" line="4166" status="run" result="skipped" time="0." timestamp="2026-01-22T09:17:45.357" classname="MLPBenchmarkTest">
      <skipped message="/opt/pytorch/nvfuser/tests/cpp/test_matmul.cpp:4167&#x0A;THIS TEST IS CURRENTLY FAILING&#x0A;&#x0A;"><![CDATA[/opt/pytorch/nvfuser/tests/cpp/test_matmul.cpp:4167
THIS TEST IS CURRENTLY FAILING

]]></skipped>
    </testcase>
    <testcase name="FwdEpilogueFusion_BroadcastInputs/persistent_warpspec" value_param="2-byte object &lt;01-01&gt;" file="/opt/pytorch/nvfuser/tests/cpp/test_matmul.cpp" line="4166" status="run" result="skipped" time="0." timestamp="2026-01-22T09:17:45.357" classname="MLPBenchmarkTest">
      <skipped message="/opt/pytorch/nvfuser/tests/cpp/test_matmul.cpp:4167&#x0A;THIS TEST IS CURRENTLY FAILING&#x0A;&#x0A;"><![CDATA[/opt/pytorch/nvfuser/tests/cpp/test_matmul.cpp:4167
THIS TEST IS CURRENTLY FAILING

]]></skipped>
    </testcase>
    <testcase name="FwdHorizontalFusion/persistent_non_warpspec" value_param="2-byte object &lt;00-01&gt;" file="/opt/pytorch/nvfuser/tests/cpp/test_matmul.cpp" line="4237" status="run" result="completed" time="0.814" timestamp="2026-01-22T09:17:45.357" classname="MLPBenchmarkTest" />
    <testcase name="FwdHorizontalFusion_BroadcastInputs/dataparallel_warpspec" value_param="2-byte object &lt;01-00&gt;" file="/opt/pytorch/nvfuser/tests/cpp/test_matmul.cpp" line="4329" status="run" result="completed" time="0.741" timestamp="2026-01-22T09:17:46.172" classname="MLPBenchmarkTest" />
    <testcase name="BatchGEMM/dataparallel_non_warpspec" value_param="2-byte object &lt;00-00&gt;" file="/opt/pytorch/nvfuser/tests/cpp/test_matmul.cpp" line="4420" status="run" result="completed" time="0.429" timestamp="2026-01-22T09:17:46.914" classname="MLPBenchmarkTest" />
    <testcase name="BatchGEMM/persistent_warpspec" value_param="2-byte object &lt;01-01&gt;" file="/opt/pytorch/nvfuser/tests/cpp/test_matmul.cpp" line="4420" status="run" result="completed" time="0.439" timestamp="2026-01-22T09:17:47.343" classname="MLPBenchmarkTest" />
  </testsuite>
  <testsuite name="MatmulNodeParameterizedTest" tests="14" failures="0" disabled="0" skipped="0" errors="0" time="0.067" timestamp="2026-01-22T09:17:47.783">
    <testcase name="MatmulNodeConcrete/0" value_param="({ 32 }, { 32 })" file="/opt/pytorch/nvfuser/tests/cpp/test_matmul_aten_evaluation.cpp" line="150" status="run" result="completed" time="0.001" timestamp="2026-01-22T09:17:47.783" classname="MatmulNodeParameterizedTest" />
    <testcase name="MatmulNodeConcrete/3" value_param="({ 32 }, { 128, 32, 16 })" file="/opt/pytorch/nvfuser/tests/cpp/test_matmul_aten_evaluation.cpp" line="150" status="run" result="completed" time="0.004" timestamp="2026-01-22T09:17:47.785" classname="MatmulNodeParameterizedTest" />
    <testcase name="MatmulNodeConcrete/6" value_param="({ 64, 32 }, { 32, 1 })" file="/opt/pytorch/nvfuser/tests/cpp/test_matmul_aten_evaluation.cpp" line="150" status="run" result="completed" time="0.001" timestamp="2026-01-22T09:17:47.789" classname="MatmulNodeParameterizedTest" />
    <testcase name="MatmulNodeConcrete/9" value_param="({ 1, 32 }, { 32, 16 })" file="/opt/pytorch/nvfuser/tests/cpp/test_matmul_aten_evaluation.cpp" line="150" status="run" result="completed" time="0.001" timestamp="2026-01-22T09:17:47.790" classname="MatmulNodeParameterizedTest" />
    <testcase name="MatmulNodeConcrete/12" value_param="({ 128, 64, 32 }, { 32 })" file="/opt/pytorch/nvfuser/tests/cpp/test_matmul_aten_evaluation.cpp" line="150" status="run" result="completed" time="0.008" timestamp="2026-01-22T09:17:47.792" classname="MatmulNodeParameterizedTest" />
    <testcase name="MatmulNodeConcrete/15" value_param="({ 128, 64, 32 }, { 128, 32, 16 })" file="/opt/pytorch/nvfuser/tests/cpp/test_matmul_aten_evaluation.cpp" line="150" status="run" result="completed" time="0.009" timestamp="2026-01-22T09:17:47.800" classname="MatmulNodeParameterizedTest" />
    <testcase name="MatmulNodeConcrete/18" value_param="({ 128, 1, 64, 32 }, { 32, 1 })" file="/opt/pytorch/nvfuser/tests/cpp/test_matmul_aten_evaluation.cpp" line="150" status="run" result="completed" time="0.007" timestamp="2026-01-22T09:17:47.810" classname="MatmulNodeParameterizedTest" />
    <testcase name="MatmulNodeSymbolic/1" value_param="({ 32 }, { 32, 16 })" file="/opt/pytorch/nvfuser/tests/cpp/test_matmul_aten_evaluation.cpp" line="176" status="run" result="completed" time="0.001" timestamp="2026-01-22T09:17:47.817" classname="MatmulNodeParameterizedTest" />
    <testcase name="MatmulNodeSymbolic/4" value_param="({ 64, 32 }, { 32 })" file="/opt/pytorch/nvfuser/tests/cpp/test_matmul_aten_evaluation.cpp" line="176" status="run" result="completed" time="0.001" timestamp="2026-01-22T09:17:47.818" classname="MatmulNodeParameterizedTest" />
    <testcase name="MatmulNodeSymbolic/7" value_param="({ 64, 32 }, { 128, 32, 16 })" file="/opt/pytorch/nvfuser/tests/cpp/test_matmul_aten_evaluation.cpp" line="176" status="run" result="completed" time="0.003" timestamp="2026-01-22T09:17:47.820" classname="MatmulNodeParameterizedTest" />
    <testcase name="MatmulNodeSymbolic/10" value_param="({ 1, 32 }, { 32, 1 })" file="/opt/pytorch/nvfuser/tests/cpp/test_matmul_aten_evaluation.cpp" line="176" status="run" result="completed" time="0.001" timestamp="2026-01-22T09:17:47.823" classname="MatmulNodeParameterizedTest" />
    <testcase name="MatmulNodeSymbolic/13" value_param="({ 128, 64, 32 }, { 32, 16 })" file="/opt/pytorch/nvfuser/tests/cpp/test_matmul_aten_evaluation.cpp" line="176" status="run" result="completed" time="0.008" timestamp="2026-01-22T09:17:47.824" classname="MatmulNodeParameterizedTest" />
    <testcase name="MatmulNodeSymbolic/16" value_param="({ 128, 1, 64, 32 }, { 32 })" file="/opt/pytorch/nvfuser/tests/cpp/test_matmul_aten_evaluation.cpp" line="176" status="run" result="completed" time="0.007" timestamp="2026-01-22T09:17:47.833" classname="MatmulNodeParameterizedTest" />
    <testcase name="MatmulNodeSymbolic/19" value_param="({ 128, 1, 64, 32 }, { 128, 32, 16 })" file="/opt/pytorch/nvfuser/tests/cpp/test_matmul_aten_evaluation.cpp" line="176" status="run" result="completed" time="0.01" timestamp="2026-01-22T09:17:47.840" classname="MatmulNodeParameterizedTest" />
  </testsuite>
  <testsuite name="ReductionAxisIsOne/MatmulNodeParameterizedTest" tests="13" failures="0" disabled="0" skipped="0" errors="0" time="1.776" timestamp="2026-01-22T09:17:47.850">
    <testcase name="MatmulNodeConcrete/2" value_param="({ 1 }, { 1, 1 })" file="/opt/pytorch/nvfuser/tests/cpp/test_matmul_aten_evaluation.cpp" line="150" status="run" result="completed" time="0.088" timestamp="2026-01-22T09:17:47.850" classname="ReductionAxisIsOne/MatmulNodeParameterizedTest" />
    <testcase name="MatmulNodeConcrete/5" value_param="({ 64, 1 }, { 1, 16 })" file="/opt/pytorch/nvfuser/tests/cpp/test_matmul_aten_evaluation.cpp" line="150" status="run" result="completed" time="0.143" timestamp="2026-01-22T09:17:47.939" classname="ReductionAxisIsOne/MatmulNodeParameterizedTest" />
    <testcase name="MatmulNodeConcrete/8" value_param="({ 1, 1 }, { 1 })" file="/opt/pytorch/nvfuser/tests/cpp/test_matmul_aten_evaluation.cpp" line="150" status="run" result="completed" time="0.08" timestamp="2026-01-22T09:17:48.082" classname="ReductionAxisIsOne/MatmulNodeParameterizedTest" />
    <testcase name="MatmulNodeConcrete/11" value_param="({ 1, 1 }, { 128, 1, 16 })" file="/opt/pytorch/nvfuser/tests/cpp/test_matmul_aten_evaluation.cpp" line="150" status="run" result="completed" time="0.145" timestamp="2026-01-22T09:17:48.163" classname="ReductionAxisIsOne/MatmulNodeParameterizedTest" />
    <testcase name="MatmulNodeConcrete/14" value_param="({ 128, 64, 1 }, { 1, 1 })" file="/opt/pytorch/nvfuser/tests/cpp/test_matmul_aten_evaluation.cpp" line="150" status="run" result="completed" time="0.145" timestamp="2026-01-22T09:17:48.308" classname="ReductionAxisIsOne/MatmulNodeParameterizedTest" />
    <testcase name="MatmulNodeConcrete/17" value_param="({ 128, 1, 64, 1 }, { 1, 16 })" file="/opt/pytorch/nvfuser/tests/cpp/test_matmul_aten_evaluation.cpp" line="150" status="run" result="completed" time="0.199" timestamp="2026-01-22T09:17:48.454" classname="ReductionAxisIsOne/MatmulNodeParameterizedTest" />
    <testcase name="MatmulNodeSymbolic/0" value_param="({ 1 }, { 1 })" file="/opt/pytorch/nvfuser/tests/cpp/test_matmul_aten_evaluation.cpp" line="176" status="run" result="completed" time="0.001" timestamp="2026-01-22T09:17:48.654" classname="ReductionAxisIsOne/MatmulNodeParameterizedTest" />
    <testcase name="MatmulNodeSymbolic/3" value_param="({ 1 }, { 128, 1, 16 })" file="/opt/pytorch/nvfuser/tests/cpp/test_matmul_aten_evaluation.cpp" line="176" status="run" result="completed" time="0.122" timestamp="2026-01-22T09:17:48.655" classname="ReductionAxisIsOne/MatmulNodeParameterizedTest" />
    <testcase name="MatmulNodeSymbolic/6" value_param="({ 64, 1 }, { 1, 1 })" file="/opt/pytorch/nvfuser/tests/cpp/test_matmul_aten_evaluation.cpp" line="176" status="run" result="completed" time="0.134" timestamp="2026-01-22T09:17:48.777" classname="ReductionAxisIsOne/MatmulNodeParameterizedTest" />
    <testcase name="MatmulNodeSymbolic/9" value_param="({ 1, 1 }, { 1, 16 })" file="/opt/pytorch/nvfuser/tests/cpp/test_matmul_aten_evaluation.cpp" line="176" status="run" result="completed" time="0.132" timestamp="2026-01-22T09:17:48.911" classname="ReductionAxisIsOne/MatmulNodeParameterizedTest" />
    <testcase name="MatmulNodeSymbolic/12" value_param="({ 128, 64, 1 }, { 1 })" file="/opt/pytorch/nvfuser/tests/cpp/test_matmul_aten_evaluation.cpp" line="176" status="run" result="completed" time="0.12" timestamp="2026-01-22T09:17:49.044" classname="ReductionAxisIsOne/MatmulNodeParameterizedTest" />
    <testcase name="MatmulNodeSymbolic/15" value_param="({ 128, 64, 1 }, { 128, 1, 16 })" file="/opt/pytorch/nvfuser/tests/cpp/test_matmul_aten_evaluation.cpp" line="176" status="run" result="completed" time="0.297" timestamp="2026-01-22T09:17:49.165" classname="ReductionAxisIsOne/MatmulNodeParameterizedTest" />
    <testcase name="MatmulNodeSymbolic/18" value_param="({ 128, 1, 64, 1 }, { 1, 1 })" file="/opt/pytorch/nvfuser/tests/cpp/test_matmul_aten_evaluation.cpp" line="176" status="run" result="completed" time="0.165" timestamp="2026-01-22T09:17:49.462" classname="ReductionAxisIsOne/MatmulNodeParameterizedTest" />
  </testsuite>
  <testsuite name="LinearWithoutBias/LinearNodeParametrizedTest" tests="7" failures="0" disabled="0" skipped="0" errors="0" time="0.018" timestamp="2026-01-22T09:17:49.627">
    <testcase name="LinearNodeConcrete/1" value_param="({ 32 }, { 1, 32 }, (nullopt))" file="/opt/pytorch/nvfuser/tests/cpp/test_matmul_aten_evaluation.cpp" line="202" status="run" result="completed" time="0.001" timestamp="2026-01-22T09:17:49.627" classname="LinearWithoutBias/LinearNodeParametrizedTest" />
    <testcase name="LinearNodeConcrete/4" value_param="({ 128, 64, 32 }, { 16, 32 }, (nullopt))" file="/opt/pytorch/nvfuser/tests/cpp/test_matmul_aten_evaluation.cpp" line="202" status="run" result="completed" time="0.008" timestamp="2026-01-22T09:17:49.629" classname="LinearWithoutBias/LinearNodeParametrizedTest" />
    <testcase name="LinearNodeConcrete/7" value_param="({ 1, 32 }, { 1, 32 }, (nullopt))" file="/opt/pytorch/nvfuser/tests/cpp/test_matmul_aten_evaluation.cpp" line="202" status="run" result="completed" time="0.001" timestamp="2026-01-22T09:17:49.637" classname="LinearWithoutBias/LinearNodeParametrizedTest" />
    <testcase name="LinearNodeSymbolic/0" value_param="({ 32 }, { 16, 32 }, (nullopt))" file="/opt/pytorch/nvfuser/tests/cpp/test_matmul_aten_evaluation.cpp" line="249" status="run" result="completed" time="0.002" timestamp="2026-01-22T09:17:49.639" classname="LinearWithoutBias/LinearNodeParametrizedTest" />
    <testcase name="LinearNodeSymbolic/3" value_param="({ 64, 32 }, { 1, 32 }, (nullopt))" file="/opt/pytorch/nvfuser/tests/cpp/test_matmul_aten_evaluation.cpp" line="249" status="run" result="completed" time="0.001" timestamp="2026-01-22T09:17:49.641" classname="LinearWithoutBias/LinearNodeParametrizedTest" />
    <testcase name="LinearNodeSymbolic/6" value_param="({ 1, 32 }, { 16, 32 }, (nullopt))" file="/opt/pytorch/nvfuser/tests/cpp/test_matmul_aten_evaluation.cpp" line="249" status="run" result="completed" time="0.001" timestamp="2026-01-22T09:17:49.643" classname="LinearWithoutBias/LinearNodeParametrizedTest" />
    <testcase name="LinearNodeSymbolic/9" value_param="({ 128, 1, 32 }, { 1, 32 }, (nullopt))" file="/opt/pytorch/nvfuser/tests/cpp/test_matmul_aten_evaluation.cpp" line="249" status="run" result="completed" time="0.001" timestamp="2026-01-22T09:17:49.644" classname="LinearWithoutBias/LinearNodeParametrizedTest" />
  </testsuite>
  <testsuite name="LinearWithBias/LinearNodeParametrizedTest" tests="3" failures="0" disabled="0" skipped="0" errors="0" time="0.012" timestamp="2026-01-22T09:17:49.646">
    <testcase name="LinearNodeConcrete/2" value_param="({ 128, 64, 32 }, { 16, 32 }, ({ 16 }))" file="/opt/pytorch/nvfuser/tests/cpp/test_matmul_aten_evaluation.cpp" line="202" status="run" result="completed" time="0.008" timestamp="2026-01-22T09:17:49.646" classname="LinearWithBias/LinearNodeParametrizedTest" />
    <testcase name="LinearNodeSymbolic/0" value_param="({ 32 }, { 16, 32 }, ({ 16 }))" file="/opt/pytorch/nvfuser/tests/cpp/test_matmul_aten_evaluation.cpp" line="249" status="run" result="completed" time="0.002" timestamp="2026-01-22T09:17:49.655" classname="LinearWithBias/LinearNodeParametrizedTest" />
    <testcase name="LinearNodeSymbolic/3" value_param="({ 1, 32 }, { 16, 32 }, ({ 16 }))" file="/opt/pytorch/nvfuser/tests/cpp/test_matmul_aten_evaluation.cpp" line="249" status="run" result="completed" time="0.001" timestamp="2026-01-22T09:17:49.657" classname="LinearWithBias/LinearNodeParametrizedTest" />
  </testsuite>
  <testsuite name="LinearReductionAxisIsOne/LinearNodeParametrizedTest" tests="3" failures="0" disabled="0" skipped="0" errors="0" time="0.004" timestamp="2026-01-22T09:17:49.659">
    <testcase name="LinearNodeConcrete/1" value_param="({ 64, 1 }, { 16, 1 }, ({ 16 }))" file="/opt/pytorch/nvfuser/tests/cpp/test_matmul_aten_evaluation.cpp" line="202" status="run" result="completed" time="0.001" timestamp="2026-01-22T09:17:49.659" classname="LinearReductionAxisIsOne/LinearNodeParametrizedTest" />
    <testcase name="LinearNodeConcrete/4" value_param="({ 128, 1, 1 }, { 16, 1 }, ({ 16 }))" file="/opt/pytorch/nvfuser/tests/cpp/test_matmul_aten_evaluation.cpp" line="202" status="run" result="completed" time="0.001" timestamp="2026-01-22T09:17:49.660" classname="LinearReductionAxisIsOne/LinearNodeParametrizedTest" />
    <testcase name="LinearNodeSymbolic/2" value_param="({ 128, 64, 1 }, { 16, 1 }, ({ 16 }))" file="/opt/pytorch/nvfuser/tests/cpp/test_matmul_aten_evaluation.cpp" line="249" status="run" result="completed" time="0.001" timestamp="2026-01-22T09:17:49.662" classname="LinearReductionAxisIsOne/LinearNodeParametrizedTest" />
  </testsuite>
  <testsuite name="MatmulSchedulerTest/PrecisionParametrizedTest" tests="12" failures="0" disabled="0" skipped="12" errors="0" time="0." timestamp="2026-01-22T09:17:49.663">
    <testcase name="EpilogueBias/HSS" value_param="(__half, float, float)" file="/opt/pytorch/nvfuser/tests/cpp/test_matmul_scheduler.cpp" line="135" status="run" result="skipped" time="0." timestamp="2026-01-22T09:17:49.663" classname="MatmulSchedulerTest/PrecisionParametrizedTest">
      <skipped message="/opt/pytorch/nvfuser/tests/cpp/test_matmul_scheduler.cpp:137&#x0A;Requires GPU capability &gt;= 7.5 and &lt; 9.0 to run.&#x0A;&#x0A;"><![CDATA[/opt/pytorch/nvfuser/tests/cpp/test_matmul_scheduler.cpp:137
Requires GPU capability >= 7.5 and < 9.0 to run.

]]></skipped>
    </testcase>
    <testcase name="EpilogueBias/TST" value_param="(__bfloat, float, __bfloat)" file="/opt/pytorch/nvfuser/tests/cpp/test_matmul_scheduler.cpp" line="135" status="run" result="skipped" time="0." timestamp="2026-01-22T09:17:49.663" classname="MatmulSchedulerTest/PrecisionParametrizedTest">
      <skipped message="/opt/pytorch/nvfuser/tests/cpp/test_matmul_scheduler.cpp:137&#x0A;Requires GPU capability &gt;= 7.5 and &lt; 9.0 to run.&#x0A;&#x0A;"><![CDATA[/opt/pytorch/nvfuser/tests/cpp/test_matmul_scheduler.cpp:137
Requires GPU capability >= 7.5 and < 9.0 to run.

]]></skipped>
    </testcase>
    <testcase name="EpilogueRelu/TSS" value_param="(__bfloat, float, float)" file="/opt/pytorch/nvfuser/tests/cpp/test_matmul_scheduler.cpp" line="237" status="run" result="skipped" time="0." timestamp="2026-01-22T09:17:49.663" classname="MatmulSchedulerTest/PrecisionParametrizedTest">
      <skipped message="/opt/pytorch/nvfuser/tests/cpp/test_matmul_scheduler.cpp:239&#x0A;Requires GPU capability &gt;= 7.5 and &lt; 9.0 to run.&#x0A;&#x0A;"><![CDATA[/opt/pytorch/nvfuser/tests/cpp/test_matmul_scheduler.cpp:239
Requires GPU capability >= 7.5 and < 9.0 to run.

]]></skipped>
    </testcase>
    <testcase name="EpilogueBiasRelu/HSH" value_param="(__half, float, __half)" file="/opt/pytorch/nvfuser/tests/cpp/test_matmul_scheduler.cpp" line="323" status="run" result="skipped" time="0." timestamp="2026-01-22T09:17:49.664" classname="MatmulSchedulerTest/PrecisionParametrizedTest">
      <skipped message="/opt/pytorch/nvfuser/tests/cpp/test_matmul_scheduler.cpp:326&#x0A;Requires GPU capability &gt;= 7.5 and &lt; 9.0 to run.&#x0A;&#x0A;"><![CDATA[/opt/pytorch/nvfuser/tests/cpp/test_matmul_scheduler.cpp:326
Requires GPU capability >= 7.5 and < 9.0 to run.

]]></skipped>
    </testcase>
    <testcase name="EpilogueReluAux/HSS" value_param="(__half, float, float)" file="/opt/pytorch/nvfuser/tests/cpp/test_matmul_scheduler.cpp" line="430" status="run" result="skipped" time="0." timestamp="2026-01-22T09:17:49.664" classname="MatmulSchedulerTest/PrecisionParametrizedTest">
      <skipped message="/opt/pytorch/nvfuser/tests/cpp/test_matmul_scheduler.cpp:432&#x0A;Requires GPU capability &gt;= 7.5 and &lt; 9.0 to run.&#x0A;&#x0A;"><![CDATA[/opt/pytorch/nvfuser/tests/cpp/test_matmul_scheduler.cpp:432
Requires GPU capability >= 7.5 and < 9.0 to run.

]]></skipped>
    </testcase>
    <testcase name="EpilogueReluAux/TST" value_param="(__bfloat, float, __bfloat)" file="/opt/pytorch/nvfuser/tests/cpp/test_matmul_scheduler.cpp" line="430" status="run" result="skipped" time="0." timestamp="2026-01-22T09:17:49.664" classname="MatmulSchedulerTest/PrecisionParametrizedTest">
      <skipped message="/opt/pytorch/nvfuser/tests/cpp/test_matmul_scheduler.cpp:432&#x0A;Requires GPU capability &gt;= 7.5 and &lt; 9.0 to run.&#x0A;&#x0A;"><![CDATA[/opt/pytorch/nvfuser/tests/cpp/test_matmul_scheduler.cpp:432
Requires GPU capability >= 7.5 and < 9.0 to run.

]]></skipped>
    </testcase>
    <testcase name="EpilogueBiasReluAux/TSS" value_param="(__bfloat, float, float)" file="/opt/pytorch/nvfuser/tests/cpp/test_matmul_scheduler.cpp" line="523" status="run" result="skipped" time="0." timestamp="2026-01-22T09:17:49.664" classname="MatmulSchedulerTest/PrecisionParametrizedTest">
      <skipped message="/opt/pytorch/nvfuser/tests/cpp/test_matmul_scheduler.cpp:526&#x0A;Requires GPU capability &gt;= 7.5 and &lt; 9.0 to run.&#x0A;&#x0A;"><![CDATA[/opt/pytorch/nvfuser/tests/cpp/test_matmul_scheduler.cpp:526
Requires GPU capability >= 7.5 and < 9.0 to run.

]]></skipped>
    </testcase>
    <testcase name="EpilogueGelu/HSH" value_param="(__half, float, __half)" file="/opt/pytorch/nvfuser/tests/cpp/test_matmul_scheduler.cpp" line="636" status="run" result="skipped" time="0." timestamp="2026-01-22T09:17:49.664" classname="MatmulSchedulerTest/PrecisionParametrizedTest">
      <skipped message="/opt/pytorch/nvfuser/tests/cpp/test_matmul_scheduler.cpp:638&#x0A;Requires GPU capability &gt;= 7.5 and &lt; 9.0 to run.&#x0A;&#x0A;"><![CDATA[/opt/pytorch/nvfuser/tests/cpp/test_matmul_scheduler.cpp:638
Requires GPU capability >= 7.5 and < 9.0 to run.

]]></skipped>
    </testcase>
    <testcase name="EpilogueGeluAux/HSS" value_param="(__half, float, float)" file="/opt/pytorch/nvfuser/tests/cpp/test_matmul_scheduler.cpp" line="722" status="run" result="skipped" time="0." timestamp="2026-01-22T09:17:49.664" classname="MatmulSchedulerTest/PrecisionParametrizedTest">
      <skipped message="/opt/pytorch/nvfuser/tests/cpp/test_matmul_scheduler.cpp:723&#x0A;Requires GPU capability &gt;= 7.5 and &lt; 9.0 to run.&#x0A;&#x0A;"><![CDATA[/opt/pytorch/nvfuser/tests/cpp/test_matmul_scheduler.cpp:723
Requires GPU capability >= 7.5 and < 9.0 to run.

]]></skipped>
    </testcase>
    <testcase name="EpilogueGeluAux/TST" value_param="(__bfloat, float, __bfloat)" file="/opt/pytorch/nvfuser/tests/cpp/test_matmul_scheduler.cpp" line="722" status="run" result="skipped" time="0." timestamp="2026-01-22T09:17:49.664" classname="MatmulSchedulerTest/PrecisionParametrizedTest">
      <skipped message="/opt/pytorch/nvfuser/tests/cpp/test_matmul_scheduler.cpp:723&#x0A;Requires GPU capability &gt;= 7.5 and &lt; 9.0 to run.&#x0A;&#x0A;"><![CDATA[/opt/pytorch/nvfuser/tests/cpp/test_matmul_scheduler.cpp:723
Requires GPU capability >= 7.5 and < 9.0 to run.

]]></skipped>
    </testcase>
    <testcase name="EpilogueBiasGelu/TSS" value_param="(__bfloat, float, float)" file="/opt/pytorch/nvfuser/tests/cpp/test_matmul_scheduler.cpp" line="814" status="run" result="skipped" time="0." timestamp="2026-01-22T09:17:49.664" classname="MatmulSchedulerTest/PrecisionParametrizedTest">
      <skipped message="/opt/pytorch/nvfuser/tests/cpp/test_matmul_scheduler.cpp:816&#x0A;Requires GPU capability &gt;= 7.5 and &lt; 9.0 to run.&#x0A;&#x0A;"><![CDATA[/opt/pytorch/nvfuser/tests/cpp/test_matmul_scheduler.cpp:816
Requires GPU capability >= 7.5 and < 9.0 to run.

]]></skipped>
    </testcase>
    <testcase name="EpilogueBiasGeluAux/HSH" value_param="(__half, float, __half)" file="/opt/pytorch/nvfuser/tests/cpp/test_matmul_scheduler.cpp" line="919" status="run" result="skipped" time="0." timestamp="2026-01-22T09:17:49.664" classname="MatmulSchedulerTest/PrecisionParametrizedTest">
      <skipped message="/opt/pytorch/nvfuser/tests/cpp/test_matmul_scheduler.cpp:922&#x0A;Requires GPU capability &gt;= 7.5 and &lt; 9.0 to run.&#x0A;&#x0A;"><![CDATA[/opt/pytorch/nvfuser/tests/cpp/test_matmul_scheduler.cpp:922
Requires GPU capability >= 7.5 and < 9.0 to run.

]]></skipped>
    </testcase>
  </testsuite>
  <testsuite name="MatmulSchedulerTestWithLayout" tests="11" failures="0" disabled="0" skipped="11" errors="0" time="0." timestamp="2026-01-22T09:17:49.664">
    <testcase name="BasicMatmulRelaxedCheck/TT" value_param="4-byte object &lt;01-00 00-00&gt;" file="/opt/pytorch/nvfuser/tests/cpp/test_matmul_scheduler.cpp" line="1127" status="run" result="skipped" time="0." timestamp="2026-01-22T09:17:49.664" classname="MatmulSchedulerTestWithLayout">
      <skipped message="/opt/pytorch/nvfuser/tests/cpp/test_matmul_scheduler.cpp:1130&#x0A;Requires GPU capability &gt;= 7.5 and &lt; 9.0 to run.&#x0A;&#x0A;"><![CDATA[/opt/pytorch/nvfuser/tests/cpp/test_matmul_scheduler.cpp:1130
Requires GPU capability >= 7.5 and < 9.0 to run.

]]></skipped>
    </testcase>
    <testcase name="BasicMatmulRelaxedCheck/NN" value_param="4-byte object &lt;03-00 00-00&gt;" file="/opt/pytorch/nvfuser/tests/cpp/test_matmul_scheduler.cpp" line="1127" status="run" result="skipped" time="0." timestamp="2026-01-22T09:17:49.664" classname="MatmulSchedulerTestWithLayout">
      <skipped message="/opt/pytorch/nvfuser/tests/cpp/test_matmul_scheduler.cpp:1130&#x0A;Requires GPU capability &gt;= 7.5 and &lt; 9.0 to run.&#x0A;&#x0A;"><![CDATA[/opt/pytorch/nvfuser/tests/cpp/test_matmul_scheduler.cpp:1130
Requires GPU capability >= 7.5 and < 9.0 to run.

]]></skipped>
    </testcase>
    <testcase name="StridedBatch/NT" value_param="4-byte object &lt;00-00 00-00&gt;" file="/opt/pytorch/nvfuser/tests/cpp/test_matmul_scheduler.cpp" line="1708" status="run" result="skipped" time="0." timestamp="2026-01-22T09:17:49.664" classname="MatmulSchedulerTestWithLayout">
      <skipped message="/opt/pytorch/nvfuser/tests/cpp/test_matmul_scheduler.cpp:1710&#x0A;Requires GPU capability &gt;= 7.5 and &lt; 9.0 to run.&#x0A;&#x0A;"><![CDATA[/opt/pytorch/nvfuser/tests/cpp/test_matmul_scheduler.cpp:1710
Requires GPU capability >= 7.5 and < 9.0 to run.

]]></skipped>
    </testcase>
    <testcase name="StridedBatchEpilogueAlphaBeta/TN" value_param="4-byte object &lt;02-00 00-00&gt;" file="/opt/pytorch/nvfuser/tests/cpp/test_matmul_scheduler.cpp" line="1762" status="run" result="skipped" time="0." timestamp="2026-01-22T09:17:49.664" classname="MatmulSchedulerTestWithLayout">
      <skipped message="/opt/pytorch/nvfuser/tests/cpp/test_matmul_scheduler.cpp:1764&#x0A;Requires GPU capability &gt;= 7.5 and &lt; 9.0 to run.&#x0A;&#x0A;"><![CDATA[/opt/pytorch/nvfuser/tests/cpp/test_matmul_scheduler.cpp:1764
Requires GPU capability >= 7.5 and < 9.0 to run.

]]></skipped>
    </testcase>
    <testcase name="StridedBatchEpilogueAlphaSingleBeta/TT" value_param="4-byte object &lt;01-00 00-00&gt;" file="/opt/pytorch/nvfuser/tests/cpp/test_matmul_scheduler.cpp" line="1838" status="run" result="skipped" time="0." timestamp="2026-01-22T09:17:49.664" classname="MatmulSchedulerTestWithLayout">
      <skipped message="/opt/pytorch/nvfuser/tests/cpp/test_matmul_scheduler.cpp:1840&#x0A;Requires GPU capability &gt;= 7.5 and &lt; 9.0 to run.&#x0A;&#x0A;"><![CDATA[/opt/pytorch/nvfuser/tests/cpp/test_matmul_scheduler.cpp:1840
Requires GPU capability >= 7.5 and < 9.0 to run.

]]></skipped>
    </testcase>
    <testcase name="StridedBatchEpilogueAlphaSingleBeta/NN" value_param="4-byte object &lt;03-00 00-00&gt;" file="/opt/pytorch/nvfuser/tests/cpp/test_matmul_scheduler.cpp" line="1838" status="run" result="skipped" time="0." timestamp="2026-01-22T09:17:49.664" classname="MatmulSchedulerTestWithLayout">
      <skipped message="/opt/pytorch/nvfuser/tests/cpp/test_matmul_scheduler.cpp:1840&#x0A;Requires GPU capability &gt;= 7.5 and &lt; 9.0 to run.&#x0A;&#x0A;"><![CDATA[/opt/pytorch/nvfuser/tests/cpp/test_matmul_scheduler.cpp:1840
Requires GPU capability >= 7.5 and < 9.0 to run.

]]></skipped>
    </testcase>
    <testcase name="StridedBatchEpilogueBias/NT" value_param="4-byte object &lt;00-00 00-00&gt;" file="/opt/pytorch/nvfuser/tests/cpp/test_matmul_scheduler.cpp" line="1918" status="run" result="skipped" time="0." timestamp="2026-01-22T09:17:49.664" classname="MatmulSchedulerTestWithLayout">
      <skipped message="/opt/pytorch/nvfuser/tests/cpp/test_matmul_scheduler.cpp:1920&#x0A;Requires GPU capability &gt;= 7.5 and &lt; 9.0 to run.&#x0A;&#x0A;"><![CDATA[/opt/pytorch/nvfuser/tests/cpp/test_matmul_scheduler.cpp:1920
Requires GPU capability >= 7.5 and < 9.0 to run.

]]></skipped>
    </testcase>
    <testcase name="StridedBatchEpilogueSingleBias/TN" value_param="4-byte object &lt;02-00 00-00&gt;" file="/opt/pytorch/nvfuser/tests/cpp/test_matmul_scheduler.cpp" line="1980" status="run" result="skipped" time="0." timestamp="2026-01-22T09:17:49.664" classname="MatmulSchedulerTestWithLayout">
      <skipped message="/opt/pytorch/nvfuser/tests/cpp/test_matmul_scheduler.cpp:1982&#x0A;Requires GPU capability &gt;= 7.5 and &lt; 9.0 to run.&#x0A;&#x0A;"><![CDATA[/opt/pytorch/nvfuser/tests/cpp/test_matmul_scheduler.cpp:1982
Requires GPU capability >= 7.5 and < 9.0 to run.

]]></skipped>
    </testcase>
    <testcase name="MisalignedVectorization/TT" value_param="4-byte object &lt;01-00 00-00&gt;" file="/opt/pytorch/nvfuser/tests/cpp/test_matmul_scheduler.cpp" line="2042" status="run" result="skipped" time="0." timestamp="2026-01-22T09:17:49.664" classname="MatmulSchedulerTestWithLayout">
      <skipped message="/opt/pytorch/nvfuser/tests/cpp/test_matmul_scheduler.cpp:2043&#x0A;Requires GPU capability &gt;= 7.5 and &lt; 9.0 to run.&#x0A;&#x0A;"><![CDATA[/opt/pytorch/nvfuser/tests/cpp/test_matmul_scheduler.cpp:2043
Requires GPU capability >= 7.5 and < 9.0 to run.

]]></skipped>
    </testcase>
    <testcase name="MisalignedVectorization/NN" value_param="4-byte object &lt;03-00 00-00&gt;" file="/opt/pytorch/nvfuser/tests/cpp/test_matmul_scheduler.cpp" line="2042" status="run" result="skipped" time="0." timestamp="2026-01-22T09:17:49.664" classname="MatmulSchedulerTestWithLayout">
      <skipped message="/opt/pytorch/nvfuser/tests/cpp/test_matmul_scheduler.cpp:2043&#x0A;Requires GPU capability &gt;= 7.5 and &lt; 9.0 to run.&#x0A;&#x0A;"><![CDATA[/opt/pytorch/nvfuser/tests/cpp/test_matmul_scheduler.cpp:2043
Requires GPU capability >= 7.5 and < 9.0 to run.

]]></skipped>
    </testcase>
    <testcase name="StridedInputs/NT" value_param="4-byte object &lt;00-00 00-00&gt;" file="/opt/pytorch/nvfuser/tests/cpp/test_matmul_scheduler.cpp" line="2196" status="run" result="skipped" time="0." timestamp="2026-01-22T09:17:49.664" classname="MatmulSchedulerTestWithLayout">
      <skipped message="/opt/pytorch/nvfuser/tests/cpp/test_matmul_scheduler.cpp:2197&#x0A;Requires GPU capability &gt;= 7.5 and &lt; 9.0 to run.&#x0A;&#x0A;"><![CDATA[/opt/pytorch/nvfuser/tests/cpp/test_matmul_scheduler.cpp:2197
Requires GPU capability >= 7.5 and < 9.0 to run.

]]></skipped>
    </testcase>
  </testsuite>
  <testsuite name="MatmulFusionTest" tests="1" failures="0" disabled="0" skipped="1" errors="0" time="0." timestamp="2026-01-22T09:17:49.664">
    <testcase name="Llama2FFN/fuse_single" value_param="(true, false)" file="/opt/pytorch/nvfuser/tests/cpp/test_matmul_scheduler.cpp" line="2812" status="run" result="skipped" time="0." timestamp="2026-01-22T09:17:49.664" classname="MatmulFusionTest">
      <skipped message="/opt/pytorch/nvfuser/tests/cpp/test_matmul_scheduler.cpp:2813&#x0A;Requires GPU capability &gt;= 7.5 and &lt; 9.0 to run.&#x0A;&#x0A;"><![CDATA[/opt/pytorch/nvfuser/tests/cpp/test_matmul_scheduler.cpp:2813
Requires GPU capability >= 7.5 and < 9.0 to run.

]]></skipped>
    </testcase>
  </testsuite>
  <testsuite name="MatmulSchedulerTest/AllocationDomainTest" tests="9" failures="0" disabled="0" skipped="8" errors="0" time="0.271" timestamp="2026-01-22T09:17:49.664">
    <testcase name="BasicMatmul/1" value_param="(false, true)" file="/opt/pytorch/nvfuser/tests/cpp/test_matmul_scheduler.cpp" line="2979" status="run" result="completed" time="0.271" timestamp="2026-01-22T09:17:49.664" classname="MatmulSchedulerTest/AllocationDomainTest" />
    <testcase name="BasicMatmulNoTranspose/0" value_param="(false, false)" file="/opt/pytorch/nvfuser/tests/cpp/test_matmul_scheduler.cpp" line="3013" status="run" result="skipped" time="0." timestamp="2026-01-22T09:17:49.935" classname="MatmulSchedulerTest/AllocationDomainTest">
      <skipped message="/opt/pytorch/nvfuser/tests/cpp/test_matmul_scheduler.cpp:3014&#x0A;Requires GPU capability &gt;= 7.5 and &lt; 9.0 to run.&#x0A;&#x0A;"><![CDATA[/opt/pytorch/nvfuser/tests/cpp/test_matmul_scheduler.cpp:3014
Requires GPU capability >= 7.5 and < 9.0 to run.

]]></skipped>
    </testcase>
    <testcase name="BasicMatmulNoTranspose/3" value_param="(true, true)" file="/opt/pytorch/nvfuser/tests/cpp/test_matmul_scheduler.cpp" line="3013" status="run" result="skipped" time="0." timestamp="2026-01-22T09:17:49.935" classname="MatmulSchedulerTest/AllocationDomainTest">
      <skipped message="/opt/pytorch/nvfuser/tests/cpp/test_matmul_scheduler.cpp:3014&#x0A;Requires GPU capability &gt;= 7.5 and &lt; 9.0 to run.&#x0A;&#x0A;"><![CDATA[/opt/pytorch/nvfuser/tests/cpp/test_matmul_scheduler.cpp:3014
Requires GPU capability >= 7.5 and < 9.0 to run.

]]></skipped>
    </testcase>
    <testcase name="BasicMatmulWithPrologueSet/2" value_param="(true, false)" file="/opt/pytorch/nvfuser/tests/cpp/test_matmul_scheduler.cpp" line="3045" status="run" result="skipped" time="0." timestamp="2026-01-22T09:17:49.935" classname="MatmulSchedulerTest/AllocationDomainTest">
      <skipped message="/opt/pytorch/nvfuser/tests/cpp/test_matmul_scheduler.cpp:3046&#x0A;Requires GPU capability &gt;= 7.5 and &lt; 9.0 to run.&#x0A;&#x0A;"><![CDATA[/opt/pytorch/nvfuser/tests/cpp/test_matmul_scheduler.cpp:3046
Requires GPU capability >= 7.5 and < 9.0 to run.

]]></skipped>
    </testcase>
    <testcase name="BasicMatmulWithPrologueSetCastSin/1" value_param="(false, true)" file="/opt/pytorch/nvfuser/tests/cpp/test_matmul_scheduler.cpp" line="3081" status="run" result="skipped" time="0." timestamp="2026-01-22T09:17:49.935" classname="MatmulSchedulerTest/AllocationDomainTest">
      <skipped message="/opt/pytorch/nvfuser/tests/cpp/test_matmul_scheduler.cpp:3082&#x0A;Requires GPU capability &gt;= 7.5 and &lt; 9.0 to run.&#x0A;&#x0A;"><![CDATA[/opt/pytorch/nvfuser/tests/cpp/test_matmul_scheduler.cpp:3082
Requires GPU capability >= 7.5 and < 9.0 to run.

]]></skipped>
    </testcase>
    <testcase name="BasicMatmulWithPrologueSetCastSinNoTranspose/0" value_param="(false, false)" file="/opt/pytorch/nvfuser/tests/cpp/test_matmul_scheduler.cpp" line="3120" status="run" result="skipped" time="0." timestamp="2026-01-22T09:17:49.935" classname="MatmulSchedulerTest/AllocationDomainTest">
      <skipped message="/opt/pytorch/nvfuser/tests/cpp/test_matmul_scheduler.cpp:3121&#x0A;Requires GPU capability &gt;= 7.5 and &lt; 9.0 to run.&#x0A;&#x0A;"><![CDATA[/opt/pytorch/nvfuser/tests/cpp/test_matmul_scheduler.cpp:3121
Requires GPU capability >= 7.5 and < 9.0 to run.

]]></skipped>
    </testcase>
    <testcase name="BasicMatmulWithPrologueSetCastSinNoTranspose/3" value_param="(true, true)" file="/opt/pytorch/nvfuser/tests/cpp/test_matmul_scheduler.cpp" line="3120" status="run" result="skipped" time="0." timestamp="2026-01-22T09:17:49.935" classname="MatmulSchedulerTest/AllocationDomainTest">
      <skipped message="/opt/pytorch/nvfuser/tests/cpp/test_matmul_scheduler.cpp:3121&#x0A;Requires GPU capability &gt;= 7.5 and &lt; 9.0 to run.&#x0A;&#x0A;"><![CDATA[/opt/pytorch/nvfuser/tests/cpp/test_matmul_scheduler.cpp:3121
Requires GPU capability >= 7.5 and < 9.0 to run.

]]></skipped>
    </testcase>
    <testcase name="BasicMatmulWithPrologueSetCastSinSetNoTranspose/2" value_param="(true, false)" file="/opt/pytorch/nvfuser/tests/cpp/test_matmul_scheduler.cpp" line="3156" status="run" result="skipped" time="0." timestamp="2026-01-22T09:17:49.935" classname="MatmulSchedulerTest/AllocationDomainTest">
      <skipped message="/opt/pytorch/nvfuser/tests/cpp/test_matmul_scheduler.cpp:3157&#x0A;Requires GPU capability &gt;= 7.5 and &lt; 9.0 to run.&#x0A;&#x0A;"><![CDATA[/opt/pytorch/nvfuser/tests/cpp/test_matmul_scheduler.cpp:3157
Requires GPU capability >= 7.5 and < 9.0 to run.

]]></skipped>
    </testcase>
    <testcase name="MatmulWithPrologueSetCastSinTranspose/1" value_param="(false, true)" file="/opt/pytorch/nvfuser/tests/cpp/test_matmul_scheduler.cpp" line="3193" status="run" result="skipped" time="0." timestamp="2026-01-22T09:17:49.935" classname="MatmulSchedulerTest/AllocationDomainTest">
      <skipped message="/opt/pytorch/nvfuser/tests/cpp/test_matmul_scheduler.cpp:3194&#x0A;Requires GPU capability &gt;= 7.5 and &lt; 9.0 to run.&#x0A;&#x0A;"><![CDATA[/opt/pytorch/nvfuser/tests/cpp/test_matmul_scheduler.cpp:3194
Requires GPU capability >= 7.5 and < 9.0 to run.

]]></skipped>
    </testcase>
  </testsuite>
  <testsuite name="General/HopperPlusMatmulSchedulerTest" tests="22" failures="0" disabled="0" skipped="11" errors="0" time="3.672" timestamp="2026-01-22T09:17:49.935">
    <testcase name="FusedMultiplySum/MN_512_256_128_MmaMacro_m64_n128_k16" value_param="(false, false, false, 512, 256, 128, 8-byte object &lt;10-00 80-00 40-00 04-00&gt;, 1)" file="/opt/pytorch/nvfuser/tests/cpp/test_matmul_scheduler.cpp" line="3429" status="run" result="completed" time="0.231" timestamp="2026-01-22T09:17:49.935" classname="General/HopperPlusMatmulSchedulerTest" />
    <testcase name="FusedMultiplySum/MN_512_256_128_MmaMacro_m128_n128_k16_splitk_2" value_param="(false, false, false, 512, 256, 128, 8-byte object &lt;10-00 80-00 80-00 05-00&gt;, 2)" file="/opt/pytorch/nvfuser/tests/cpp/test_matmul_scheduler.cpp" line="3429" status="run" result="skipped" time="0." timestamp="2026-01-22T09:17:50.167" classname="General/HopperPlusMatmulSchedulerTest">
      <skipped message="/opt/pytorch/nvfuser/tests/cpp/test_matmul_scheduler.cpp:3349&#x0A;Requires GPU capability &gt;= 10.0 and &lt; 11.0 to run.&#x0A;&#x0A;"><![CDATA[/opt/pytorch/nvfuser/tests/cpp/test_matmul_scheduler.cpp:3349
Requires GPU capability >= 10.0 and < 11.0 to run.

]]></skipped>
    </testcase>
    <testcase name="FusedMultiplySum/MK_512_256_128_MmaMacro_m128_n128_k16" value_param="(false, false, true, 512, 256, 128, 8-byte object &lt;10-00 80-00 80-00 05-00&gt;, 1)" file="/opt/pytorch/nvfuser/tests/cpp/test_matmul_scheduler.cpp" line="3429" status="run" result="skipped" time="0." timestamp="2026-01-22T09:17:50.167" classname="General/HopperPlusMatmulSchedulerTest">
      <skipped message="/opt/pytorch/nvfuser/tests/cpp/test_matmul_scheduler.cpp:3349&#x0A;Requires GPU capability &gt;= 10.0 and &lt; 11.0 to run.&#x0A;&#x0A;"><![CDATA[/opt/pytorch/nvfuser/tests/cpp/test_matmul_scheduler.cpp:3349
Requires GPU capability >= 10.0 and < 11.0 to run.

]]></skipped>
    </testcase>
    <testcase name="FusedMultiplySum/KN_512_256_128_MmaMacro_m64_n128_k16_splitk_2" value_param="(false, true, false, 512, 256, 128, 8-byte object &lt;10-00 80-00 40-00 04-00&gt;, 2)" file="/opt/pytorch/nvfuser/tests/cpp/test_matmul_scheduler.cpp" line="3429" status="run" result="completed" time="0.339" timestamp="2026-01-22T09:17:50.167" classname="General/HopperPlusMatmulSchedulerTest" />
    <testcase name="FusedMultiplySum/KK_512_256_128_MmaMacro_m64_n128_k16" value_param="(false, true, true, 512, 256, 128, 8-byte object &lt;10-00 80-00 40-00 04-00&gt;, 1)" file="/opt/pytorch/nvfuser/tests/cpp/test_matmul_scheduler.cpp" line="3429" status="run" result="completed" time="0.225" timestamp="2026-01-22T09:17:50.506" classname="General/HopperPlusMatmulSchedulerTest" />
    <testcase name="FusedMultiplySum/KK_512_256_128_MmaMacro_m128_n128_k16_splitk_2" value_param="(false, true, true, 512, 256, 128, 8-byte object &lt;10-00 80-00 80-00 05-00&gt;, 2)" file="/opt/pytorch/nvfuser/tests/cpp/test_matmul_scheduler.cpp" line="3429" status="run" result="skipped" time="0." timestamp="2026-01-22T09:17:50.732" classname="General/HopperPlusMatmulSchedulerTest">
      <skipped message="/opt/pytorch/nvfuser/tests/cpp/test_matmul_scheduler.cpp:3349&#x0A;Requires GPU capability &gt;= 10.0 and &lt; 11.0 to run.&#x0A;&#x0A;"><![CDATA[/opt/pytorch/nvfuser/tests/cpp/test_matmul_scheduler.cpp:3349
Requires GPU capability >= 10.0 and < 11.0 to run.

]]></skipped>
    </testcase>
    <testcase name="FusedMultiplySum/MN_512_256_128_MmaMacro_m128_n128_k16_tma_store" value_param="(true, false, false, 512, 256, 128, 8-byte object &lt;10-00 80-00 80-00 05-00&gt;, 1)" file="/opt/pytorch/nvfuser/tests/cpp/test_matmul_scheduler.cpp" line="3429" status="run" result="skipped" time="0." timestamp="2026-01-22T09:17:50.732" classname="General/HopperPlusMatmulSchedulerTest">
      <skipped message="/opt/pytorch/nvfuser/tests/cpp/test_matmul_scheduler.cpp:3349&#x0A;Requires GPU capability &gt;= 10.0 and &lt; 11.0 to run.&#x0A;&#x0A;"><![CDATA[/opt/pytorch/nvfuser/tests/cpp/test_matmul_scheduler.cpp:3349
Requires GPU capability >= 10.0 and < 11.0 to run.

]]></skipped>
    </testcase>
    <testcase name="FusedMultiplySum/MK_512_256_128_MmaMacro_m64_n128_k16_tma_store_splitk_2" value_param="(true, false, true, 512, 256, 128, 8-byte object &lt;10-00 80-00 40-00 04-00&gt;, 2)" file="/opt/pytorch/nvfuser/tests/cpp/test_matmul_scheduler.cpp" line="3429" status="run" result="completed" time="0.36" timestamp="2026-01-22T09:17:50.732" classname="General/HopperPlusMatmulSchedulerTest" />
    <testcase name="FusedMultiplySum/KN_512_256_128_MmaMacro_m64_n128_k16_tma_store" value_param="(true, true, false, 512, 256, 128, 8-byte object &lt;10-00 80-00 40-00 04-00&gt;, 1)" file="/opt/pytorch/nvfuser/tests/cpp/test_matmul_scheduler.cpp" line="3429" status="run" result="completed" time="0.236" timestamp="2026-01-22T09:17:51.092" classname="General/HopperPlusMatmulSchedulerTest" />
    <testcase name="FusedMultiplySum/KN_512_256_128_MmaMacro_m128_n128_k16_tma_store_splitk_2" value_param="(true, true, false, 512, 256, 128, 8-byte object &lt;10-00 80-00 80-00 05-00&gt;, 2)" file="/opt/pytorch/nvfuser/tests/cpp/test_matmul_scheduler.cpp" line="3429" status="run" result="skipped" time="0." timestamp="2026-01-22T09:17:51.328" classname="General/HopperPlusMatmulSchedulerTest">
      <skipped message="/opt/pytorch/nvfuser/tests/cpp/test_matmul_scheduler.cpp:3349&#x0A;Requires GPU capability &gt;= 10.0 and &lt; 11.0 to run.&#x0A;&#x0A;"><![CDATA[/opt/pytorch/nvfuser/tests/cpp/test_matmul_scheduler.cpp:3349
Requires GPU capability >= 10.0 and < 11.0 to run.

]]></skipped>
    </testcase>
    <testcase name="FusedMultiplySum/KK_512_256_128_MmaMacro_m128_n128_k16_tma_store" value_param="(true, true, true, 512, 256, 128, 8-byte object &lt;10-00 80-00 80-00 05-00&gt;, 1)" file="/opt/pytorch/nvfuser/tests/cpp/test_matmul_scheduler.cpp" line="3429" status="run" result="skipped" time="0." timestamp="2026-01-22T09:17:51.328" classname="General/HopperPlusMatmulSchedulerTest">
      <skipped message="/opt/pytorch/nvfuser/tests/cpp/test_matmul_scheduler.cpp:3349&#x0A;Requires GPU capability &gt;= 10.0 and &lt; 11.0 to run.&#x0A;&#x0A;"><![CDATA[/opt/pytorch/nvfuser/tests/cpp/test_matmul_scheduler.cpp:3349
Requires GPU capability >= 10.0 and < 11.0 to run.

]]></skipped>
    </testcase>
    <testcase name="FusedMultiplySumBiasNeg/MN_512_256_128_MmaMacro_m64_n128_k16_splitk_2" value_param="(false, false, false, 512, 256, 128, 8-byte object &lt;10-00 80-00 40-00 04-00&gt;, 2)" file="/opt/pytorch/nvfuser/tests/cpp/test_matmul_scheduler.cpp" line="3487" status="run" result="completed" time="0.426" timestamp="2026-01-22T09:17:51.328" classname="General/HopperPlusMatmulSchedulerTest" />
    <testcase name="FusedMultiplySumBiasNeg/MK_512_256_128_MmaMacro_m64_n128_k16" value_param="(false, false, true, 512, 256, 128, 8-byte object &lt;10-00 80-00 40-00 04-00&gt;, 1)" file="/opt/pytorch/nvfuser/tests/cpp/test_matmul_scheduler.cpp" line="3487" status="run" result="completed" time="0.305" timestamp="2026-01-22T09:17:51.755" classname="General/HopperPlusMatmulSchedulerTest" />
    <testcase name="FusedMultiplySumBiasNeg/MK_512_256_128_MmaMacro_m128_n128_k16_splitk_2" value_param="(false, false, true, 512, 256, 128, 8-byte object &lt;10-00 80-00 80-00 05-00&gt;, 2)" file="/opt/pytorch/nvfuser/tests/cpp/test_matmul_scheduler.cpp" line="3487" status="run" result="skipped" time="0." timestamp="2026-01-22T09:17:52.060" classname="General/HopperPlusMatmulSchedulerTest">
      <skipped message="/opt/pytorch/nvfuser/tests/cpp/test_matmul_scheduler.cpp:3349&#x0A;Requires GPU capability &gt;= 10.0 and &lt; 11.0 to run.&#x0A;&#x0A;"><![CDATA[/opt/pytorch/nvfuser/tests/cpp/test_matmul_scheduler.cpp:3349
Requires GPU capability >= 10.0 and < 11.0 to run.

]]></skipped>
    </testcase>
    <testcase name="FusedMultiplySumBiasNeg/KN_512_256_128_MmaMacro_m128_n128_k16" value_param="(false, true, false, 512, 256, 128, 8-byte object &lt;10-00 80-00 80-00 05-00&gt;, 1)" file="/opt/pytorch/nvfuser/tests/cpp/test_matmul_scheduler.cpp" line="3487" status="run" result="skipped" time="0." timestamp="2026-01-22T09:17:52.060" classname="General/HopperPlusMatmulSchedulerTest">
      <skipped message="/opt/pytorch/nvfuser/tests/cpp/test_matmul_scheduler.cpp:3349&#x0A;Requires GPU capability &gt;= 10.0 and &lt; 11.0 to run.&#x0A;&#x0A;"><![CDATA[/opt/pytorch/nvfuser/tests/cpp/test_matmul_scheduler.cpp:3349
Requires GPU capability >= 10.0 and < 11.0 to run.

]]></skipped>
    </testcase>
[...]
      <skipped message="/opt/pytorch/nvfuser/tests/cpp/utils.h:474&#x0A;skipping tests on non-Blackwell GPUs (requires sm_100/sm_104, not sm_110+)&#x0A;"><![CDATA[/opt/pytorch/nvfuser/tests/cpp/utils.h:474
skipping tests on non-Blackwell GPUs (requires sm_100/sm_104, not sm_110+)
]]></skipped>
    </testcase>
    <testcase name="MultipleTile/Blackwell1CTA_128_176_16_NN_128B_NoSwizzle__bfloat" value_param="(8-byte object &lt;10-00 B0-00 80-00 05-00&gt;, __bfloat, 4-byte object &lt;03-00 00-00&gt;, 128B, NoSwizzle)" file="/opt/pytorch/nvfuser/tests/cpp/test_mma.cpp" line="1303" status="run" result="skipped" time="0." timestamp="2026-01-22T09:20:19.999" classname="MmaTest/Blackwell1CTAM128SS">
      <skipped message="/opt/pytorch/nvfuser/tests/cpp/utils.h:474&#x0A;skipping tests on non-Blackwell GPUs (requires sm_100/sm_104, not sm_110+)&#x0A;"><![CDATA[/opt/pytorch/nvfuser/tests/cpp/utils.h:474
skipping tests on non-Blackwell GPUs (requires sm_100/sm_104, not sm_110+)
]]></skipped>
    </testcase>
    <testcase name="MultipleTile/Blackwell1CTA_128_192_16_TT_NoSwizzle_NoSwizzle__half" value_param="(8-byte object &lt;10-00 C0-00 80-00 05-00&gt;, __half, 4-byte object &lt;01-00 00-00&gt;, NoSwizzle, NoSwizzle)" file="/opt/pytorch/nvfuser/tests/cpp/test_mma.cpp" line="1303" status="run" result="skipped" time="0." timestamp="2026-01-22T09:20:19.999" classname="MmaTest/Blackwell1CTAM128SS">
      <skipped message="/opt/pytorch/nvfuser/tests/cpp/utils.h:474&#x0A;skipping tests on non-Blackwell GPUs (requires sm_100/sm_104, not sm_110+)&#x0A;"><![CDATA[/opt/pytorch/nvfuser/tests/cpp/utils.h:474
skipping tests on non-Blackwell GPUs (requires sm_100/sm_104, not sm_110+)
]]></skipped>
    </testcase>
    <testcase name="MultipleTile/Blackwell1CTA_128_192_16_TN_NoSwizzle_128B__half" value_param="(8-byte object &lt;10-00 C0-00 80-00 05-00&gt;, __half, 4-byte object &lt;02-00 00-00&gt;, NoSwizzle, 128B)" file="/opt/pytorch/nvfuser/tests/cpp/test_mma.cpp" line="1303" status="run" result="skipped" time="0." timestamp="2026-01-22T09:20:19.999" classname="MmaTest/Blackwell1CTAM128SS">
      <skipped message="/opt/pytorch/nvfuser/tests/cpp/utils.h:474&#x0A;skipping tests on non-Blackwell GPUs (requires sm_100/sm_104, not sm_110+)&#x0A;"><![CDATA[/opt/pytorch/nvfuser/tests/cpp/utils.h:474
skipping tests on non-Blackwell GPUs (requires sm_100/sm_104, not sm_110+)
]]></skipped>
    </testcase>
    <testcase name="MultipleTile/Blackwell1CTA_128_192_16_NT_128B_32B__half" value_param="(8-byte object &lt;10-00 C0-00 80-00 05-00&gt;, __half, 4-byte object &lt;00-00 00-00&gt;, 128B, 32B)" file="/opt/pytorch/nvfuser/tests/cpp/test_mma.cpp" line="1303" status="run" result="skipped" time="0." timestamp="2026-01-22T09:20:19.999" classname="MmaTest/Blackwell1CTAM128SS">
      <skipped message="/opt/pytorch/nvfuser/tests/cpp/utils.h:474&#x0A;skipping tests on non-Blackwell GPUs (requires sm_100/sm_104, not sm_110+)&#x0A;"><![CDATA[/opt/pytorch/nvfuser/tests/cpp/utils.h:474
skipping tests on non-Blackwell GPUs (requires sm_100/sm_104, not sm_110+)
]]></skipped>
    </testcase>
    <testcase name="MultipleTile/Blackwell1CTA_128_192_16_NN_32B_128B__half" value_param="(8-byte object &lt;10-00 C0-00 80-00 05-00&gt;, __half, 4-byte object &lt;03-00 00-00&gt;, 32B, 128B)" file="/opt/pytorch/nvfuser/tests/cpp/test_mma.cpp" line="1303" status="run" result="skipped" time="0." timestamp="2026-01-22T09:20:19.999" classname="MmaTest/Blackwell1CTAM128SS">
      <skipped message="/opt/pytorch/nvfuser/tests/cpp/utils.h:474&#x0A;skipping tests on non-Blackwell GPUs (requires sm_100/sm_104, not sm_110+)&#x0A;"><![CDATA[/opt/pytorch/nvfuser/tests/cpp/utils.h:474
skipping tests on non-Blackwell GPUs (requires sm_100/sm_104, not sm_110+)
]]></skipped>
    </testcase>
    <testcase name="MultipleTile/Blackwell1CTA_128_192_16_TT_128B_64B__bfloat" value_param="(8-byte object &lt;10-00 C0-00 80-00 05-00&gt;, __bfloat, 4-byte object &lt;01-00 00-00&gt;, 128B, 64B)" file="/opt/pytorch/nvfuser/tests/cpp/test_mma.cpp" line="1303" status="run" result="skipped" time="0." timestamp="2026-01-22T09:20:19.999" classname="MmaTest/Blackwell1CTAM128SS">
      <skipped message="/opt/pytorch/nvfuser/tests/cpp/utils.h:474&#x0A;skipping tests on non-Blackwell GPUs (requires sm_100/sm_104, not sm_110+)&#x0A;"><![CDATA[/opt/pytorch/nvfuser/tests/cpp/utils.h:474
skipping tests on non-Blackwell GPUs (requires sm_100/sm_104, not sm_110+)
]]></skipped>
    </testcase>
    <testcase name="MultipleTile/Blackwell1CTA_128_192_16_NT_NoSwizzle_128B__bfloat" value_param="(8-byte object &lt;10-00 C0-00 80-00 05-00&gt;, __bfloat, 4-byte object &lt;00-00 00-00&gt;, NoSwizzle, 128B)" file="/opt/pytorch/nvfuser/tests/cpp/test_mma.cpp" line="1303" status="run" result="skipped" time="0." timestamp="2026-01-22T09:20:19.999" classname="MmaTest/Blackwell1CTAM128SS">
      <skipped message="/opt/pytorch/nvfuser/tests/cpp/utils.h:474&#x0A;skipping tests on non-Blackwell GPUs (requires sm_100/sm_104, not sm_110+)&#x0A;"><![CDATA[/opt/pytorch/nvfuser/tests/cpp/utils.h:474
skipping tests on non-Blackwell GPUs (requires sm_100/sm_104, not sm_110+)
]]></skipped>
    </testcase>
    <testcase name="MultipleTile/Blackwell1CTA_128_208_16_TT_NoSwizzle_NoSwizzle__half" value_param="(8-byte object &lt;10-00 D0-00 80-00 05-00&gt;, __half, 4-byte object &lt;01-00 00-00&gt;, NoSwizzle, NoSwizzle)" file="/opt/pytorch/nvfuser/tests/cpp/test_mma.cpp" line="1303" status="run" result="skipped" time="0." timestamp="2026-01-22T09:20:19.999" classname="MmaTest/Blackwell1CTAM128SS">
      <skipped message="/opt/pytorch/nvfuser/tests/cpp/utils.h:474&#x0A;skipping tests on non-Blackwell GPUs (requires sm_100/sm_104, not sm_110+)&#x0A;"><![CDATA[/opt/pytorch/nvfuser/tests/cpp/utils.h:474
skipping tests on non-Blackwell GPUs (requires sm_100/sm_104, not sm_110+)
]]></skipped>
    </testcase>
    <testcase name="MultipleTile/Blackwell1CTA_128_208_16_TT_64B_NoSwizzle__half" value_param="(8-byte object &lt;10-00 D0-00 80-00 05-00&gt;, __half, 4-byte object &lt;01-00 00-00&gt;, 64B, NoSwizzle)" file="/opt/pytorch/nvfuser/tests/cpp/test_mma.cpp" line="1303" status="run" result="skipped" time="0." timestamp="2026-01-22T09:20:19.999" classname="MmaTest/Blackwell1CTAM128SS">
      <skipped message="/opt/pytorch/nvfuser/tests/cpp/utils.h:474&#x0A;skipping tests on non-Blackwell GPUs (requires sm_100/sm_104, not sm_110+)&#x0A;"><![CDATA[/opt/pytorch/nvfuser/tests/cpp/utils.h:474
skipping tests on non-Blackwell GPUs (requires sm_100/sm_104, not sm_110+)
]]></skipped>
    </testcase>
    <testcase name="MultipleTile/Blackwell1CTA_128_208_16_TN_NoSwizzle_64B__half" value_param="(8-byte object &lt;10-00 D0-00 80-00 05-00&gt;, __half, 4-byte object &lt;02-00 00-00&gt;, NoSwizzle, 64B)" file="/opt/pytorch/nvfuser/tests/cpp/test_mma.cpp" line="1303" status="run" result="skipped" time="0." timestamp="2026-01-22T09:20:19.999" classname="MmaTest/Blackwell1CTAM128SS">
      <skipped message="/opt/pytorch/nvfuser/tests/cpp/utils.h:474&#x0A;skipping tests on non-Blackwell GPUs (requires sm_100/sm_104, not sm_110+)&#x0A;"><![CDATA[/opt/pytorch/nvfuser/tests/cpp/utils.h:474
skipping tests on non-Blackwell GPUs (requires sm_100/sm_104, not sm_110+)
]]></skipped>
    </testcase>
    <testcase name="MultipleTile/Blackwell1CTA_128_208_16_NT_64B_32B__half" value_param="(8-byte object &lt;10-00 D0-00 80-00 05-00&gt;, __half, 4-byte object &lt;00-00 00-00&gt;, 64B, 32B)" file="/opt/pytorch/nvfuser/tests/cpp/test_mma.cpp" line="1303" status="run" result="skipped" time="0." timestamp="2026-01-22T09:20:19.999" classname="MmaTest/Blackwell1CTAM128SS">
      <skipped message="/opt/pytorch/nvfuser/tests/cpp/utils.h:474&#x0A;skipping tests on non-Blackwell GPUs (requires sm_100/sm_104, not sm_110+)&#x0A;"><![CDATA[/opt/pytorch/nvfuser/tests/cpp/utils.h:474
skipping tests on non-Blackwell GPUs (requires sm_100/sm_104, not sm_110+)
]]></skipped>
    </testcase>
    <testcase name="MultipleTile/Blackwell1CTA_128_208_16_TT_NoSwizzle_128B__bfloat" value_param="(8-byte object &lt;10-00 D0-00 80-00 05-00&gt;, __bfloat, 4-byte object &lt;01-00 00-00&gt;, NoSwizzle, 128B)" file="/opt/pytorch/nvfuser/tests/cpp/test_mma.cpp" line="1303" status="run" result="skipped" time="0." timestamp="2026-01-22T09:20:19.999" classname="MmaTest/Blackwell1CTAM128SS">
      <skipped message="/opt/pytorch/nvfuser/tests/cpp/utils.h:474&#x0A;skipping tests on non-Blackwell GPUs (requires sm_100/sm_104, not sm_110+)&#x0A;"><![CDATA[/opt/pytorch/nvfuser/tests/cpp/utils.h:474
skipping tests on non-Blackwell GPUs (requires sm_100/sm_104, not sm_110+)
]]></skipped>
    </testcase>
    <testcase name="MultipleTile/Blackwell1CTA_128_208_16_NT_128B_128B__bfloat" value_param="(8-byte object &lt;10-00 D0-00 80-00 05-00&gt;, __bfloat, 4-byte object &lt;00-00 00-00&gt;, 128B, 128B)" file="/opt/pytorch/nvfuser/tests/cpp/test_mma.cpp" line="1303" status="run" result="skipped" time="0." timestamp="2026-01-22T09:20:19.999" classname="MmaTest/Blackwell1CTAM128SS">
      <skipped message="/opt/pytorch/nvfuser/tests/cpp/utils.h:474&#x0A;skipping tests on non-Blackwell GPUs (requires sm_100/sm_104, not sm_110+)&#x0A;"><![CDATA[/opt/pytorch/nvfuser/tests/cpp/utils.h:474
skipping tests on non-Blackwell GPUs (requires sm_100/sm_104, not sm_110+)
]]></skipped>
    </testcase>
    <testcase name="MultipleTile/Blackwell1CTA_128_208_16_NN_32B_128B__bfloat" value_param="(8-byte object &lt;10-00 D0-00 80-00 05-00&gt;, __bfloat, 4-byte object &lt;03-00 00-00&gt;, 32B, 128B)" file="/opt/pytorch/nvfuser/tests/cpp/test_mma.cpp" line="1303" status="run" result="skipped" time="0." timestamp="2026-01-22T09:20:19.999" classname="MmaTest/Blackwell1CTAM128SS">
      <skipped message="/opt/pytorch/nvfuser/tests/cpp/utils.h:474&#x0A;skipping tests on non-Blackwell GPUs (requires sm_100/sm_104, not sm_110+)&#x0A;"><![CDATA[/opt/pytorch/nvfuser/tests/cpp/utils.h:474
skipping tests on non-Blackwell GPUs (requires sm_100/sm_104, not sm_110+)
]]></skipped>
    </testcase>
    <testcase name="MultipleTile/Blackwell1CTA_128_224_16_TT_64B_128B__half" value_param="(8-byte object &lt;10-00 E0-00 80-00 05-00&gt;, __half, 4-byte object &lt;01-00 00-00&gt;, 64B, 128B)" file="/opt/pytorch/nvfuser/tests/cpp/test_mma.cpp" line="1303" status="run" result="skipped" time="0." timestamp="2026-01-22T09:20:19.999" classname="MmaTest/Blackwell1CTAM128SS">
      <skipped message="/opt/pytorch/nvfuser/tests/cpp/utils.h:474&#x0A;skipping tests on non-Blackwell GPUs (requires sm_100/sm_104, not sm_110+)&#x0A;"><![CDATA[/opt/pytorch/nvfuser/tests/cpp/utils.h:474
skipping tests on non-Blackwell GPUs (requires sm_100/sm_104, not sm_110+)
]]></skipped>
    </testcase>
    <testcase name="MultipleTile/Blackwell1CTA_128_224_16_NT_NoSwizzle_32B__half" value_param="(8-byte object &lt;10-00 E0-00 80-00 05-00&gt;, __half, 4-byte object &lt;00-00 00-00&gt;, NoSwizzle, 32B)" file="/opt/pytorch/nvfuser/tests/cpp/test_mma.cpp" line="1303" status="run" result="skipped" time="0." timestamp="2026-01-22T09:20:19.999" classname="MmaTest/Blackwell1CTAM128SS">
      <skipped message="/opt/pytorch/nvfuser/tests/cpp/utils.h:474&#x0A;skipping tests on non-Blackwell GPUs (requires sm_100/sm_104, not sm_110+)&#x0A;"><![CDATA[/opt/pytorch/nvfuser/tests/cpp/utils.h:474
skipping tests on non-Blackwell GPUs (requires sm_100/sm_104, not sm_110+)
]]></skipped>
    </testcase>
    <testcase name="MultipleTile/Blackwell1CTA_128_224_16_TT_64B_NoSwizzle__bfloat" value_param="(8-byte object &lt;10-00 E0-00 80-00 05-00&gt;, __bfloat, 4-byte object &lt;01-00 00-00&gt;, 64B, NoSwizzle)" file="/opt/pytorch/nvfuser/tests/cpp/test_mma.cpp" line="1303" status="run" result="skipped" time="0." timestamp="2026-01-22T09:20:19.999" classname="MmaTest/Blackwell1CTAM128SS">
      <skipped message="/opt/pytorch/nvfuser/tests/cpp/utils.h:474&#x0A;skipping tests on non-Blackwell GPUs (requires sm_100/sm_104, not sm_110+)&#x0A;"><![CDATA[/opt/pytorch/nvfuser/tests/cpp/utils.h:474
skipping tests on non-Blackwell GPUs (requires sm_100/sm_104, not sm_110+)
]]></skipped>
    </testcase>
    <testcase name="MultipleTile/Blackwell1CTA_128_224_16_TN_128B_NoSwizzle__bfloat" value_param="(8-byte object &lt;10-00 E0-00 80-00 05-00&gt;, __bfloat, 4-byte object &lt;02-00 00-00&gt;, 128B, NoSwizzle)" file="/opt/pytorch/nvfuser/tests/cpp/test_mma.cpp" line="1303" status="run" result="skipped" time="0." timestamp="2026-01-22T09:20:19.999" classname="MmaTest/Blackwell1CTAM128SS">
      <skipped message="/opt/pytorch/nvfuser/tests/cpp/utils.h:474&#x0A;skipping tests on non-Blackwell GPUs (requires sm_100/sm_104, not sm_110+)&#x0A;"><![CDATA[/opt/pytorch/nvfuser/tests/cpp/utils.h:474
skipping tests on non-Blackwell GPUs (requires sm_100/sm_104, not sm_110+)
]]></skipped>
    </testcase>
    <testcase name="MultipleTile/Blackwell1CTA_128_224_16_NN_64B_128B__bfloat" value_param="(8-byte object &lt;10-00 E0-00 80-00 05-00&gt;, __bfloat, 4-byte object &lt;03-00 00-00&gt;, 64B, 128B)" file="/opt/pytorch/nvfuser/tests/cpp/test_mma.cpp" line="1303" status="run" result="skipped" time="0." timestamp="2026-01-22T09:20:19.999" classname="MmaTest/Blackwell1CTAM128SS">
      <skipped message="/opt/pytorch/nvfuser/tests/cpp/utils.h:474&#x0A;skipping tests on non-Blackwell GPUs (requires sm_100/sm_104, not sm_110+)&#x0A;"><![CDATA[/opt/pytorch/nvfuser/tests/cpp/utils.h:474
skipping tests on non-Blackwell GPUs (requires sm_100/sm_104, not sm_110+)
]]></skipped>
    </testcase>
    <testcase name="MultipleTile/Blackwell1CTA_128_240_16_TT_64B_32B__half" value_param="(8-byte object &lt;10-00 F0-00 80-00 05-00&gt;, __half, 4-byte object &lt;01-00 00-00&gt;, 64B, 32B)" file="/opt/pytorch/nvfuser/tests/cpp/test_mma.cpp" line="1303" status="run" result="skipped" time="0." timestamp="2026-01-22T09:20:19.999" classname="MmaTest/Blackwell1CTAM128SS">
      <skipped message="/opt/pytorch/nvfuser/tests/cpp/utils.h:474&#x0A;skipping tests on non-Blackwell GPUs (requires sm_100/sm_104, not sm_110+)&#x0A;"><![CDATA[/opt/pytorch/nvfuser/tests/cpp/utils.h:474
skipping tests on non-Blackwell GPUs (requires sm_100/sm_104, not sm_110+)
]]></skipped>
    </testcase>
    <testcase name="MultipleTile/Blackwell1CTA_128_240_16_NN_NoSwizzle_NoSwizzle__half" value_param="(8-byte object &lt;10-00 F0-00 80-00 05-00&gt;, __half, 4-byte object &lt;03-00 00-00&gt;, NoSwizzle, NoSwizzle)" file="/opt/pytorch/nvfuser/tests/cpp/test_mma.cpp" line="1303" status="run" result="skipped" time="0." timestamp="2026-01-22T09:20:19.999" classname="MmaTest/Blackwell1CTAM128SS">
      <skipped message="/opt/pytorch/nvfuser/tests/cpp/utils.h:474&#x0A;skipping tests on non-Blackwell GPUs (requires sm_100/sm_104, not sm_110+)&#x0A;"><![CDATA[/opt/pytorch/nvfuser/tests/cpp/utils.h:474
skipping tests on non-Blackwell GPUs (requires sm_100/sm_104, not sm_110+)
]]></skipped>
    </testcase>
    <testcase name="MultipleTile/Blackwell1CTA_128_240_16_TT_64B_128B__bfloat" value_param="(8-byte object &lt;10-00 F0-00 80-00 05-00&gt;, __bfloat, 4-byte object &lt;01-00 00-00&gt;, 64B, 128B)" file="/opt/pytorch/nvfuser/tests/cpp/test_mma.cpp" line="1303" status="run" result="skipped" time="0." timestamp="2026-01-22T09:20:19.999" classname="MmaTest/Blackwell1CTAM128SS">
      <skipped message="/opt/pytorch/nvfuser/tests/cpp/utils.h:474&#x0A;skipping tests on non-Blackwell GPUs (requires sm_100/sm_104, not sm_110+)&#x0A;"><![CDATA[/opt/pytorch/nvfuser/tests/cpp/utils.h:474
skipping tests on non-Blackwell GPUs (requires sm_100/sm_104, not sm_110+)
]]></skipped>
    </testcase>
    <testcase name="MultipleTile/Blackwell1CTA_128_240_16_TN_32B_NoSwizzle__bfloat" value_param="(8-byte object &lt;10-00 F0-00 80-00 05-00&gt;, __bfloat, 4-byte object &lt;02-00 00-00&gt;, 32B, NoSwizzle)" file="/opt/pytorch/nvfuser/tests/cpp/test_mma.cpp" line="1303" status="run" result="skipped" time="0." timestamp="2026-01-22T09:20:19.999" classname="MmaTest/Blackwell1CTAM128SS">
      <skipped message="/opt/pytorch/nvfuser/tests/cpp/utils.h:474&#x0A;skipping tests on non-Blackwell GPUs (requires sm_100/sm_104, not sm_110+)&#x0A;"><![CDATA[/opt/pytorch/nvfuser/tests/cpp/utils.h:474
skipping tests on non-Blackwell GPUs (requires sm_100/sm_104, not sm_110+)
]]></skipped>
    </testcase>
    <testcase name="MultipleTile/Blackwell1CTA_128_240_16_NN_NoSwizzle_128B__bfloat" value_param="(8-byte object &lt;10-00 F0-00 80-00 05-00&gt;, __bfloat, 4-byte object &lt;03-00 00-00&gt;, NoSwizzle, 128B)" file="/opt/pytorch/nvfuser/tests/cpp/test_mma.cpp" line="1303" status="run" result="skipped" time="0." timestamp="2026-01-22T09:20:19.999" classname="MmaTest/Blackwell1CTAM128SS">
      <skipped message="/opt/pytorch/nvfuser/tests/cpp/utils.h:474&#x0A;skipping tests on non-Blackwell GPUs (requires sm_100/sm_104, not sm_110+)&#x0A;"><![CDATA[/opt/pytorch/nvfuser/tests/cpp/utils.h:474
skipping tests on non-Blackwell GPUs (requires sm_100/sm_104, not sm_110+)
]]></skipped>
    </testcase>
    <testcase name="MultipleTile/Blackwell1CTA_128_256_16_TN_NoSwizzle_128B__half" value_param="(8-byte object &lt;10-00 00-01 80-00 05-00&gt;, __half, 4-byte object &lt;02-00 00-00&gt;, NoSwizzle, 128B)" file="/opt/pytorch/nvfuser/tests/cpp/test_mma.cpp" line="1303" status="run" result="skipped" time="0." timestamp="2026-01-22T09:20:19.999" classname="MmaTest/Blackwell1CTAM128SS">
      <skipped message="/opt/pytorch/nvfuser/tests/cpp/utils.h:474&#x0A;skipping tests on non-Blackwell GPUs (requires sm_100/sm_104, not sm_110+)&#x0A;"><![CDATA[/opt/pytorch/nvfuser/tests/cpp/utils.h:474
skipping tests on non-Blackwell GPUs (requires sm_100/sm_104, not sm_110+)
]]></skipped>
    </testcase>
    <testcase name="MultipleTile/Blackwell1CTA_128_256_16_TT_NoSwizzle_64B__bfloat" value_param="(8-byte object &lt;10-00 00-01 80-00 05-00&gt;, __bfloat, 4-byte object &lt;01-00 00-00&gt;, NoSwizzle, 64B)" file="/opt/pytorch/nvfuser/tests/cpp/test_mma.cpp" line="1303" status="run" result="skipped" time="0." timestamp="2026-01-22T09:20:19.999" classname="MmaTest/Blackwell1CTAM128SS">
      <skipped message="/opt/pytorch/nvfuser/tests/cpp/utils.h:474&#x0A;skipping tests on non-Blackwell GPUs (requires sm_100/sm_104, not sm_110+)&#x0A;"><![CDATA[/opt/pytorch/nvfuser/tests/cpp/utils.h:474
skipping tests on non-Blackwell GPUs (requires sm_100/sm_104, not sm_110+)
]]></skipped>
    </testcase>
    <testcase name="MultipleTile/Blackwell1CTA_128_256_16_TN_NoSwizzle_32B__bfloat" value_param="(8-byte object &lt;10-00 00-01 80-00 05-00&gt;, __bfloat, 4-byte object &lt;02-00 00-00&gt;, NoSwizzle, 32B)" file="/opt/pytorch/nvfuser/tests/cpp/test_mma.cpp" line="1303" status="run" result="skipped" time="0." timestamp="2026-01-22T09:20:19.999" classname="MmaTest/Blackwell1CTAM128SS">
      <skipped message="/opt/pytorch/nvfuser/tests/cpp/utils.h:474&#x0A;skipping tests on non-Blackwell GPUs (requires sm_100/sm_104, not sm_110+)&#x0A;"><![CDATA[/opt/pytorch/nvfuser/tests/cpp/utils.h:474
skipping tests on non-Blackwell GPUs (requires sm_100/sm_104, not sm_110+)
]]></skipped>
    </testcase>
    <testcase name="MultipleTile/Blackwell1CTA_128_256_16_NT_64B_128B__bfloat" value_param="(8-byte object &lt;10-00 00-01 80-00 05-00&gt;, __bfloat, 4-byte object &lt;00-00 00-00&gt;, 64B, 128B)" file="/opt/pytorch/nvfuser/tests/cpp/test_mma.cpp" line="1303" status="run" result="skipped" time="0." timestamp="2026-01-22T09:20:19.999" classname="MmaTest/Blackwell1CTAM128SS">
      <skipped message="/opt/pytorch/nvfuser/tests/cpp/utils.h:474&#x0A;skipping tests on non-Blackwell GPUs (requires sm_100/sm_104, not sm_110+)&#x0A;"><![CDATA[/opt/pytorch/nvfuser/tests/cpp/utils.h:474
skipping tests on non-Blackwell GPUs (requires sm_100/sm_104, not sm_110+)
]]></skipped>
    </testcase>
  </testsuite>
</testsuites>
